2015-09-04 @ 11:55:16  Starting Duo ETL Json Stack Collector.....
2015-09-04 @ 11:55:16  

2015-09-04 @ 11:55:16  

2015-09-04 @ 11:55:16  ______             _____ _____ _           ____ 
2015-09-04 @ 11:55:16  |  _  \           |  ___|_   _| |         / ___|
2015-09-04 @ 11:55:16  | | | |_   _  ___ | |__   | | | |  __   _/ /___ 
2015-09-04 @ 11:55:16  | | | | | | |/ _ \|  __|  | | | |  \ \ / / ___ \
2015-09-04 @ 11:55:16  | |/ /| |_| | (_) | |___  | | | |___\ V /| \_/ |
2015-09-04 @ 11:55:16  |___/  \__,_|\___/\____/  \_/ \_____/\_/ \_____/
2015-09-04 @ 11:55:16  

2015-09-04 @ 11:55:16  

2015-09-04 @ 11:55:16  Successfully registered in CEB
2015-09-04 @ 11:55:16  Duo ETL Service Configuration Successfully Loaded...
2015-09-04 @ 11:55:16  Starting Duo ETL Object Collector Endpoint....
2015-09-04 @ 11:56:37  Saving INSERT Doc :com.ddd.com class : asdf
2015-09-04 @ 11:56:37  Saving INSERT Doc :com.ddd.com class : asdf
2015-09-04 @ 11:56:37  Saving UPDATE Doc :com.ddd.com class : asdf
2015-09-04 @ 11:56:37  Saving UPDATE Doc :com.ddd.com class : asdf
2015-09-04 @ 11:56:37  Saving DELETE Doc :com.ddd.com class : asdf
2015-09-04 @ 11:56:37  Saving DELETE Doc :com.ddd.com class : asdf
2015-09-04 @ 11:58:52  Starting Duo ETL Json Stack Collector.....
2015-09-04 @ 11:58:52  

2015-09-04 @ 11:58:52  

2015-09-04 @ 11:58:52  ______             _____ _____ _           ____ 
2015-09-04 @ 11:58:52  |  _  \           |  ___|_   _| |         / ___|
2015-09-04 @ 11:58:52  | | | |_   _  ___ | |__   | | | |  __   _/ /___ 
2015-09-04 @ 11:58:52  | | | | | | |/ _ \|  __|  | | | |  \ \ / / ___ \
2015-09-04 @ 11:58:52  | |/ /| |_| | (_) | |___  | | | |___\ V /| \_/ |
2015-09-04 @ 11:58:52  |___/  \__,_|\___/\____/  \_/ \_____/\_/ \_____/
2015-09-04 @ 11:58:52  

2015-09-04 @ 11:58:52  

2015-09-04 @ 11:58:52  Successfully registered in CEB
2015-09-04 @ 11:58:52  Duo ETL Service Configuration Successfully Loaded...
2015-09-04 @ 11:58:52  Starting Duo ETL Object Collector Endpoint....
2015-09-04 @ 11:59:13  Saving INSERT Doc :com.ddd.com class : asdf
2015-09-04 @ 11:59:13  Saving INSERT Doc :com.ddd.com class : asdf
2015-09-04 @ 11:59:13  Saving UPDATE Doc :com.ddd.com class : asdf
2015-09-04 @ 11:59:13  Saving UPDATE Doc :com.ddd.com class : asdf
2015-09-04 @ 11:59:13  Saving DELETE Doc :com.ddd.com class : asdf
2015-09-04 @ 11:59:13  Saving DELETE Doc :com.ddd.com class : asdf
