2015-09-02 @ 12:35:53  Starting Json Stack Server for Duo V6.....
2015-09-02 @ 12:35:53  

2015-09-02 @ 12:35:53  

2015-09-02 @ 12:35:53  ______               ___                  _____ _             _ 
2015-09-02 @ 12:35:53  |  _  \             |_  |                /  ___| |           | |   
2015-09-02 @ 12:35:53  | | | |_   _  ___     | | ___  ___  _ __ \ `--.| |_ __ _  ___| | __
2015-09-02 @ 12:35:53  | | | | | | |/ _ \    | |/ __|/ _ \| '_ \ `--. \ __/ _` |/ __| |/ /
2015-09-02 @ 12:35:53  | |/ /| |_| | (_) /\__/ /\__ \ (_) | | | /\__/ / || (_| | (__|   < 
2015-09-02 @ 12:35:53  |___/  \__,_|\___/\____/ |___/\___/|_| |_\____/ \__\__,_|\___|_|\_\
2015-09-02 @ 12:35:53  

2015-09-02 @ 12:35:53  

2015-09-02 @ 12:35:53  ETL Host : 127.0.0.1:7000
2015-09-02 @ 12:35:53  Executing Stack Transfer @ 2015-9-2  12:35:53
2015-09-02 @ 12:35:53  Abstract File Name : 2015-9-1-16-30-51.txt
2015-09-02 @ 12:35:53  Creating : JsonStack/Old/POST/2015-9-1-16-30-51.txt
2015-09-02 @ 12:35:53  Deleting : JsonStack\New\POST\2015-9-1-16-30-51.txt
2015-09-02 @ 12:35:53  Abstract File Name : 2015-9-1-16-31-0.txt
2015-09-02 @ 12:35:53  Creating : JsonStack/Old/POST/2015-9-1-16-31-0.txt
2015-09-02 @ 12:35:53  Deleting : JsonStack\New\POST\2015-9-1-16-31-0.txt
2015-09-02 @ 12:35:53  Abstract File Name : 2015-9-1-16-31-10.txt
2015-09-02 @ 12:35:53  Creating : JsonStack/Old/PUT/2015-9-1-16-31-10.txt
2015-09-02 @ 12:35:53  Deleting : JsonStack\New\PUT\2015-9-1-16-31-10.txt
2015-09-02 @ 12:35:53  Abstract File Name : 2015-9-1-16-31-25.txt
2015-09-02 @ 12:35:53  Creating : JsonStack/Old/PUT/2015-9-1-16-31-25.txt
2015-09-02 @ 12:35:53  Deleting : JsonStack\New\PUT\2015-9-1-16-31-25.txt
2015-09-02 @ 12:35:53  Abstract File Name : 2015-9-1-16-31-17.txt
2015-09-02 @ 12:35:53  Creating : JsonStack/Old/DELETE/2015-9-1-16-31-17.txt
2015-09-02 @ 12:35:53  Deleting : JsonStack\New\DELETE\2015-9-1-16-31-17.txt
2015-09-02 @ 12:35:53  Abstract File Name : 2015-9-1-16-31-29.txt
2015-09-02 @ 12:35:53  Creating : JsonStack/Old/DELETE/2015-9-1-16-31-29.txt
2015-09-02 @ 12:35:53  Deleting : JsonStack\New\DELETE\2015-9-1-16-31-29.txt
2015-09-02 @ 12:35:53  Transfer Cycle Completed!
2015-09-02 @ 12:38:53  Executing Stack Transfer @ 2015-9-2  12:38:53
2015-09-02 @ 12:38:53  No new POST Objects Found!
2015-09-02 @ 12:38:53  No new PUT Objects Found!
2015-09-02 @ 12:38:53  No new DELETE Objects Found!
2015-09-02 @ 12:38:53  Transfer Cycle Completed!
2015-09-02 @ 12:41:53  Executing Stack Transfer @ 2015-9-2  12:41:53
2015-09-02 @ 12:41:53  No new POST Objects Found!
2015-09-02 @ 12:41:53  No new PUT Objects Found!
2015-09-02 @ 12:41:53  No new DELETE Objects Found!
2015-09-02 @ 12:41:53  Transfer Cycle Completed!
2015-09-02 @ 12:44:53  Executing Stack Transfer @ 2015-9-2  12:44:53
2015-09-02 @ 12:44:53  No new POST Objects Found!
2015-09-02 @ 12:44:53  No new PUT Objects Found!
2015-09-02 @ 12:44:53  No new DELETE Objects Found!
2015-09-02 @ 12:44:53  Transfer Cycle Completed!
2015-09-02 @ 12:47:53  Executing Stack Transfer @ 2015-9-2  12:47:53
2015-09-02 @ 12:47:53  No new POST Objects Found!
2015-09-02 @ 12:47:53  No new PUT Objects Found!
2015-09-02 @ 12:47:53  No new DELETE Objects Found!
2015-09-02 @ 12:47:53  Transfer Cycle Completed!
2015-09-02 @ 12:50:53  Executing Stack Transfer @ 2015-9-2  12:50:53
2015-09-02 @ 12:50:53  No new POST Objects Found!
2015-09-02 @ 12:50:53  No new PUT Objects Found!
2015-09-02 @ 12:50:53  No new DELETE Objects Found!
2015-09-02 @ 12:50:53  Transfer Cycle Completed!
2015-09-02 @ 12:53:53  Executing Stack Transfer @ 2015-9-2  12:53:53
2015-09-02 @ 12:53:53  No new POST Objects Found!
2015-09-02 @ 12:53:53  No new PUT Objects Found!
2015-09-02 @ 12:53:53  No new DELETE Objects Found!
2015-09-02 @ 12:53:53  Transfer Cycle Completed!
2015-09-02 @ 12:56:53  Executing Stack Transfer @ 2015-9-2  12:56:53
2015-09-02 @ 12:56:53  No new POST Objects Found!
2015-09-02 @ 12:56:53  No new PUT Objects Found!
2015-09-02 @ 12:56:53  No new DELETE Objects Found!
2015-09-02 @ 12:56:53  Transfer Cycle Completed!
2015-09-02 @ 12:59:53  Executing Stack Transfer @ 2015-9-2  12:59:53
2015-09-02 @ 12:59:53  No new POST Objects Found!
2015-09-02 @ 12:59:53  No new PUT Objects Found!
2015-09-02 @ 12:59:53  No new DELETE Objects Found!
2015-09-02 @ 12:59:53  Transfer Cycle Completed!
2015-09-02 @ 13:02:53  Executing Stack Transfer @ 2015-9-2  13:2:53
2015-09-02 @ 13:02:53  No new POST Objects Found!
2015-09-02 @ 13:02:53  No new PUT Objects Found!
2015-09-02 @ 13:02:53  No new DELETE Objects Found!
2015-09-02 @ 13:02:53  Transfer Cycle Completed!
2015-09-02 @ 13:05:53  Executing Stack Transfer @ 2015-9-2  13:5:53
2015-09-02 @ 13:05:53  No new POST Objects Found!
2015-09-02 @ 13:05:53  No new PUT Objects Found!
2015-09-02 @ 13:05:53  No new DELETE Objects Found!
2015-09-02 @ 13:05:53  Transfer Cycle Completed!
2015-09-02 @ 13:08:53  Executing Stack Transfer @ 2015-9-2  13:8:53
2015-09-02 @ 13:08:53  No new POST Objects Found!
2015-09-02 @ 13:08:53  No new PUT Objects Found!
2015-09-02 @ 13:08:53  No new DELETE Objects Found!
2015-09-02 @ 13:08:53  Transfer Cycle Completed!
2015-09-02 @ 13:11:53  Executing Stack Transfer @ 2015-9-2  13:11:53
2015-09-02 @ 13:11:53  No new POST Objects Found!
2015-09-02 @ 13:11:53  No new PUT Objects Found!
2015-09-02 @ 13:11:53  No new DELETE Objects Found!
2015-09-02 @ 13:11:53  Transfer Cycle Completed!
2015-09-02 @ 13:14:53  Executing Stack Transfer @ 2015-9-2  13:14:53
2015-09-02 @ 13:14:53  No new POST Objects Found!
2015-09-02 @ 13:14:53  No new PUT Objects Found!
2015-09-02 @ 13:14:53  No new DELETE Objects Found!
2015-09-02 @ 13:14:53  Transfer Cycle Completed!
2015-09-02 @ 13:19:00  Starting Json Stack Server for Duo V6.....
2015-09-02 @ 13:19:00  

2015-09-02 @ 13:19:00  

2015-09-02 @ 13:19:00  ______               ___                  _____ _             _ 
2015-09-02 @ 13:19:00  |  _  \             |_  |                /  ___| |           | |   
2015-09-02 @ 13:19:00  | | | |_   _  ___     | | ___  ___  _ __ \ `--.| |_ __ _  ___| | __
2015-09-02 @ 13:19:00  | | | | | | |/ _ \    | |/ __|/ _ \| '_ \ `--. \ __/ _` |/ __| |/ /
2015-09-02 @ 13:19:00  | |/ /| |_| | (_) /\__/ /\__ \ (_) | | | /\__/ / || (_| | (__|   < 
2015-09-02 @ 13:19:00  |___/  \__,_|\___/\____/ |___/\___/|_| |_\____/ \__\__,_|\___|_|\_\
2015-09-02 @ 13:19:00  

2015-09-02 @ 13:19:00  

2015-09-02 @ 13:19:00  ETL Host : 127.0.0.1:7000
2015-09-02 @ 13:19:00  Executing Stack Transfer @ 2015-9-2  13:19:0
2015-09-02 @ 13:19:00  No new POST Objects Found!
2015-09-02 @ 13:19:00  No new PUT Objects Found!
2015-09-02 @ 13:19:00  No new DELETE Objects Found!
2015-09-02 @ 13:19:00  Transfer Cycle Completed!
2015-09-02 @ 13:19:46  Starting Json Stack Server for Duo V6.....
2015-09-02 @ 13:19:46  

2015-09-02 @ 13:19:46  

2015-09-02 @ 13:19:46  ______               ___                  _____ _             _ 
2015-09-02 @ 13:19:46  |  _  \             |_  |                /  ___| |           | |   
2015-09-02 @ 13:19:46  | | | |_   _  ___     | | ___  ___  _ __ \ `--.| |_ __ _  ___| | __
2015-09-02 @ 13:19:46  | | | | | | |/ _ \    | |/ __|/ _ \| '_ \ `--. \ __/ _` |/ __| |/ /
2015-09-02 @ 13:19:46  | |/ /| |_| | (_) /\__/ /\__ \ (_) | | | /\__/ / || (_| | (__|   < 
2015-09-02 @ 13:19:46  |___/  \__,_|\___/\____/ |___/\___/|_| |_\____/ \__\__,_|\___|_|\_\
2015-09-02 @ 13:19:46  

2015-09-02 @ 13:19:46  

2015-09-02 @ 13:19:46  ETL Host : 127.0.0.1:7000
2015-09-02 @ 13:19:46  Executing Stack Transfer @ 2015-9-2  13:19:46
2015-09-02 @ 13:19:47  Post http://127.0.0.1:7000/etlservice/inserts: dial tcp 127.0.0.1:7000: ConnectEx tcp: No connection could be made because the target machine actively refused it.
2015-09-02 @ 13:20:49  Starting Json Stack Server for Duo V6.....
2015-09-02 @ 13:20:49  

2015-09-02 @ 13:20:49  

2015-09-02 @ 13:20:49  ______               ___                  _____ _             _ 
2015-09-02 @ 13:20:49  |  _  \             |_  |                /  ___| |           | |   
2015-09-02 @ 13:20:49  | | | |_   _  ___     | | ___  ___  _ __ \ `--.| |_ __ _  ___| | __
2015-09-02 @ 13:20:49  | | | | | | |/ _ \    | |/ __|/ _ \| '_ \ `--. \ __/ _` |/ __| |/ /
2015-09-02 @ 13:20:49  | |/ /| |_| | (_) /\__/ /\__ \ (_) | | | /\__/ / || (_| | (__|   < 
2015-09-02 @ 13:20:49  |___/  \__,_|\___/\____/ |___/\___/|_| |_\____/ \__\__,_|\___|_|\_\
2015-09-02 @ 13:20:49  

2015-09-02 @ 13:20:49  

2015-09-02 @ 13:20:49  ETL Host : 127.0.0.1:7000
2015-09-02 @ 13:20:49  Executing Stack Transfer @ 2015-9-2  13:20:49
2015-09-02 @ 13:20:49  Abstract File Name : 2015-9-1-16-30-51.txt
2015-09-02 @ 13:20:49  Creating : JsonStack/Old/POST/2015-9-1-16-30-51.txt
2015-09-02 @ 13:20:49  Deleting : JsonStack\New\POST\2015-9-1-16-30-51.txt
2015-09-02 @ 13:20:49  Abstract File Name : 2015-9-1-16-31-0.txt
2015-09-02 @ 13:20:49  Creating : JsonStack/Old/POST/2015-9-1-16-31-0.txt
2015-09-02 @ 13:20:49  Deleting : JsonStack\New\POST\2015-9-1-16-31-0.txt
2015-09-02 @ 13:20:49  Abstract File Name : 2015-9-1-16-31-10.txt
2015-09-02 @ 13:20:49  Creating : JsonStack/Old/PUT/2015-9-1-16-31-10.txt
2015-09-02 @ 13:20:49  Deleting : JsonStack\New\PUT\2015-9-1-16-31-10.txt
2015-09-02 @ 13:20:49  Abstract File Name : 2015-9-1-16-31-25.txt
2015-09-02 @ 13:20:49  Creating : JsonStack/Old/PUT/2015-9-1-16-31-25.txt
2015-09-02 @ 13:20:49  Deleting : JsonStack\New\PUT\2015-9-1-16-31-25.txt
2015-09-02 @ 13:20:49  Abstract File Name : 2015-9-1-16-31-17.txt
2015-09-02 @ 13:20:49  Creating : JsonStack/Old/DELETE/2015-9-1-16-31-17.txt
2015-09-02 @ 13:20:49  Deleting : JsonStack\New\DELETE\2015-9-1-16-31-17.txt
2015-09-02 @ 13:20:49  Abstract File Name : 2015-9-1-16-31-29.txt
2015-09-02 @ 13:20:49  Creating : JsonStack/Old/DELETE/2015-9-1-16-31-29.txt
2015-09-02 @ 13:20:49  Deleting : JsonStack\New\DELETE\2015-9-1-16-31-29.txt
2015-09-02 @ 13:20:49  Transfer Cycle Completed!
2015-09-02 @ 13:23:49  Executing Stack Transfer @ 2015-9-2  13:23:49
2015-09-02 @ 13:23:49  No new POST Objects Found!
2015-09-02 @ 13:23:49  No new PUT Objects Found!
2015-09-02 @ 13:23:49  No new DELETE Objects Found!
2015-09-02 @ 13:23:49  Transfer Cycle Completed!
2015-09-03 @ 11:49:01  Starting Json Stack Server for Duo V6.....
2015-09-03 @ 11:49:01  

2015-09-03 @ 11:49:01  

2015-09-03 @ 11:49:01  ______               ___                  _____ _             _ 
2015-09-03 @ 11:49:01  |  _  \             |_  |                /  ___| |           | |   
2015-09-03 @ 11:49:01  | | | |_   _  ___     | | ___  ___  _ __ \ `--.| |_ __ _  ___| | __
2015-09-03 @ 11:49:01  | | | | | | |/ _ \    | |/ __|/ _ \| '_ \ `--. \ __/ _` |/ __| |/ /
2015-09-03 @ 11:49:01  | |/ /| |_| | (_) /\__/ /\__ \ (_) | | | /\__/ / || (_| | (__|   < 
2015-09-03 @ 11:49:01  |___/  \__,_|\___/\____/ |___/\___/|_| |_\____/ \__\__,_|\___|_|\_\
2015-09-03 @ 11:49:01  

2015-09-03 @ 11:49:01  

2015-09-03 @ 11:49:01  ETL Host : 127.0.0.1:7000
2015-09-03 @ 11:49:01  Executing Stack Transfer @ 2015-9-3  11:49:1
2015-09-03 @ 11:49:01  Abstract File Name : 2015-9-1-16-30-51.txt
2015-09-03 @ 11:49:01  Creating : JsonStack/Old/POST/2015-9-1-16-30-51.txt
2015-09-03 @ 11:49:01  Deleting : JsonStack\New\POST\2015-9-1-16-30-51.txt
2015-09-03 @ 11:49:01  Abstract File Name : 2015-9-1-16-31-0.txt
2015-09-03 @ 11:49:01  Creating : JsonStack/Old/POST/2015-9-1-16-31-0.txt
2015-09-03 @ 11:49:01  Deleting : JsonStack\New\POST\2015-9-1-16-31-0.txt
2015-09-03 @ 11:49:01  Abstract File Name : 2015-9-1-16-31-10.txt
2015-09-03 @ 11:49:01  Creating : JsonStack/Old/PUT/2015-9-1-16-31-10.txt
2015-09-03 @ 11:49:01  Deleting : JsonStack\New\PUT\2015-9-1-16-31-10.txt
2015-09-03 @ 11:49:01  Abstract File Name : 2015-9-1-16-31-25.txt
2015-09-03 @ 11:49:01  Creating : JsonStack/Old/PUT/2015-9-1-16-31-25.txt
2015-09-03 @ 11:49:01  Deleting : JsonStack\New\PUT\2015-9-1-16-31-25.txt
2015-09-03 @ 11:49:01  Abstract File Name : 2015-9-1-16-31-17.txt
2015-09-03 @ 11:49:01  Creating : JsonStack/Old/DELETE/2015-9-1-16-31-17.txt
2015-09-03 @ 11:49:01  Deleting : JsonStack\New\DELETE\2015-9-1-16-31-17.txt
2015-09-03 @ 11:49:01  Abstract File Name : 2015-9-1-16-31-29.txt
2015-09-03 @ 11:49:01  Creating : JsonStack/Old/DELETE/2015-9-1-16-31-29.txt
2015-09-03 @ 11:49:01  Deleting : JsonStack\New\DELETE\2015-9-1-16-31-29.txt
2015-09-03 @ 11:49:01  Transfer Cycle Completed!
2015-09-03 @ 11:49:35  Starting Json Stack Server for Duo V6.....
2015-09-03 @ 11:49:35  

2015-09-03 @ 11:49:35  

2015-09-03 @ 11:49:35  ______               ___                  _____ _             _ 
2015-09-03 @ 11:49:35  |  _  \             |_  |                /  ___| |           | |   
2015-09-03 @ 11:49:35  | | | |_   _  ___     | | ___  ___  _ __ \ `--.| |_ __ _  ___| | __
2015-09-03 @ 11:49:35  | | | | | | |/ _ \    | |/ __|/ _ \| '_ \ `--. \ __/ _` |/ __| |/ /
2015-09-03 @ 11:49:35  | |/ /| |_| | (_) /\__/ /\__ \ (_) | | | /\__/ / || (_| | (__|   < 
2015-09-03 @ 11:49:35  |___/  \__,_|\___/\____/ |___/\___/|_| |_\____/ \__\__,_|\___|_|\_\
2015-09-03 @ 11:49:35  

2015-09-03 @ 11:49:35  

2015-09-03 @ 11:49:35  ETL Host : 127.0.0.1:7000
2015-09-03 @ 11:49:35  Executing Stack Transfer @ 2015-9-3  11:49:35
2015-09-03 @ 11:49:35  Successfully transferred one INSERT object to ETL interface!
2015-09-03 @ 11:49:35  Abstract File Name : 2015-9-1-16-30-51.txt
2015-09-03 @ 11:49:35  Creating : JsonStack/Old/POST/2015-9-1-16-30-51.txt
2015-09-03 @ 11:49:35  Deleting : JsonStack\New\POST\2015-9-1-16-30-51.txt
2015-09-03 @ 11:49:35  Successfully transferred one INSERT object to ETL interface!
2015-09-03 @ 11:49:35  Abstract File Name : 2015-9-1-16-31-0.txt
2015-09-03 @ 11:49:35  Creating : JsonStack/Old/POST/2015-9-1-16-31-0.txt
2015-09-03 @ 11:49:35  Deleting : JsonStack\New\POST\2015-9-1-16-31-0.txt
2015-09-03 @ 11:49:35  Successfully transferred one UPDATE object to ETL interface!
2015-09-03 @ 11:49:35  Abstract File Name : 2015-9-1-16-31-10.txt
2015-09-03 @ 11:49:35  Creating : JsonStack/Old/PUT/2015-9-1-16-31-10.txt
2015-09-03 @ 11:49:35  Deleting : JsonStack\New\PUT\2015-9-1-16-31-10.txt
2015-09-03 @ 11:49:35  Successfully transferred one UPDATE object to ETL interface!
2015-09-03 @ 11:49:35  Abstract File Name : 2015-9-1-16-31-25.txt
2015-09-03 @ 11:49:35  Creating : JsonStack/Old/PUT/2015-9-1-16-31-25.txt
2015-09-03 @ 11:49:35  Deleting : JsonStack\New\PUT\2015-9-1-16-31-25.txt
2015-09-03 @ 11:49:35  Successfully transferred one DELETE object to ETL interface!
2015-09-03 @ 11:49:35  Abstract File Name : 2015-9-1-16-31-17.txt
2015-09-03 @ 11:49:35  Creating : JsonStack/Old/DELETE/2015-9-1-16-31-17.txt
2015-09-03 @ 11:49:35  Deleting : JsonStack\New\DELETE\2015-9-1-16-31-17.txt
2015-09-03 @ 11:49:35  Successfully transferred one DELETE object to ETL interface!
2015-09-03 @ 11:49:35  Abstract File Name : 2015-9-1-16-31-29.txt
2015-09-03 @ 11:49:35  Creating : JsonStack/Old/DELETE/2015-9-1-16-31-29.txt
2015-09-03 @ 11:49:35  Deleting : JsonStack\New\DELETE\2015-9-1-16-31-29.txt
2015-09-03 @ 11:49:35  Transfer Cycle Completed!
2015-09-03 @ 12:20:34  Starting Json Stack Server for Duo V6.....
2015-09-03 @ 12:20:34  

2015-09-03 @ 12:20:34  

2015-09-03 @ 12:20:34  ______               ___                  _____ _             _ 
2015-09-03 @ 12:20:34  |  _  \             |_  |                /  ___| |           | |   
2015-09-03 @ 12:20:34  | | | |_   _  ___     | | ___  ___  _ __ \ `--.| |_ __ _  ___| | __
2015-09-03 @ 12:20:34  | | | | | | |/ _ \    | |/ __|/ _ \| '_ \ `--. \ __/ _` |/ __| |/ /
2015-09-03 @ 12:20:34  | |/ /| |_| | (_) /\__/ /\__ \ (_) | | | /\__/ / || (_| | (__|   < 
2015-09-03 @ 12:20:34  |___/  \__,_|\___/\____/ |___/\___/|_| |_\____/ \__\__,_|\___|_|\_\
2015-09-03 @ 12:20:34  

2015-09-03 @ 12:20:34  

2015-09-03 @ 12:20:34  ETL Host : 127.0.0.1:7000
2015-09-03 @ 12:20:34  Executing Stack Transfer @ 2015-9-3  12:20:34
2015-09-03 @ 12:20:35  Post http://127.0.0.1:7000/etlservice/inserts: dial tcp 127.0.0.1:7000: ConnectEx tcp: No connection could be made because the target machine actively refused it.
2015-09-03 @ 12:21:02  Starting Json Stack Server for Duo V6.....
2015-09-03 @ 12:21:02  

2015-09-03 @ 12:21:02  

2015-09-03 @ 12:21:02  ______               ___                  _____ _             _ 
2015-09-03 @ 12:21:02  |  _  \             |_  |                /  ___| |           | |   
2015-09-03 @ 12:21:02  | | | |_   _  ___     | | ___  ___  _ __ \ `--.| |_ __ _  ___| | __
2015-09-03 @ 12:21:02  | | | | | | |/ _ \    | |/ __|/ _ \| '_ \ `--. \ __/ _` |/ __| |/ /
2015-09-03 @ 12:21:02  | |/ /| |_| | (_) /\__/ /\__ \ (_) | | | /\__/ / || (_| | (__|   < 
2015-09-03 @ 12:21:02  |___/  \__,_|\___/\____/ |___/\___/|_| |_\____/ \__\__,_|\___|_|\_\
2015-09-03 @ 12:21:02  

2015-09-03 @ 12:21:02  

2015-09-03 @ 12:21:02  ETL Host : 127.0.0.1:7000
2015-09-03 @ 12:21:02  Executing Stack Transfer @ 2015-9-3  12:21:2
2015-09-03 @ 12:21:02  Successfully transferred one INSERT object to ETL interface!
2015-09-03 @ 12:21:02  Abstract File Name : com.ddd.com-asdf-{D5922A61-5207-11E5-BEE8-A39BA07AD6F6}.txt
2015-09-03 @ 12:21:02  Creating : JsonStack/Old/POST/com.ddd.com-asdf-{D5922A61-5207-11E5-BEE8-A39BA07AD6F6}.txt
2015-09-03 @ 12:21:02  Deleting : JsonStack\New\POST\com.ddd.com-asdf-{D5922A61-5207-11E5-BEE8-A39BA07AD6F6}.txt
2015-09-03 @ 12:21:02  Successfully transferred one INSERT object to ETL interface!
2015-09-03 @ 12:21:02  Abstract File Name : com.ddd.com-asdf-{F7552BB7-5207-11E5-B9A3-A39BA07AD6F6}.txt
2015-09-03 @ 12:21:02  Creating : JsonStack/Old/POST/com.ddd.com-asdf-{F7552BB7-5207-11E5-B9A3-A39BA07AD6F6}.txt
2015-09-03 @ 12:21:02  Deleting : JsonStack\New\POST\com.ddd.com-asdf-{F7552BB7-5207-11E5-B9A3-A39BA07AD6F6}.txt
2015-09-03 @ 12:21:02  Successfully transferred one UPDATE object to ETL interface!
2015-09-03 @ 12:21:02  Abstract File Name : com.ddd.com-asdf-{E3F7B178-5207-11E5-8E5B-A39BA07AD6F6}.txt
2015-09-03 @ 12:21:02  Creating : JsonStack/Old/PUT/com.ddd.com-asdf-{E3F7B178-5207-11E5-8E5B-A39BA07AD6F6}.txt
2015-09-03 @ 12:21:02  Deleting : JsonStack\New\PUT\com.ddd.com-asdf-{E3F7B178-5207-11E5-8E5B-A39BA07AD6F6}.txt
2015-09-03 @ 12:21:02  Successfully transferred one UPDATE object to ETL interface!
2015-09-03 @ 12:21:02  Abstract File Name : com.ddd.com-asdf-{FA1ED7D9-5207-11E5-8C4B-A39BA07AD6F6}.txt
2015-09-03 @ 12:21:02  Creating : JsonStack/Old/PUT/com.ddd.com-asdf-{FA1ED7D9-5207-11E5-8C4B-A39BA07AD6F6}.txt
2015-09-03 @ 12:21:02  Deleting : JsonStack\New\PUT\com.ddd.com-asdf-{FA1ED7D9-5207-11E5-8C4B-A39BA07AD6F6}.txt
2015-09-03 @ 12:21:02  Successfully transferred one DELETE object to ETL interface!
2015-09-03 @ 12:21:02  Abstract File Name : com.ddd.com-asdf-{E68E28C6-5207-11E5-BEE8-A39BA07AD6F6}.txt
2015-09-03 @ 12:21:02  Creating : JsonStack/Old/DELETE/com.ddd.com-asdf-{E68E28C6-5207-11E5-BEE8-A39BA07AD6F6}.txt
2015-09-03 @ 12:21:02  Deleting : JsonStack\New\DELETE\com.ddd.com-asdf-{E68E28C6-5207-11E5-BEE8-A39BA07AD6F6}.txt
2015-09-03 @ 12:21:02  Successfully transferred one DELETE object to ETL interface!
2015-09-03 @ 12:21:02  Abstract File Name : com.ddd.com-asdf-{FC5E6975-5207-11E5-90FB-A39BA07AD6F6}.txt
2015-09-03 @ 12:21:02  Creating : JsonStack/Old/DELETE/com.ddd.com-asdf-{FC5E6975-5207-11E5-90FB-A39BA07AD6F6}.txt
2015-09-03 @ 12:21:02  Deleting : JsonStack\New\DELETE\com.ddd.com-asdf-{FC5E6975-5207-11E5-90FB-A39BA07AD6F6}.txt
2015-09-03 @ 12:21:02  Transfer Cycle Completed!
2015-09-03 @ 12:22:39  Starting Json Stack Server for Duo V6.....
2015-09-03 @ 12:22:39  

2015-09-03 @ 12:22:39  

2015-09-03 @ 12:22:39  ______               ___                  _____ _             _ 
2015-09-03 @ 12:22:39  |  _  \             |_  |                /  ___| |           | |   
2015-09-03 @ 12:22:39  | | | |_   _  ___     | | ___  ___  _ __ \ `--.| |_ __ _  ___| | __
2015-09-03 @ 12:22:39  | | | | | | |/ _ \    | |/ __|/ _ \| '_ \ `--. \ __/ _` |/ __| |/ /
2015-09-03 @ 12:22:39  | |/ /| |_| | (_) /\__/ /\__ \ (_) | | | /\__/ / || (_| | (__|   < 
2015-09-03 @ 12:22:39  |___/  \__,_|\___/\____/ |___/\___/|_| |_\____/ \__\__,_|\___|_|\_\
2015-09-03 @ 12:22:39  

2015-09-03 @ 12:22:39  

2015-09-03 @ 12:22:39  ETL Host : 127.0.0.1:7000
2015-09-03 @ 12:22:39  Executing Stack Transfer @ 2015-9-3  12:22:39
2015-09-03 @ 12:22:39  Successfully transferred one INSERT object to ETL interface!
2015-09-03 @ 12:22:39  Abstract File Name : com.ddd.com-asdf-{D5922A61-5207-11E5-BEE8-A39BA07AD6F6}.txt
2015-09-03 @ 12:22:39  Abstract File Name : JsonStack/Old/POST/com.ddd.com-asdf-{D5922A61-5207-11E5-BEE8-A39BA07AD6F6}.txt
2015-09-03 @ 12:22:39  Creating : JsonStack/Old/POST/com.ddd.com-asdf-{D5922A61-5207-11E5-BEE8-A39BA07AD6F6}.txt
2015-09-03 @ 12:22:39  Abstract File Name : com.ddd.com-asdf-{D5922A61-5207-11E5-BEE8-A39BA07AD6F6}.txt
2015-09-03 @ 12:22:39  Deleting : com.ddd.com-asdf-{D5922A61-5207-11E5-BEE8-A39BA07AD6F6}.txt
2015-09-03 @ 12:22:40  Successfully transferred one INSERT object to ETL interface!
2015-09-03 @ 12:22:40  Abstract File Name : com.ddd.com-asdf-{F7552BB7-5207-11E5-B9A3-A39BA07AD6F6}.txt
2015-09-03 @ 12:22:40  Abstract File Name : JsonStack/Old/POST/com.ddd.com-asdf-{F7552BB7-5207-11E5-B9A3-A39BA07AD6F6}.txt
2015-09-03 @ 12:22:40  Creating : JsonStack/Old/POST/com.ddd.com-asdf-{F7552BB7-5207-11E5-B9A3-A39BA07AD6F6}.txt
2015-09-03 @ 12:22:40  Abstract File Name : com.ddd.com-asdf-{F7552BB7-5207-11E5-B9A3-A39BA07AD6F6}.txt
2015-09-03 @ 12:22:40  Deleting : com.ddd.com-asdf-{F7552BB7-5207-11E5-B9A3-A39BA07AD6F6}.txt
2015-09-03 @ 12:22:40  Successfully transferred one UPDATE object to ETL interface!
2015-09-03 @ 12:22:40  Abstract File Name : com.ddd.com-asdf-{E3F7B178-5207-11E5-8E5B-A39BA07AD6F6}.txt
2015-09-03 @ 12:22:40  Abstract File Name : JsonStack/Old/PUT/com.ddd.com-asdf-{E3F7B178-5207-11E5-8E5B-A39BA07AD6F6}.txt
2015-09-03 @ 12:22:40  Creating : JsonStack/Old/PUT/com.ddd.com-asdf-{E3F7B178-5207-11E5-8E5B-A39BA07AD6F6}.txt
2015-09-03 @ 12:22:40  Abstract File Name : com.ddd.com-asdf-{E3F7B178-5207-11E5-8E5B-A39BA07AD6F6}.txt
2015-09-03 @ 12:22:40  Deleting : com.ddd.com-asdf-{E3F7B178-5207-11E5-8E5B-A39BA07AD6F6}.txt
2015-09-03 @ 12:22:40  Successfully transferred one UPDATE object to ETL interface!
2015-09-03 @ 12:22:40  Abstract File Name : com.ddd.com-asdf-{FA1ED7D9-5207-11E5-8C4B-A39BA07AD6F6}.txt
2015-09-03 @ 12:22:40  Abstract File Name : JsonStack/Old/PUT/com.ddd.com-asdf-{FA1ED7D9-5207-11E5-8C4B-A39BA07AD6F6}.txt
2015-09-03 @ 12:22:40  Creating : JsonStack/Old/PUT/com.ddd.com-asdf-{FA1ED7D9-5207-11E5-8C4B-A39BA07AD6F6}.txt
2015-09-03 @ 12:22:40  Abstract File Name : com.ddd.com-asdf-{FA1ED7D9-5207-11E5-8C4B-A39BA07AD6F6}.txt
2015-09-03 @ 12:22:40  Deleting : com.ddd.com-asdf-{FA1ED7D9-5207-11E5-8C4B-A39BA07AD6F6}.txt
2015-09-03 @ 12:22:40  Successfully transferred one DELETE object to ETL interface!
2015-09-03 @ 12:22:40  Abstract File Name : com.ddd.com-asdf-{E68E28C6-5207-11E5-BEE8-A39BA07AD6F6}.txt
2015-09-03 @ 12:22:40  Abstract File Name : JsonStack/Old/DELETE/com.ddd.com-asdf-{E68E28C6-5207-11E5-BEE8-A39BA07AD6F6}.txt
2015-09-03 @ 12:22:40  Creating : JsonStack/Old/DELETE/com.ddd.com-asdf-{E68E28C6-5207-11E5-BEE8-A39BA07AD6F6}.txt
2015-09-03 @ 12:22:40  Abstract File Name : com.ddd.com-asdf-{E68E28C6-5207-11E5-BEE8-A39BA07AD6F6}.txt
2015-09-03 @ 12:22:40  Deleting : com.ddd.com-asdf-{E68E28C6-5207-11E5-BEE8-A39BA07AD6F6}.txt
2015-09-03 @ 12:22:40  Successfully transferred one DELETE object to ETL interface!
2015-09-03 @ 12:22:40  Abstract File Name : com.ddd.com-asdf-{FC5E6975-5207-11E5-90FB-A39BA07AD6F6}.txt
2015-09-03 @ 12:22:40  Abstract File Name : JsonStack/Old/DELETE/com.ddd.com-asdf-{FC5E6975-5207-11E5-90FB-A39BA07AD6F6}.txt
2015-09-03 @ 12:22:40  Creating : JsonStack/Old/DELETE/com.ddd.com-asdf-{FC5E6975-5207-11E5-90FB-A39BA07AD6F6}.txt
2015-09-03 @ 12:22:40  Abstract File Name : com.ddd.com-asdf-{FC5E6975-5207-11E5-90FB-A39BA07AD6F6}.txt
2015-09-03 @ 12:22:40  Deleting : com.ddd.com-asdf-{FC5E6975-5207-11E5-90FB-A39BA07AD6F6}.txt
2015-09-03 @ 12:22:40  Transfer Cycle Completed!
2015-09-03 @ 12:30:55  Starting Json Stack Server for Duo V6.....
2015-09-03 @ 12:30:55  

2015-09-03 @ 12:30:55  

2015-09-03 @ 12:30:55  ______               ___                  _____ _             _ 
2015-09-03 @ 12:30:55  |  _  \             |_  |                /  ___| |           | |   
2015-09-03 @ 12:30:55  | | | |_   _  ___     | | ___  ___  _ __ \ `--.| |_ __ _  ___| | __
2015-09-03 @ 12:30:55  | | | | | | |/ _ \    | |/ __|/ _ \| '_ \ `--. \ __/ _` |/ __| |/ /
2015-09-03 @ 12:30:55  | |/ /| |_| | (_) /\__/ /\__ \ (_) | | | /\__/ / || (_| | (__|   < 
2015-09-03 @ 12:30:55  |___/  \__,_|\___/\____/ |___/\___/|_| |_\____/ \__\__,_|\___|_|\_\
2015-09-03 @ 12:30:55  

2015-09-03 @ 12:30:55  

2015-09-03 @ 12:30:55  ETL Host : 127.0.0.1:7000
2015-09-03 @ 12:30:55  Executing Stack Transfer @ 2015-9-3  12:30:55
2015-09-03 @ 12:30:55  Abstract File Name : com.ddd.com-asdf-{D5922A61-5207-11E5-BEE8-A39BA07AD6F6}.txt
2015-09-03 @ 12:30:55  Successfully transferred one INSERT object to ETL interface!
2015-09-03 @ 12:30:55  Abstract File Name : com.ddd.com-asdf-{D5922A61-5207-11E5-BEE8-A39BA07AD6F6}.txt
2015-09-03 @ 12:30:55  Abstract File Name : JsonStack/Old/POST/com.ddd.com-asdf-{D5922A61-5207-11E5-BEE8-A39BA07AD6F6}.txt
2015-09-03 @ 12:30:55  Creating : JsonStack/Old/POST/com.ddd.com-asdf-{D5922A61-5207-11E5-BEE8-A39BA07AD6F6}.txt
2015-09-03 @ 12:30:55  Abstract File Name : com.ddd.com-asdf-{D5922A61-5207-11E5-BEE8-A39BA07AD6F6}.txt
2015-09-03 @ 12:30:55  Deleting : com.ddd.com-asdf-{D5922A61-5207-11E5-BEE8-A39BA07AD6F6}.txt
2015-09-03 @ 12:30:55  Abstract File Name : com.ddd.com-asdf-{F7552BB7-5207-11E5-B9A3-A39BA07AD6F6}.txt
2015-09-03 @ 12:30:55  Successfully transferred one INSERT object to ETL interface!
2015-09-03 @ 12:30:55  Abstract File Name : com.ddd.com-asdf-{F7552BB7-5207-11E5-B9A3-A39BA07AD6F6}.txt
2015-09-03 @ 12:30:55  Abstract File Name : JsonStack/Old/POST/com.ddd.com-asdf-{F7552BB7-5207-11E5-B9A3-A39BA07AD6F6}.txt
2015-09-03 @ 12:30:55  Creating : JsonStack/Old/POST/com.ddd.com-asdf-{F7552BB7-5207-11E5-B9A3-A39BA07AD6F6}.txt
2015-09-03 @ 12:30:55  Abstract File Name : com.ddd.com-asdf-{F7552BB7-5207-11E5-B9A3-A39BA07AD6F6}.txt
2015-09-03 @ 12:30:55  Deleting : com.ddd.com-asdf-{F7552BB7-5207-11E5-B9A3-A39BA07AD6F6}.txt
2015-09-03 @ 12:30:55  Abstract File Name : com.ddd.com-asdf-{E3F7B178-5207-11E5-8E5B-A39BA07AD6F6}.txt
2015-09-03 @ 12:30:55  Successfully transferred one UPDATE object to ETL interface!
2015-09-03 @ 12:30:55  Abstract File Name : com.ddd.com-asdf-{E3F7B178-5207-11E5-8E5B-A39BA07AD6F6}.txt
2015-09-03 @ 12:30:55  Abstract File Name : JsonStack/Old/PUT/com.ddd.com-asdf-{E3F7B178-5207-11E5-8E5B-A39BA07AD6F6}.txt
2015-09-03 @ 12:30:55  Creating : JsonStack/Old/PUT/com.ddd.com-asdf-{E3F7B178-5207-11E5-8E5B-A39BA07AD6F6}.txt
2015-09-03 @ 12:30:55  Abstract File Name : com.ddd.com-asdf-{E3F7B178-5207-11E5-8E5B-A39BA07AD6F6}.txt
2015-09-03 @ 12:30:55  Deleting : com.ddd.com-asdf-{E3F7B178-5207-11E5-8E5B-A39BA07AD6F6}.txt
2015-09-03 @ 12:30:55  Abstract File Name : com.ddd.com-asdf-{FA1ED7D9-5207-11E5-8C4B-A39BA07AD6F6}.txt
2015-09-03 @ 12:30:55  Successfully transferred one UPDATE object to ETL interface!
2015-09-03 @ 12:30:55  Abstract File Name : com.ddd.com-asdf-{FA1ED7D9-5207-11E5-8C4B-A39BA07AD6F6}.txt
2015-09-03 @ 12:30:55  Abstract File Name : JsonStack/Old/PUT/com.ddd.com-asdf-{FA1ED7D9-5207-11E5-8C4B-A39BA07AD6F6}.txt
2015-09-03 @ 12:30:55  Creating : JsonStack/Old/PUT/com.ddd.com-asdf-{FA1ED7D9-5207-11E5-8C4B-A39BA07AD6F6}.txt
2015-09-03 @ 12:30:55  Abstract File Name : com.ddd.com-asdf-{FA1ED7D9-5207-11E5-8C4B-A39BA07AD6F6}.txt
2015-09-03 @ 12:30:55  Deleting : com.ddd.com-asdf-{FA1ED7D9-5207-11E5-8C4B-A39BA07AD6F6}.txt
2015-09-03 @ 12:30:55  Abstract File Name : com.ddd.com-asdf-{E68E28C6-5207-11E5-BEE8-A39BA07AD6F6}.txt
2015-09-03 @ 12:30:55  Successfully transferred one DELETE object to ETL interface!
2015-09-03 @ 12:30:55  Abstract File Name : com.ddd.com-asdf-{E68E28C6-5207-11E5-BEE8-A39BA07AD6F6}.txt
2015-09-03 @ 12:30:55  Abstract File Name : JsonStack/Old/DELETE/com.ddd.com-asdf-{E68E28C6-5207-11E5-BEE8-A39BA07AD6F6}.txt
2015-09-03 @ 12:30:55  Creating : JsonStack/Old/DELETE/com.ddd.com-asdf-{E68E28C6-5207-11E5-BEE8-A39BA07AD6F6}.txt
2015-09-03 @ 12:30:55  Abstract File Name : com.ddd.com-asdf-{E68E28C6-5207-11E5-BEE8-A39BA07AD6F6}.txt
2015-09-03 @ 12:30:55  Deleting : com.ddd.com-asdf-{E68E28C6-5207-11E5-BEE8-A39BA07AD6F6}.txt
2015-09-03 @ 12:30:55  Abstract File Name : com.ddd.com-asdf-{FC5E6975-5207-11E5-90FB-A39BA07AD6F6}.txt
2015-09-03 @ 12:30:55  Successfully transferred one DELETE object to ETL interface!
2015-09-03 @ 12:30:55  Abstract File Name : com.ddd.com-asdf-{FC5E6975-5207-11E5-90FB-A39BA07AD6F6}.txt
2015-09-03 @ 12:30:55  Abstract File Name : JsonStack/Old/DELETE/com.ddd.com-asdf-{FC5E6975-5207-11E5-90FB-A39BA07AD6F6}.txt
2015-09-03 @ 12:30:55  Creating : JsonStack/Old/DELETE/com.ddd.com-asdf-{FC5E6975-5207-11E5-90FB-A39BA07AD6F6}.txt
2015-09-03 @ 12:30:55  Abstract File Name : com.ddd.com-asdf-{FC5E6975-5207-11E5-90FB-A39BA07AD6F6}.txt
2015-09-03 @ 12:30:55  Deleting : com.ddd.com-asdf-{FC5E6975-5207-11E5-90FB-A39BA07AD6F6}.txt
2015-09-03 @ 12:30:55  Transfer Cycle Completed!
2015-09-03 @ 12:33:55  Executing Stack Transfer @ 2015-9-3  12:33:55
2015-09-03 @ 12:33:55  No new POST Objects Found!
2015-09-03 @ 12:33:55  No new PUT Objects Found!
2015-09-03 @ 12:33:55  No new DELETE Objects Found!
2015-09-03 @ 12:33:55  Transfer Cycle Completed!
2015-09-03 @ 12:36:55  Executing Stack Transfer @ 2015-9-3  12:36:55
2015-09-03 @ 12:36:55  No new POST Objects Found!
2015-09-03 @ 12:36:55  No new PUT Objects Found!
2015-09-03 @ 12:36:55  No new DELETE Objects Found!
2015-09-03 @ 12:36:55  Transfer Cycle Completed!
2015-09-03 @ 12:39:55  Executing Stack Transfer @ 2015-9-3  12:39:55
2015-09-03 @ 12:39:55  No new POST Objects Found!
2015-09-03 @ 12:39:55  No new PUT Objects Found!
2015-09-03 @ 12:39:55  No new DELETE Objects Found!
2015-09-03 @ 12:39:55  Transfer Cycle Completed!
2015-09-03 @ 12:42:55  Executing Stack Transfer @ 2015-9-3  12:42:55
2015-09-03 @ 12:42:55  Abstract File Name : com.ddd.com-asdf-{D5922A61-5207-11E5-BEE8-A39BA07AD6F6}.txt
2015-09-03 @ 12:42:55  Successfully transferred one INSERT object to ETL interface!
2015-09-03 @ 12:42:55  Abstract File Name : com.ddd.com-asdf-{D5922A61-5207-11E5-BEE8-A39BA07AD6F6}.txt
2015-09-03 @ 12:42:55  Abstract File Name : JsonStack/Old/POST/com.ddd.com-asdf-{D5922A61-5207-11E5-BEE8-A39BA07AD6F6}.txt
2015-09-03 @ 12:42:55  Creating : JsonStack/Old/POST/com.ddd.com-asdf-{D5922A61-5207-11E5-BEE8-A39BA07AD6F6}.txt
2015-09-03 @ 12:42:55  Abstract File Name : com.ddd.com-asdf-{D5922A61-5207-11E5-BEE8-A39BA07AD6F6}.txt
2015-09-03 @ 12:42:55  Deleting : com.ddd.com-asdf-{D5922A61-5207-11E5-BEE8-A39BA07AD6F6}.txt
2015-09-03 @ 12:42:55  Abstract File Name : com.ddd.com-asdf-{F7552BB7-5207-11E5-B9A3-A39BA07AD6F6}.txt
2015-09-03 @ 12:42:55  Successfully transferred one INSERT object to ETL interface!
2015-09-03 @ 12:42:55  Abstract File Name : com.ddd.com-asdf-{F7552BB7-5207-11E5-B9A3-A39BA07AD6F6}.txt
2015-09-03 @ 12:42:55  Abstract File Name : JsonStack/Old/POST/com.ddd.com-asdf-{F7552BB7-5207-11E5-B9A3-A39BA07AD6F6}.txt
2015-09-03 @ 12:42:55  Creating : JsonStack/Old/POST/com.ddd.com-asdf-{F7552BB7-5207-11E5-B9A3-A39BA07AD6F6}.txt
2015-09-03 @ 12:42:55  Abstract File Name : com.ddd.com-asdf-{F7552BB7-5207-11E5-B9A3-A39BA07AD6F6}.txt
2015-09-03 @ 12:42:55  Deleting : com.ddd.com-asdf-{F7552BB7-5207-11E5-B9A3-A39BA07AD6F6}.txt
2015-09-03 @ 12:42:55  Abstract File Name : com.ddd.com-asdf-{E3F7B178-5207-11E5-8E5B-A39BA07AD6F6}.txt
2015-09-03 @ 12:42:55  Successfully transferred one UPDATE object to ETL interface!
2015-09-03 @ 12:42:55  Abstract File Name : com.ddd.com-asdf-{E3F7B178-5207-11E5-8E5B-A39BA07AD6F6}.txt
2015-09-03 @ 12:42:55  Abstract File Name : JsonStack/Old/PUT/com.ddd.com-asdf-{E3F7B178-5207-11E5-8E5B-A39BA07AD6F6}.txt
2015-09-03 @ 12:42:55  Creating : JsonStack/Old/PUT/com.ddd.com-asdf-{E3F7B178-5207-11E5-8E5B-A39BA07AD6F6}.txt
2015-09-03 @ 12:42:55  Abstract File Name : com.ddd.com-asdf-{E3F7B178-5207-11E5-8E5B-A39BA07AD6F6}.txt
2015-09-03 @ 12:42:55  Deleting : com.ddd.com-asdf-{E3F7B178-5207-11E5-8E5B-A39BA07AD6F6}.txt
2015-09-03 @ 12:42:55  Abstract File Name : com.ddd.com-asdf-{FA1ED7D9-5207-11E5-8C4B-A39BA07AD6F6}.txt
2015-09-03 @ 12:42:55  Successfully transferred one UPDATE object to ETL interface!
2015-09-03 @ 12:42:55  Abstract File Name : com.ddd.com-asdf-{FA1ED7D9-5207-11E5-8C4B-A39BA07AD6F6}.txt
2015-09-03 @ 12:42:55  Abstract File Name : JsonStack/Old/PUT/com.ddd.com-asdf-{FA1ED7D9-5207-11E5-8C4B-A39BA07AD6F6}.txt
2015-09-03 @ 12:42:55  Creating : JsonStack/Old/PUT/com.ddd.com-asdf-{FA1ED7D9-5207-11E5-8C4B-A39BA07AD6F6}.txt
2015-09-03 @ 12:42:55  Abstract File Name : com.ddd.com-asdf-{FA1ED7D9-5207-11E5-8C4B-A39BA07AD6F6}.txt
2015-09-03 @ 12:42:55  Deleting : com.ddd.com-asdf-{FA1ED7D9-5207-11E5-8C4B-A39BA07AD6F6}.txt
2015-09-03 @ 12:42:55  Abstract File Name : com.ddd.com-asdf-{E68E28C6-5207-11E5-BEE8-A39BA07AD6F6}.txt
2015-09-03 @ 12:42:55  Successfully transferred one DELETE object to ETL interface!
2015-09-03 @ 12:42:55  Abstract File Name : com.ddd.com-asdf-{E68E28C6-5207-11E5-BEE8-A39BA07AD6F6}.txt
2015-09-03 @ 12:42:55  Abstract File Name : JsonStack/Old/DELETE/com.ddd.com-asdf-{E68E28C6-5207-11E5-BEE8-A39BA07AD6F6}.txt
2015-09-03 @ 12:42:55  Creating : JsonStack/Old/DELETE/com.ddd.com-asdf-{E68E28C6-5207-11E5-BEE8-A39BA07AD6F6}.txt
2015-09-03 @ 12:42:55  Abstract File Name : com.ddd.com-asdf-{E68E28C6-5207-11E5-BEE8-A39BA07AD6F6}.txt
2015-09-03 @ 12:42:55  Deleting : com.ddd.com-asdf-{E68E28C6-5207-11E5-BEE8-A39BA07AD6F6}.txt
2015-09-03 @ 12:42:55  Abstract File Name : com.ddd.com-asdf-{FC5E6975-5207-11E5-90FB-A39BA07AD6F6}.txt
2015-09-03 @ 12:42:55  Successfully transferred one DELETE object to ETL interface!
2015-09-03 @ 12:42:55  Abstract File Name : com.ddd.com-asdf-{FC5E6975-5207-11E5-90FB-A39BA07AD6F6}.txt
2015-09-03 @ 12:42:55  Abstract File Name : JsonStack/Old/DELETE/com.ddd.com-asdf-{FC5E6975-5207-11E5-90FB-A39BA07AD6F6}.txt
2015-09-03 @ 12:42:55  Creating : JsonStack/Old/DELETE/com.ddd.com-asdf-{FC5E6975-5207-11E5-90FB-A39BA07AD6F6}.txt
2015-09-03 @ 12:42:55  Abstract File Name : com.ddd.com-asdf-{FC5E6975-5207-11E5-90FB-A39BA07AD6F6}.txt
2015-09-03 @ 12:42:55  Deleting : com.ddd.com-asdf-{FC5E6975-5207-11E5-90FB-A39BA07AD6F6}.txt
2015-09-03 @ 12:42:55  Transfer Cycle Completed!
2015-09-03 @ 12:45:55  Executing Stack Transfer @ 2015-9-3  12:45:55
2015-09-03 @ 12:45:55  No new POST Objects Found!
2015-09-03 @ 12:45:55  No new PUT Objects Found!
2015-09-03 @ 12:45:55  No new DELETE Objects Found!
2015-09-03 @ 12:45:55  Transfer Cycle Completed!
2015-09-03 @ 12:48:55  Executing Stack Transfer @ 2015-9-3  12:48:55
2015-09-03 @ 12:48:55  No new POST Objects Found!
2015-09-03 @ 12:48:55  No new PUT Objects Found!
2015-09-03 @ 12:48:55  No new DELETE Objects Found!
2015-09-03 @ 12:48:55  Transfer Cycle Completed!
2015-09-03 @ 12:51:55  Executing Stack Transfer @ 2015-9-3  12:51:55
2015-09-03 @ 12:51:55  No new POST Objects Found!
2015-09-03 @ 12:51:55  No new PUT Objects Found!
2015-09-03 @ 12:51:55  No new DELETE Objects Found!
2015-09-03 @ 12:51:55  Transfer Cycle Completed!
2015-09-03 @ 12:54:55  Executing Stack Transfer @ 2015-9-3  12:54:55
2015-09-03 @ 12:54:55  No new POST Objects Found!
2015-09-03 @ 12:54:55  No new PUT Objects Found!
2015-09-03 @ 12:54:55  No new DELETE Objects Found!
2015-09-03 @ 12:54:55  Transfer Cycle Completed!
2015-09-03 @ 12:57:55  Executing Stack Transfer @ 2015-9-3  12:57:55
2015-09-03 @ 12:57:55  No new POST Objects Found!
2015-09-03 @ 12:57:55  No new PUT Objects Found!
2015-09-03 @ 12:57:55  No new DELETE Objects Found!
2015-09-03 @ 12:57:55  Transfer Cycle Completed!
2015-09-03 @ 13:00:55  Executing Stack Transfer @ 2015-9-3  13:0:55
2015-09-03 @ 13:00:55  No new POST Objects Found!
2015-09-03 @ 13:00:55  No new PUT Objects Found!
2015-09-03 @ 13:00:55  No new DELETE Objects Found!
2015-09-03 @ 13:00:55  Transfer Cycle Completed!
2015-09-03 @ 13:03:55  Executing Stack Transfer @ 2015-9-3  13:3:55
2015-09-03 @ 13:03:55  No new POST Objects Found!
2015-09-03 @ 13:03:55  No new PUT Objects Found!
2015-09-03 @ 13:03:55  No new DELETE Objects Found!
2015-09-03 @ 13:03:55  Transfer Cycle Completed!
2015-09-03 @ 13:06:55  Executing Stack Transfer @ 2015-9-3  13:6:55
2015-09-03 @ 13:06:55  No new POST Objects Found!
2015-09-03 @ 13:06:55  No new PUT Objects Found!
2015-09-03 @ 13:06:55  No new DELETE Objects Found!
2015-09-03 @ 13:06:55  Transfer Cycle Completed!
2015-09-03 @ 13:09:55  Executing Stack Transfer @ 2015-9-3  13:9:55
2015-09-03 @ 13:09:55  No new POST Objects Found!
2015-09-03 @ 13:09:55  No new PUT Objects Found!
2015-09-03 @ 13:09:55  No new DELETE Objects Found!
2015-09-03 @ 13:09:55  Transfer Cycle Completed!
2015-09-03 @ 13:12:55  Executing Stack Transfer @ 2015-9-3  13:12:55
2015-09-03 @ 13:12:55  No new POST Objects Found!
2015-09-03 @ 13:12:55  No new PUT Objects Found!
2015-09-03 @ 13:12:55  No new DELETE Objects Found!
2015-09-03 @ 13:12:55  Transfer Cycle Completed!
2015-09-03 @ 13:15:55  Executing Stack Transfer @ 2015-9-3  13:15:55
2015-09-03 @ 13:15:55  No new POST Objects Found!
2015-09-03 @ 13:15:55  No new PUT Objects Found!
2015-09-03 @ 13:15:55  No new DELETE Objects Found!
2015-09-03 @ 13:15:55  Transfer Cycle Completed!
2015-09-03 @ 13:18:55  Executing Stack Transfer @ 2015-9-3  13:18:55
2015-09-03 @ 13:18:55  No new POST Objects Found!
2015-09-03 @ 13:18:55  No new PUT Objects Found!
2015-09-03 @ 13:18:55  No new DELETE Objects Found!
2015-09-03 @ 13:18:55  Transfer Cycle Completed!
2015-09-03 @ 13:21:55  Executing Stack Transfer @ 2015-9-3  13:21:55
2015-09-03 @ 13:21:55  No new POST Objects Found!
2015-09-03 @ 13:21:55  No new PUT Objects Found!
2015-09-03 @ 13:21:55  No new DELETE Objects Found!
2015-09-03 @ 13:21:55  Transfer Cycle Completed!
2015-09-03 @ 13:24:55  Executing Stack Transfer @ 2015-9-3  13:24:55
2015-09-03 @ 13:24:55  No new POST Objects Found!
2015-09-03 @ 13:24:55  No new PUT Objects Found!
2015-09-03 @ 13:24:55  No new DELETE Objects Found!
2015-09-03 @ 13:24:55  Transfer Cycle Completed!
2015-09-03 @ 13:27:55  Executing Stack Transfer @ 2015-9-3  13:27:55
2015-09-03 @ 13:27:55  No new POST Objects Found!
2015-09-03 @ 13:27:55  No new PUT Objects Found!
2015-09-03 @ 13:27:55  No new DELETE Objects Found!
2015-09-03 @ 13:27:55  Transfer Cycle Completed!
2015-09-03 @ 13:30:55  Executing Stack Transfer @ 2015-9-3  13:30:55
2015-09-03 @ 13:30:55  No new POST Objects Found!
2015-09-03 @ 13:30:55  No new PUT Objects Found!
2015-09-03 @ 13:30:55  No new DELETE Objects Found!
2015-09-03 @ 13:30:55  Transfer Cycle Completed!
2015-09-03 @ 13:33:55  Executing Stack Transfer @ 2015-9-3  13:33:55
2015-09-03 @ 13:33:55  No new POST Objects Found!
2015-09-03 @ 13:33:55  No new PUT Objects Found!
2015-09-03 @ 13:33:55  No new DELETE Objects Found!
2015-09-03 @ 13:33:55  Transfer Cycle Completed!
2015-09-03 @ 13:36:55  Executing Stack Transfer @ 2015-9-3  13:36:55
2015-09-03 @ 13:36:55  No new POST Objects Found!
2015-09-03 @ 13:36:55  No new PUT Objects Found!
2015-09-03 @ 13:36:55  No new DELETE Objects Found!
2015-09-03 @ 13:36:55  Transfer Cycle Completed!
2015-09-03 @ 13:39:55  Executing Stack Transfer @ 2015-9-3  13:39:55
2015-09-03 @ 13:39:55  No new POST Objects Found!
2015-09-03 @ 13:39:55  No new PUT Objects Found!
2015-09-03 @ 13:39:55  No new DELETE Objects Found!
2015-09-03 @ 13:39:55  Transfer Cycle Completed!
2015-09-03 @ 13:42:55  Executing Stack Transfer @ 2015-9-3  13:42:55
2015-09-03 @ 13:42:55  No new POST Objects Found!
2015-09-03 @ 13:42:55  No new PUT Objects Found!
2015-09-03 @ 13:42:55  No new DELETE Objects Found!
2015-09-03 @ 13:42:55  Transfer Cycle Completed!
2015-09-03 @ 13:45:55  Executing Stack Transfer @ 2015-9-3  13:45:55
2015-09-03 @ 13:45:55  No new POST Objects Found!
2015-09-03 @ 13:45:55  No new PUT Objects Found!
2015-09-03 @ 13:45:55  No new DELETE Objects Found!
2015-09-03 @ 13:45:55  Transfer Cycle Completed!
2015-09-03 @ 13:48:55  Executing Stack Transfer @ 2015-9-3  13:48:55
2015-09-03 @ 13:48:55  No new POST Objects Found!
2015-09-03 @ 13:48:55  No new PUT Objects Found!
2015-09-03 @ 13:48:55  No new DELETE Objects Found!
2015-09-03 @ 13:48:55  Transfer Cycle Completed!
2015-09-03 @ 13:51:55  Executing Stack Transfer @ 2015-9-3  13:51:55
2015-09-03 @ 13:51:55  No new POST Objects Found!
2015-09-03 @ 13:51:55  No new PUT Objects Found!
2015-09-03 @ 13:51:55  No new DELETE Objects Found!
2015-09-03 @ 13:51:55  Transfer Cycle Completed!
2015-09-03 @ 13:54:55  Executing Stack Transfer @ 2015-9-3  13:54:55
2015-09-03 @ 13:54:55  No new POST Objects Found!
2015-09-03 @ 13:54:55  No new PUT Objects Found!
2015-09-03 @ 13:54:55  No new DELETE Objects Found!
2015-09-03 @ 13:54:55  Transfer Cycle Completed!
2015-09-03 @ 13:57:55  Executing Stack Transfer @ 2015-9-3  13:57:55
2015-09-03 @ 13:57:55  No new POST Objects Found!
2015-09-03 @ 13:57:55  No new PUT Objects Found!
2015-09-03 @ 13:57:55  No new DELETE Objects Found!
2015-09-03 @ 13:57:55  Transfer Cycle Completed!
2015-09-03 @ 14:00:55  Executing Stack Transfer @ 2015-9-3  14:0:55
2015-09-03 @ 14:00:55  No new POST Objects Found!
2015-09-03 @ 14:00:55  No new PUT Objects Found!
2015-09-03 @ 14:00:55  No new DELETE Objects Found!
2015-09-03 @ 14:00:55  Transfer Cycle Completed!
2015-09-03 @ 14:03:55  Executing Stack Transfer @ 2015-9-3  14:3:55
2015-09-03 @ 14:03:55  No new POST Objects Found!
2015-09-03 @ 14:03:55  No new PUT Objects Found!
2015-09-03 @ 14:03:55  No new DELETE Objects Found!
2015-09-03 @ 14:03:55  Transfer Cycle Completed!
2015-09-03 @ 14:06:55  Executing Stack Transfer @ 2015-9-3  14:6:55
2015-09-03 @ 14:06:55  No new POST Objects Found!
2015-09-03 @ 14:06:55  No new PUT Objects Found!
2015-09-03 @ 14:06:55  No new DELETE Objects Found!
2015-09-03 @ 14:06:55  Transfer Cycle Completed!
2015-09-03 @ 14:09:55  Executing Stack Transfer @ 2015-9-3  14:9:55
2015-09-03 @ 14:09:55  No new POST Objects Found!
2015-09-03 @ 14:09:55  No new PUT Objects Found!
2015-09-03 @ 14:09:55  No new DELETE Objects Found!
2015-09-03 @ 14:09:55  Transfer Cycle Completed!
2015-09-03 @ 14:12:55  Executing Stack Transfer @ 2015-9-3  14:12:55
2015-09-03 @ 14:12:55  No new POST Objects Found!
2015-09-03 @ 14:12:55  No new PUT Objects Found!
2015-09-03 @ 14:12:55  No new DELETE Objects Found!
2015-09-03 @ 14:12:55  Transfer Cycle Completed!
2015-09-03 @ 14:15:55  Executing Stack Transfer @ 2015-9-3  14:15:55
2015-09-03 @ 14:15:55  No new POST Objects Found!
2015-09-03 @ 14:15:55  No new PUT Objects Found!
2015-09-03 @ 14:15:55  No new DELETE Objects Found!
2015-09-03 @ 14:15:55  Transfer Cycle Completed!
2015-09-03 @ 14:18:55  Executing Stack Transfer @ 2015-9-3  14:18:55
2015-09-03 @ 14:18:55  No new POST Objects Found!
2015-09-03 @ 14:18:55  No new PUT Objects Found!
2015-09-03 @ 14:18:55  No new DELETE Objects Found!
2015-09-03 @ 14:18:55  Transfer Cycle Completed!
2015-09-03 @ 14:21:55  Executing Stack Transfer @ 2015-9-3  14:21:55
2015-09-03 @ 14:21:55  No new POST Objects Found!
2015-09-03 @ 14:21:55  No new PUT Objects Found!
2015-09-03 @ 14:21:55  No new DELETE Objects Found!
2015-09-03 @ 14:21:55  Transfer Cycle Completed!
2015-09-03 @ 14:24:55  Executing Stack Transfer @ 2015-9-3  14:24:55
2015-09-03 @ 14:24:55  No new POST Objects Found!
2015-09-03 @ 14:24:55  No new PUT Objects Found!
2015-09-03 @ 14:24:55  No new DELETE Objects Found!
2015-09-03 @ 14:24:55  Transfer Cycle Completed!
2015-09-03 @ 14:27:55  Executing Stack Transfer @ 2015-9-3  14:27:55
2015-09-03 @ 14:27:55  No new POST Objects Found!
2015-09-03 @ 14:27:55  No new PUT Objects Found!
2015-09-03 @ 14:27:55  No new DELETE Objects Found!
2015-09-03 @ 14:27:55  Transfer Cycle Completed!
2015-09-03 @ 14:30:55  Executing Stack Transfer @ 2015-9-3  14:30:55
2015-09-03 @ 14:30:55  No new POST Objects Found!
2015-09-03 @ 14:30:55  No new PUT Objects Found!
2015-09-03 @ 14:30:55  No new DELETE Objects Found!
2015-09-03 @ 14:30:55  Transfer Cycle Completed!
2015-09-03 @ 14:33:55  Executing Stack Transfer @ 2015-9-3  14:33:55
2015-09-03 @ 14:33:55  No new POST Objects Found!
2015-09-03 @ 14:33:55  No new PUT Objects Found!
2015-09-03 @ 14:33:55  No new DELETE Objects Found!
2015-09-03 @ 14:33:55  Transfer Cycle Completed!
2015-09-03 @ 14:36:55  Executing Stack Transfer @ 2015-9-3  14:36:55
2015-09-03 @ 14:36:55  No new POST Objects Found!
2015-09-03 @ 14:36:55  No new PUT Objects Found!
2015-09-03 @ 14:36:55  No new DELETE Objects Found!
2015-09-03 @ 14:36:55  Transfer Cycle Completed!
2015-09-03 @ 14:39:55  Executing Stack Transfer @ 2015-9-3  14:39:55
2015-09-03 @ 14:39:55  No new POST Objects Found!
2015-09-03 @ 14:39:55  No new PUT Objects Found!
2015-09-03 @ 14:39:55  No new DELETE Objects Found!
2015-09-03 @ 14:39:55  Transfer Cycle Completed!
2015-09-03 @ 14:42:55  Executing Stack Transfer @ 2015-9-3  14:42:55
2015-09-03 @ 14:42:55  No new POST Objects Found!
2015-09-03 @ 14:42:55  No new PUT Objects Found!
2015-09-03 @ 14:42:55  No new DELETE Objects Found!
2015-09-03 @ 14:42:55  Transfer Cycle Completed!
2015-09-03 @ 14:45:55  Executing Stack Transfer @ 2015-9-3  14:45:55
2015-09-03 @ 14:45:55  No new POST Objects Found!
2015-09-03 @ 14:45:55  No new PUT Objects Found!
2015-09-03 @ 14:45:55  No new DELETE Objects Found!
2015-09-03 @ 14:45:55  Transfer Cycle Completed!
2015-09-03 @ 14:48:55  Executing Stack Transfer @ 2015-9-3  14:48:55
2015-09-03 @ 14:48:55  No new POST Objects Found!
2015-09-03 @ 14:48:55  No new PUT Objects Found!
2015-09-03 @ 14:48:55  No new DELETE Objects Found!
2015-09-03 @ 14:48:55  Transfer Cycle Completed!
2015-09-03 @ 14:51:55  Executing Stack Transfer @ 2015-9-3  14:51:55
2015-09-03 @ 14:51:55  No new POST Objects Found!
2015-09-03 @ 14:51:55  No new PUT Objects Found!
2015-09-03 @ 14:51:55  No new DELETE Objects Found!
2015-09-03 @ 14:51:55  Transfer Cycle Completed!
2015-09-03 @ 14:54:55  Executing Stack Transfer @ 2015-9-3  14:54:55
2015-09-03 @ 14:54:55  No new POST Objects Found!
2015-09-03 @ 14:54:55  No new PUT Objects Found!
2015-09-03 @ 14:54:55  No new DELETE Objects Found!
2015-09-03 @ 14:54:55  Transfer Cycle Completed!
2015-09-03 @ 14:57:55  Executing Stack Transfer @ 2015-9-3  14:57:55
2015-09-03 @ 14:57:55  No new POST Objects Found!
2015-09-03 @ 14:57:55  No new PUT Objects Found!
2015-09-03 @ 14:57:55  No new DELETE Objects Found!
2015-09-03 @ 14:57:55  Transfer Cycle Completed!
2015-09-03 @ 15:00:55  Executing Stack Transfer @ 2015-9-3  15:0:55
2015-09-03 @ 15:00:55  No new POST Objects Found!
2015-09-03 @ 15:00:55  No new PUT Objects Found!
2015-09-03 @ 15:00:55  No new DELETE Objects Found!
2015-09-03 @ 15:00:55  Transfer Cycle Completed!
2015-09-03 @ 15:03:55  Executing Stack Transfer @ 2015-9-3  15:3:55
2015-09-03 @ 15:03:55  No new POST Objects Found!
2015-09-03 @ 15:03:55  No new PUT Objects Found!
2015-09-03 @ 15:03:55  No new DELETE Objects Found!
2015-09-03 @ 15:03:55  Transfer Cycle Completed!
2015-09-03 @ 15:06:55  Executing Stack Transfer @ 2015-9-3  15:6:55
2015-09-03 @ 15:06:55  No new POST Objects Found!
2015-09-03 @ 15:06:55  No new PUT Objects Found!
2015-09-03 @ 15:06:55  No new DELETE Objects Found!
2015-09-03 @ 15:06:55  Transfer Cycle Completed!
2015-09-03 @ 15:09:55  Executing Stack Transfer @ 2015-9-3  15:9:55
2015-09-03 @ 15:09:55  No new POST Objects Found!
2015-09-03 @ 15:09:55  No new PUT Objects Found!
2015-09-03 @ 15:09:55  No new DELETE Objects Found!
2015-09-03 @ 15:09:55  Transfer Cycle Completed!
2015-09-03 @ 15:12:55  Executing Stack Transfer @ 2015-9-3  15:12:55
2015-09-03 @ 15:12:55  No new POST Objects Found!
2015-09-03 @ 15:12:55  No new PUT Objects Found!
2015-09-03 @ 15:12:55  No new DELETE Objects Found!
2015-09-03 @ 15:12:55  Transfer Cycle Completed!
2015-09-03 @ 15:15:55  Executing Stack Transfer @ 2015-9-3  15:15:55
2015-09-03 @ 15:15:55  No new POST Objects Found!
2015-09-03 @ 15:15:55  No new PUT Objects Found!
2015-09-03 @ 15:15:55  No new DELETE Objects Found!
2015-09-03 @ 15:15:55  Transfer Cycle Completed!
2015-09-03 @ 15:18:55  Executing Stack Transfer @ 2015-9-3  15:18:55
2015-09-03 @ 15:18:55  No new POST Objects Found!
2015-09-03 @ 15:18:55  No new PUT Objects Found!
2015-09-03 @ 15:18:55  No new DELETE Objects Found!
2015-09-03 @ 15:18:55  Transfer Cycle Completed!
2015-09-03 @ 15:21:55  Executing Stack Transfer @ 2015-9-3  15:21:55
2015-09-03 @ 15:21:55  No new POST Objects Found!
2015-09-03 @ 15:21:55  No new PUT Objects Found!
2015-09-03 @ 15:21:55  No new DELETE Objects Found!
2015-09-03 @ 15:21:55  Transfer Cycle Completed!
2015-09-03 @ 15:24:55  Executing Stack Transfer @ 2015-9-3  15:24:55
2015-09-03 @ 15:24:55  No new POST Objects Found!
2015-09-03 @ 15:24:55  No new PUT Objects Found!
2015-09-03 @ 15:24:55  No new DELETE Objects Found!
2015-09-03 @ 15:24:55  Transfer Cycle Completed!
2015-09-03 @ 15:29:57  Starting Json Stack Server for Duo V6.....
2015-09-03 @ 15:29:57  

2015-09-03 @ 15:29:57  

2015-09-03 @ 15:29:57  ______               ___                  _____ _             _ 
2015-09-03 @ 15:29:57  |  _  \             |_  |                /  ___| |           | |   
2015-09-03 @ 15:29:57  | | | |_   _  ___     | | ___  ___  _ __ \ `--.| |_ __ _  ___| | __
2015-09-03 @ 15:29:57  | | | | | | |/ _ \    | |/ __|/ _ \| '_ \ `--. \ __/ _` |/ __| |/ /
2015-09-03 @ 15:29:57  | |/ /| |_| | (_) /\__/ /\__ \ (_) | | | /\__/ / || (_| | (__|   < 
2015-09-03 @ 15:29:57  |___/  \__,_|\___/\____/ |___/\___/|_| |_\____/ \__\__,_|\___|_|\_\
2015-09-03 @ 15:29:57  

2015-09-03 @ 15:29:57  

2015-09-03 @ 15:29:57  ETL Host : 127.0.0.1:7000
2015-09-03 @ 15:29:57  Executing Stack Transfer @ 2015-9-3  15:29:57
2015-09-03 @ 15:29:57  Abstract File Name : com.ddd.com-asdf-{D5922A61-5207-11E5-BEE8-A39BA07AD6F6}.txt
2015-09-03 @ 15:29:57  Successfully transferred one INSERT object to ETL interface!
2015-09-03 @ 15:29:57  Abstract File Name : com.ddd.com-asdf-{D5922A61-5207-11E5-BEE8-A39BA07AD6F6}.txt
2015-09-03 @ 15:29:57  Abstract File Name : JsonStack/Old/POST/com.ddd.com-asdf-{D5922A61-5207-11E5-BEE8-A39BA07AD6F6}.txt
2015-09-03 @ 15:29:57  Creating : JsonStack/Old/POST/com.ddd.com-asdf-{D5922A61-5207-11E5-BEE8-A39BA07AD6F6}.txt
2015-09-03 @ 15:29:57  Abstract File Name : com.ddd.com-asdf-{D5922A61-5207-11E5-BEE8-A39BA07AD6F6}.txt
2015-09-03 @ 15:29:57  Deleting : com.ddd.com-asdf-{D5922A61-5207-11E5-BEE8-A39BA07AD6F6}.txt
2015-09-03 @ 15:29:57  Abstract File Name : com.ddd.com-asdf-{F7552BB7-5207-11E5-B9A3-A39BA07AD6F6}.txt
2015-09-03 @ 15:29:57  Successfully transferred one INSERT object to ETL interface!
2015-09-03 @ 15:29:57  Abstract File Name : com.ddd.com-asdf-{F7552BB7-5207-11E5-B9A3-A39BA07AD6F6}.txt
2015-09-03 @ 15:29:57  Abstract File Name : JsonStack/Old/POST/com.ddd.com-asdf-{F7552BB7-5207-11E5-B9A3-A39BA07AD6F6}.txt
2015-09-03 @ 15:29:57  Creating : JsonStack/Old/POST/com.ddd.com-asdf-{F7552BB7-5207-11E5-B9A3-A39BA07AD6F6}.txt
2015-09-03 @ 15:29:57  Abstract File Name : com.ddd.com-asdf-{F7552BB7-5207-11E5-B9A3-A39BA07AD6F6}.txt
2015-09-03 @ 15:29:57  Deleting : com.ddd.com-asdf-{F7552BB7-5207-11E5-B9A3-A39BA07AD6F6}.txt
2015-09-03 @ 15:29:57  Abstract File Name : com.ddd.com-asdf-{E3F7B178-5207-11E5-8E5B-A39BA07AD6F6}.txt
2015-09-03 @ 15:29:57  Successfully transferred one UPDATE object to ETL interface!
2015-09-03 @ 15:29:57  Abstract File Name : com.ddd.com-asdf-{E3F7B178-5207-11E5-8E5B-A39BA07AD6F6}.txt
2015-09-03 @ 15:29:57  Abstract File Name : JsonStack/Old/PUT/com.ddd.com-asdf-{E3F7B178-5207-11E5-8E5B-A39BA07AD6F6}.txt
2015-09-03 @ 15:29:57  Creating : JsonStack/Old/PUT/com.ddd.com-asdf-{E3F7B178-5207-11E5-8E5B-A39BA07AD6F6}.txt
2015-09-03 @ 15:29:57  Abstract File Name : com.ddd.com-asdf-{E3F7B178-5207-11E5-8E5B-A39BA07AD6F6}.txt
2015-09-03 @ 15:29:57  Deleting : com.ddd.com-asdf-{E3F7B178-5207-11E5-8E5B-A39BA07AD6F6}.txt
2015-09-03 @ 15:29:57  Abstract File Name : com.ddd.com-asdf-{FA1ED7D9-5207-11E5-8C4B-A39BA07AD6F6}.txt
2015-09-03 @ 15:29:57  Successfully transferred one UPDATE object to ETL interface!
2015-09-03 @ 15:29:57  Abstract File Name : com.ddd.com-asdf-{FA1ED7D9-5207-11E5-8C4B-A39BA07AD6F6}.txt
2015-09-03 @ 15:29:57  Abstract File Name : JsonStack/Old/PUT/com.ddd.com-asdf-{FA1ED7D9-5207-11E5-8C4B-A39BA07AD6F6}.txt
2015-09-03 @ 15:29:57  Creating : JsonStack/Old/PUT/com.ddd.com-asdf-{FA1ED7D9-5207-11E5-8C4B-A39BA07AD6F6}.txt
2015-09-03 @ 15:29:57  Abstract File Name : com.ddd.com-asdf-{FA1ED7D9-5207-11E5-8C4B-A39BA07AD6F6}.txt
2015-09-03 @ 15:29:57  Deleting : com.ddd.com-asdf-{FA1ED7D9-5207-11E5-8C4B-A39BA07AD6F6}.txt
2015-09-03 @ 15:29:57  Abstract File Name : com.ddd.com-asdf-{E68E28C6-5207-11E5-BEE8-A39BA07AD6F6}.txt
2015-09-03 @ 15:29:57  Successfully transferred one DELETE object to ETL interface!
2015-09-03 @ 15:29:57  Abstract File Name : com.ddd.com-asdf-{E68E28C6-5207-11E5-BEE8-A39BA07AD6F6}.txt
2015-09-03 @ 15:29:57  Abstract File Name : JsonStack/Old/DELETE/com.ddd.com-asdf-{E68E28C6-5207-11E5-BEE8-A39BA07AD6F6}.txt
2015-09-03 @ 15:29:57  Creating : JsonStack/Old/DELETE/com.ddd.com-asdf-{E68E28C6-5207-11E5-BEE8-A39BA07AD6F6}.txt
2015-09-03 @ 15:29:57  Abstract File Name : com.ddd.com-asdf-{E68E28C6-5207-11E5-BEE8-A39BA07AD6F6}.txt
2015-09-03 @ 15:29:57  Deleting : com.ddd.com-asdf-{E68E28C6-5207-11E5-BEE8-A39BA07AD6F6}.txt
2015-09-03 @ 15:29:57  Abstract File Name : com.ddd.com-asdf-{FC5E6975-5207-11E5-90FB-A39BA07AD6F6}.txt
2015-09-03 @ 15:29:57  Successfully transferred one DELETE object to ETL interface!
2015-09-03 @ 15:29:57  Abstract File Name : com.ddd.com-asdf-{FC5E6975-5207-11E5-90FB-A39BA07AD6F6}.txt
2015-09-03 @ 15:29:57  Abstract File Name : JsonStack/Old/DELETE/com.ddd.com-asdf-{FC5E6975-5207-11E5-90FB-A39BA07AD6F6}.txt
2015-09-03 @ 15:29:57  Creating : JsonStack/Old/DELETE/com.ddd.com-asdf-{FC5E6975-5207-11E5-90FB-A39BA07AD6F6}.txt
2015-09-03 @ 15:29:57  Abstract File Name : com.ddd.com-asdf-{FC5E6975-5207-11E5-90FB-A39BA07AD6F6}.txt
2015-09-03 @ 15:29:57  Deleting : com.ddd.com-asdf-{FC5E6975-5207-11E5-90FB-A39BA07AD6F6}.txt
2015-09-03 @ 15:29:57  Transfer Cycle Completed!
2015-09-03 @ 15:32:00  Starting Json Stack Server for Duo V6.....
2015-09-03 @ 15:32:00  

2015-09-03 @ 15:32:00  

2015-09-03 @ 15:32:00  ______               ___                  _____ _             _ 
2015-09-03 @ 15:32:00  |  _  \             |_  |                /  ___| |           | |   
2015-09-03 @ 15:32:00  | | | |_   _  ___     | | ___  ___  _ __ \ `--.| |_ __ _  ___| | __
2015-09-03 @ 15:32:00  | | | | | | |/ _ \    | |/ __|/ _ \| '_ \ `--. \ __/ _` |/ __| |/ /
2015-09-03 @ 15:32:00  | |/ /| |_| | (_) /\__/ /\__ \ (_) | | | /\__/ / || (_| | (__|   < 
2015-09-03 @ 15:32:00  |___/  \__,_|\___/\____/ |___/\___/|_| |_\____/ \__\__,_|\___|_|\_\
2015-09-03 @ 15:32:00  

2015-09-03 @ 15:32:00  

2015-09-03 @ 15:32:00  ETL Host : 127.0.0.1:7000
2015-09-03 @ 15:32:00  Executing Stack Transfer @ 2015-9-3  15:32:0
2015-09-03 @ 15:32:00  Abstract File Name : com.ddd.com-asdf-{D5922A61-5207-11E5-BEE8-A39BA07AD6F6}.txt
2015-09-03 @ 15:32:00  Successfully transferred one INSERT object to ETL interface!
2015-09-03 @ 15:32:00  Abstract File Name : com.ddd.com-asdf-{D5922A61-5207-11E5-BEE8-A39BA07AD6F6}.txt
2015-09-03 @ 15:32:00  Abstract File Name : JsonStack/Old/POST/com.ddd.com-asdf-{D5922A61-5207-11E5-BEE8-A39BA07AD6F6}.txt
2015-09-03 @ 15:32:00  Creating : JsonStack/Old/POST/com.ddd.com-asdf-{D5922A61-5207-11E5-BEE8-A39BA07AD6F6}.txt
2015-09-03 @ 15:32:00  Abstract File Name : com.ddd.com-asdf-{D5922A61-5207-11E5-BEE8-A39BA07AD6F6}.txt
2015-09-03 @ 15:32:00  Deleting : com.ddd.com-asdf-{D5922A61-5207-11E5-BEE8-A39BA07AD6F6}.txt
2015-09-03 @ 15:32:00  Abstract File Name : com.ddd.com-asdf-{F7552BB7-5207-11E5-B9A3-A39BA07AD6F6}.txt
2015-09-03 @ 15:32:00  Successfully transferred one INSERT object to ETL interface!
2015-09-03 @ 15:32:00  Abstract File Name : com.ddd.com-asdf-{F7552BB7-5207-11E5-B9A3-A39BA07AD6F6}.txt
2015-09-03 @ 15:32:00  Abstract File Name : JsonStack/Old/POST/com.ddd.com-asdf-{F7552BB7-5207-11E5-B9A3-A39BA07AD6F6}.txt
2015-09-03 @ 15:32:00  Creating : JsonStack/Old/POST/com.ddd.com-asdf-{F7552BB7-5207-11E5-B9A3-A39BA07AD6F6}.txt
2015-09-03 @ 15:32:00  Abstract File Name : com.ddd.com-asdf-{F7552BB7-5207-11E5-B9A3-A39BA07AD6F6}.txt
2015-09-03 @ 15:32:00  Deleting : com.ddd.com-asdf-{F7552BB7-5207-11E5-B9A3-A39BA07AD6F6}.txt
2015-09-03 @ 15:32:00  Abstract File Name : com.ddd.com-asdf-{E3F7B178-5207-11E5-8E5B-A39BA07AD6F6}.txt
2015-09-03 @ 15:32:00  Successfully transferred one UPDATE object to ETL interface!
2015-09-03 @ 15:32:00  Abstract File Name : com.ddd.com-asdf-{E3F7B178-5207-11E5-8E5B-A39BA07AD6F6}.txt
2015-09-03 @ 15:32:00  Abstract File Name : JsonStack/Old/PUT/com.ddd.com-asdf-{E3F7B178-5207-11E5-8E5B-A39BA07AD6F6}.txt
2015-09-03 @ 15:32:00  Creating : JsonStack/Old/PUT/com.ddd.com-asdf-{E3F7B178-5207-11E5-8E5B-A39BA07AD6F6}.txt
2015-09-03 @ 15:32:00  Abstract File Name : com.ddd.com-asdf-{E3F7B178-5207-11E5-8E5B-A39BA07AD6F6}.txt
2015-09-03 @ 15:32:00  Deleting : com.ddd.com-asdf-{E3F7B178-5207-11E5-8E5B-A39BA07AD6F6}.txt
2015-09-03 @ 15:32:00  Abstract File Name : com.ddd.com-asdf-{FA1ED7D9-5207-11E5-8C4B-A39BA07AD6F6}.txt
2015-09-03 @ 15:32:00  Successfully transferred one UPDATE object to ETL interface!
2015-09-03 @ 15:32:00  Abstract File Name : com.ddd.com-asdf-{FA1ED7D9-5207-11E5-8C4B-A39BA07AD6F6}.txt
2015-09-03 @ 15:32:00  Abstract File Name : JsonStack/Old/PUT/com.ddd.com-asdf-{FA1ED7D9-5207-11E5-8C4B-A39BA07AD6F6}.txt
2015-09-03 @ 15:32:00  Creating : JsonStack/Old/PUT/com.ddd.com-asdf-{FA1ED7D9-5207-11E5-8C4B-A39BA07AD6F6}.txt
2015-09-03 @ 15:32:00  Abstract File Name : com.ddd.com-asdf-{FA1ED7D9-5207-11E5-8C4B-A39BA07AD6F6}.txt
2015-09-03 @ 15:32:00  Deleting : com.ddd.com-asdf-{FA1ED7D9-5207-11E5-8C4B-A39BA07AD6F6}.txt
2015-09-03 @ 15:32:00  Abstract File Name : com.ddd.com-asdf-{E68E28C6-5207-11E5-BEE8-A39BA07AD6F6}.txt
2015-09-03 @ 15:32:00  Successfully transferred one DELETE object to ETL interface!
2015-09-03 @ 15:32:00  Abstract File Name : com.ddd.com-asdf-{E68E28C6-5207-11E5-BEE8-A39BA07AD6F6}.txt
2015-09-03 @ 15:32:00  Abstract File Name : JsonStack/Old/DELETE/com.ddd.com-asdf-{E68E28C6-5207-11E5-BEE8-A39BA07AD6F6}.txt
2015-09-03 @ 15:32:00  Creating : JsonStack/Old/DELETE/com.ddd.com-asdf-{E68E28C6-5207-11E5-BEE8-A39BA07AD6F6}.txt
2015-09-03 @ 15:32:00  Abstract File Name : com.ddd.com-asdf-{E68E28C6-5207-11E5-BEE8-A39BA07AD6F6}.txt
2015-09-03 @ 15:32:00  Deleting : com.ddd.com-asdf-{E68E28C6-5207-11E5-BEE8-A39BA07AD6F6}.txt
2015-09-03 @ 15:32:00  Abstract File Name : com.ddd.com-asdf-{FC5E6975-5207-11E5-90FB-A39BA07AD6F6}.txt
2015-09-03 @ 15:32:00  Successfully transferred one DELETE object to ETL interface!
2015-09-03 @ 15:32:00  Abstract File Name : com.ddd.com-asdf-{FC5E6975-5207-11E5-90FB-A39BA07AD6F6}.txt
2015-09-03 @ 15:32:00  Abstract File Name : JsonStack/Old/DELETE/com.ddd.com-asdf-{FC5E6975-5207-11E5-90FB-A39BA07AD6F6}.txt
2015-09-03 @ 15:32:00  Creating : JsonStack/Old/DELETE/com.ddd.com-asdf-{FC5E6975-5207-11E5-90FB-A39BA07AD6F6}.txt
2015-09-03 @ 15:32:00  Abstract File Name : com.ddd.com-asdf-{FC5E6975-5207-11E5-90FB-A39BA07AD6F6}.txt
2015-09-03 @ 15:32:00  Deleting : com.ddd.com-asdf-{FC5E6975-5207-11E5-90FB-A39BA07AD6F6}.txt
2015-09-03 @ 15:32:00  Transfer Cycle Completed!
2015-09-03 @ 16:10:39  Starting Json Stack Server for Duo V6.....
2015-09-03 @ 16:10:39  

2015-09-03 @ 16:10:39  

2015-09-03 @ 16:10:39  ______               ___                  _____ _             _ 
2015-09-03 @ 16:10:39  |  _  \             |_  |                /  ___| |           | |   
2015-09-03 @ 16:10:39  | | | |_   _  ___     | | ___  ___  _ __ \ `--.| |_ __ _  ___| | __
2015-09-03 @ 16:10:39  | | | | | | |/ _ \    | |/ __|/ _ \| '_ \ `--. \ __/ _` |/ __| |/ /
2015-09-03 @ 16:10:39  | |/ /| |_| | (_) /\__/ /\__ \ (_) | | | /\__/ / || (_| | (__|   < 
2015-09-03 @ 16:10:39  |___/  \__,_|\___/\____/ |___/\___/|_| |_\____/ \__\__,_|\___|_|\_\
2015-09-03 @ 16:10:39  

2015-09-03 @ 16:10:39  

2015-09-03 @ 16:10:39  ETL Host : 127.0.0.1:7000
2015-09-03 @ 16:10:39  Executing Stack Transfer @ 2015-9-3  16:10:39
2015-09-03 @ 16:10:39  Abstract File Name : com.ddd.com-asdf-{D5922A61-5207-11E5-BEE8-A39BA07AD6F6}.txt
2015-09-03 @ 16:10:39  Successfully transferred one INSERT object to ETL interface!
2015-09-03 @ 16:10:39  Abstract File Name : com.ddd.com-asdf-{D5922A61-5207-11E5-BEE8-A39BA07AD6F6}.txt
2015-09-03 @ 16:10:39  Abstract File Name : JsonStack/Old/POST/com.ddd.com-asdf-{D5922A61-5207-11E5-BEE8-A39BA07AD6F6}.txt
2015-09-03 @ 16:10:39  Creating : JsonStack/Old/POST/com.ddd.com-asdf-{D5922A61-5207-11E5-BEE8-A39BA07AD6F6}.txt
2015-09-03 @ 16:10:39  Abstract File Name : com.ddd.com-asdf-{D5922A61-5207-11E5-BEE8-A39BA07AD6F6}.txt
2015-09-03 @ 16:10:39  Deleting : com.ddd.com-asdf-{D5922A61-5207-11E5-BEE8-A39BA07AD6F6}.txt
2015-09-03 @ 16:10:39  Abstract File Name : com.ddd.com-asdf-{F7552BB7-5207-11E5-B9A3-A39BA07AD6F6}.txt
2015-09-03 @ 16:10:39  Successfully transferred one INSERT object to ETL interface!
2015-09-03 @ 16:10:39  Abstract File Name : com.ddd.com-asdf-{F7552BB7-5207-11E5-B9A3-A39BA07AD6F6}.txt
2015-09-03 @ 16:10:39  Abstract File Name : JsonStack/Old/POST/com.ddd.com-asdf-{F7552BB7-5207-11E5-B9A3-A39BA07AD6F6}.txt
2015-09-03 @ 16:10:39  Creating : JsonStack/Old/POST/com.ddd.com-asdf-{F7552BB7-5207-11E5-B9A3-A39BA07AD6F6}.txt
2015-09-03 @ 16:10:39  Abstract File Name : com.ddd.com-asdf-{F7552BB7-5207-11E5-B9A3-A39BA07AD6F6}.txt
2015-09-03 @ 16:10:39  Deleting : com.ddd.com-asdf-{F7552BB7-5207-11E5-B9A3-A39BA07AD6F6}.txt
2015-09-03 @ 16:10:39  Abstract File Name : com.ddd.com-asdf-{E3F7B178-5207-11E5-8E5B-A39BA07AD6F6}.txt
2015-09-03 @ 16:10:39  Successfully transferred one UPDATE object to ETL interface!
2015-09-03 @ 16:10:39  Abstract File Name : com.ddd.com-asdf-{E3F7B178-5207-11E5-8E5B-A39BA07AD6F6}.txt
2015-09-03 @ 16:10:39  Abstract File Name : JsonStack/Old/PUT/com.ddd.com-asdf-{E3F7B178-5207-11E5-8E5B-A39BA07AD6F6}.txt
2015-09-03 @ 16:10:39  Creating : JsonStack/Old/PUT/com.ddd.com-asdf-{E3F7B178-5207-11E5-8E5B-A39BA07AD6F6}.txt
2015-09-03 @ 16:10:39  Abstract File Name : com.ddd.com-asdf-{E3F7B178-5207-11E5-8E5B-A39BA07AD6F6}.txt
2015-09-03 @ 16:10:39  Deleting : com.ddd.com-asdf-{E3F7B178-5207-11E5-8E5B-A39BA07AD6F6}.txt
2015-09-03 @ 16:10:39  Abstract File Name : com.ddd.com-asdf-{FA1ED7D9-5207-11E5-8C4B-A39BA07AD6F6}.txt
2015-09-03 @ 16:10:39  Successfully transferred one UPDATE object to ETL interface!
2015-09-03 @ 16:10:39  Abstract File Name : com.ddd.com-asdf-{FA1ED7D9-5207-11E5-8C4B-A39BA07AD6F6}.txt
2015-09-03 @ 16:10:39  Abstract File Name : JsonStack/Old/PUT/com.ddd.com-asdf-{FA1ED7D9-5207-11E5-8C4B-A39BA07AD6F6}.txt
2015-09-03 @ 16:10:39  Creating : JsonStack/Old/PUT/com.ddd.com-asdf-{FA1ED7D9-5207-11E5-8C4B-A39BA07AD6F6}.txt
2015-09-03 @ 16:10:39  Abstract File Name : com.ddd.com-asdf-{FA1ED7D9-5207-11E5-8C4B-A39BA07AD6F6}.txt
2015-09-03 @ 16:10:39  Deleting : com.ddd.com-asdf-{FA1ED7D9-5207-11E5-8C4B-A39BA07AD6F6}.txt
2015-09-03 @ 16:10:39  Abstract File Name : com.ddd.com-asdf-{E68E28C6-5207-11E5-BEE8-A39BA07AD6F6}.txt
2015-09-03 @ 16:10:39  Successfully transferred one DELETE object to ETL interface!
2015-09-03 @ 16:10:39  Abstract File Name : com.ddd.com-asdf-{E68E28C6-5207-11E5-BEE8-A39BA07AD6F6}.txt
2015-09-03 @ 16:10:39  Abstract File Name : JsonStack/Old/DELETE/com.ddd.com-asdf-{E68E28C6-5207-11E5-BEE8-A39BA07AD6F6}.txt
2015-09-03 @ 16:10:39  Creating : JsonStack/Old/DELETE/com.ddd.com-asdf-{E68E28C6-5207-11E5-BEE8-A39BA07AD6F6}.txt
2015-09-03 @ 16:10:39  Abstract File Name : com.ddd.com-asdf-{E68E28C6-5207-11E5-BEE8-A39BA07AD6F6}.txt
2015-09-03 @ 16:10:39  Deleting : com.ddd.com-asdf-{E68E28C6-5207-11E5-BEE8-A39BA07AD6F6}.txt
2015-09-03 @ 16:10:39  Abstract File Name : com.ddd.com-asdf-{FC5E6975-5207-11E5-90FB-A39BA07AD6F6}.txt
2015-09-03 @ 16:10:39  Successfully transferred one DELETE object to ETL interface!
2015-09-03 @ 16:10:39  Abstract File Name : com.ddd.com-asdf-{FC5E6975-5207-11E5-90FB-A39BA07AD6F6}.txt
2015-09-03 @ 16:10:39  Abstract File Name : JsonStack/Old/DELETE/com.ddd.com-asdf-{FC5E6975-5207-11E5-90FB-A39BA07AD6F6}.txt
2015-09-03 @ 16:10:39  Creating : JsonStack/Old/DELETE/com.ddd.com-asdf-{FC5E6975-5207-11E5-90FB-A39BA07AD6F6}.txt
2015-09-03 @ 16:10:39  Abstract File Name : com.ddd.com-asdf-{FC5E6975-5207-11E5-90FB-A39BA07AD6F6}.txt
2015-09-03 @ 16:10:39  Deleting : com.ddd.com-asdf-{FC5E6975-5207-11E5-90FB-A39BA07AD6F6}.txt
2015-09-03 @ 16:10:39  Transfer Cycle Completed!
2015-09-03 @ 16:12:02  Starting Json Stack Server for Duo V6.....
2015-09-03 @ 16:12:02  

2015-09-03 @ 16:12:02  

2015-09-03 @ 16:12:02  ______               ___                  _____ _             _ 
2015-09-03 @ 16:12:02  |  _  \             |_  |                /  ___| |           | |   
2015-09-03 @ 16:12:02  | | | |_   _  ___     | | ___  ___  _ __ \ `--.| |_ __ _  ___| | __
2015-09-03 @ 16:12:02  | | | | | | |/ _ \    | |/ __|/ _ \| '_ \ `--. \ __/ _` |/ __| |/ /
2015-09-03 @ 16:12:02  | |/ /| |_| | (_) /\__/ /\__ \ (_) | | | /\__/ / || (_| | (__|   < 
2015-09-03 @ 16:12:02  |___/  \__,_|\___/\____/ |___/\___/|_| |_\____/ \__\__,_|\___|_|\_\
2015-09-03 @ 16:12:02  

2015-09-03 @ 16:12:02  

2015-09-03 @ 16:12:02  ETL Host : 127.0.0.1:7000
2015-09-03 @ 16:12:02  Executing Stack Transfer @ 2015-9-3  16:12:2
2015-09-03 @ 16:12:02  Abstract File Name : com.ddd.com-asdf-{D5922A61-5207-11E5-BEE8-A39BA07AD6F6}.txt
2015-09-03 @ 16:12:02  Successfully transferred one INSERT object to ETL interface!
2015-09-03 @ 16:12:02  Abstract File Name : com.ddd.com-asdf-{D5922A61-5207-11E5-BEE8-A39BA07AD6F6}.txt
2015-09-03 @ 16:12:02  Abstract File Name : JsonStack/Old/POST/com.ddd.com-asdf-{D5922A61-5207-11E5-BEE8-A39BA07AD6F6}.txt
2015-09-03 @ 16:12:02  Creating : JsonStack/Old/POST/com.ddd.com-asdf-{D5922A61-5207-11E5-BEE8-A39BA07AD6F6}.txt
2015-09-03 @ 16:12:02  Abstract File Name : com.ddd.com-asdf-{D5922A61-5207-11E5-BEE8-A39BA07AD6F6}.txt
2015-09-03 @ 16:12:02  Deleting : com.ddd.com-asdf-{D5922A61-5207-11E5-BEE8-A39BA07AD6F6}.txt
2015-09-03 @ 16:12:02  Abstract File Name : com.ddd.com-asdf-{F7552BB7-5207-11E5-B9A3-A39BA07AD6F6}.txt
2015-09-03 @ 16:12:02  Successfully transferred one INSERT object to ETL interface!
2015-09-03 @ 16:12:02  Abstract File Name : com.ddd.com-asdf-{F7552BB7-5207-11E5-B9A3-A39BA07AD6F6}.txt
2015-09-03 @ 16:12:02  Abstract File Name : JsonStack/Old/POST/com.ddd.com-asdf-{F7552BB7-5207-11E5-B9A3-A39BA07AD6F6}.txt
2015-09-03 @ 16:12:02  Creating : JsonStack/Old/POST/com.ddd.com-asdf-{F7552BB7-5207-11E5-B9A3-A39BA07AD6F6}.txt
2015-09-03 @ 16:12:02  Abstract File Name : com.ddd.com-asdf-{F7552BB7-5207-11E5-B9A3-A39BA07AD6F6}.txt
2015-09-03 @ 16:12:02  Deleting : com.ddd.com-asdf-{F7552BB7-5207-11E5-B9A3-A39BA07AD6F6}.txt
2015-09-03 @ 16:12:02  Abstract File Name : com.ddd.com-asdf-{E3F7B178-5207-11E5-8E5B-A39BA07AD6F6}.txt
2015-09-03 @ 16:12:02  Successfully transferred one UPDATE object to ETL interface!
2015-09-03 @ 16:12:02  Abstract File Name : com.ddd.com-asdf-{E3F7B178-5207-11E5-8E5B-A39BA07AD6F6}.txt
2015-09-03 @ 16:12:02  Abstract File Name : JsonStack/Old/PUT/com.ddd.com-asdf-{E3F7B178-5207-11E5-8E5B-A39BA07AD6F6}.txt
2015-09-03 @ 16:12:02  Creating : JsonStack/Old/PUT/com.ddd.com-asdf-{E3F7B178-5207-11E5-8E5B-A39BA07AD6F6}.txt
2015-09-03 @ 16:12:02  Abstract File Name : com.ddd.com-asdf-{E3F7B178-5207-11E5-8E5B-A39BA07AD6F6}.txt
2015-09-03 @ 16:12:02  Deleting : com.ddd.com-asdf-{E3F7B178-5207-11E5-8E5B-A39BA07AD6F6}.txt
2015-09-03 @ 16:12:02  Abstract File Name : com.ddd.com-asdf-{FA1ED7D9-5207-11E5-8C4B-A39BA07AD6F6}.txt
2015-09-03 @ 16:12:02  Successfully transferred one UPDATE object to ETL interface!
2015-09-03 @ 16:12:02  Abstract File Name : com.ddd.com-asdf-{FA1ED7D9-5207-11E5-8C4B-A39BA07AD6F6}.txt
2015-09-03 @ 16:12:02  Abstract File Name : JsonStack/Old/PUT/com.ddd.com-asdf-{FA1ED7D9-5207-11E5-8C4B-A39BA07AD6F6}.txt
2015-09-03 @ 16:12:02  Creating : JsonStack/Old/PUT/com.ddd.com-asdf-{FA1ED7D9-5207-11E5-8C4B-A39BA07AD6F6}.txt
2015-09-03 @ 16:12:02  Abstract File Name : com.ddd.com-asdf-{FA1ED7D9-5207-11E5-8C4B-A39BA07AD6F6}.txt
2015-09-03 @ 16:12:02  Deleting : com.ddd.com-asdf-{FA1ED7D9-5207-11E5-8C4B-A39BA07AD6F6}.txt
2015-09-03 @ 16:12:02  Abstract File Name : com.ddd.com-asdf-{E68E28C6-5207-11E5-BEE8-A39BA07AD6F6}.txt
2015-09-03 @ 16:12:02  Successfully transferred one DELETE object to ETL interface!
2015-09-03 @ 16:12:02  Abstract File Name : com.ddd.com-asdf-{E68E28C6-5207-11E5-BEE8-A39BA07AD6F6}.txt
2015-09-03 @ 16:12:02  Abstract File Name : JsonStack/Old/DELETE/com.ddd.com-asdf-{E68E28C6-5207-11E5-BEE8-A39BA07AD6F6}.txt
2015-09-03 @ 16:12:02  Creating : JsonStack/Old/DELETE/com.ddd.com-asdf-{E68E28C6-5207-11E5-BEE8-A39BA07AD6F6}.txt
2015-09-03 @ 16:12:02  Abstract File Name : com.ddd.com-asdf-{E68E28C6-5207-11E5-BEE8-A39BA07AD6F6}.txt
2015-09-03 @ 16:12:02  Deleting : com.ddd.com-asdf-{E68E28C6-5207-11E5-BEE8-A39BA07AD6F6}.txt
2015-09-03 @ 16:12:02  Abstract File Name : com.ddd.com-asdf-{FC5E6975-5207-11E5-90FB-A39BA07AD6F6}.txt
2015-09-03 @ 16:12:02  Successfully transferred one DELETE object to ETL interface!
2015-09-03 @ 16:12:02  Abstract File Name : com.ddd.com-asdf-{FC5E6975-5207-11E5-90FB-A39BA07AD6F6}.txt
2015-09-03 @ 16:12:02  Abstract File Name : JsonStack/Old/DELETE/com.ddd.com-asdf-{FC5E6975-5207-11E5-90FB-A39BA07AD6F6}.txt
2015-09-03 @ 16:12:02  Creating : JsonStack/Old/DELETE/com.ddd.com-asdf-{FC5E6975-5207-11E5-90FB-A39BA07AD6F6}.txt
2015-09-03 @ 16:12:02  Abstract File Name : com.ddd.com-asdf-{FC5E6975-5207-11E5-90FB-A39BA07AD6F6}.txt
2015-09-03 @ 16:12:02  Deleting : com.ddd.com-asdf-{FC5E6975-5207-11E5-90FB-A39BA07AD6F6}.txt
2015-09-03 @ 16:12:02  Transfer Cycle Completed!
2015-09-03 @ 16:15:02  Executing Stack Transfer @ 2015-9-3  16:15:2
2015-09-03 @ 16:15:02  No new POST Objects Found!
2015-09-03 @ 16:15:02  No new PUT Objects Found!
2015-09-03 @ 16:15:02  No new DELETE Objects Found!
2015-09-03 @ 16:15:02  Transfer Cycle Completed!
2015-09-03 @ 16:15:39  Starting Json Stack Server for Duo V6.....
2015-09-03 @ 16:15:39  

2015-09-03 @ 16:15:39  

2015-09-03 @ 16:15:39  ______               ___                  _____ _             _ 
2015-09-03 @ 16:15:39  |  _  \             |_  |                /  ___| |           | |   
2015-09-03 @ 16:15:39  | | | |_   _  ___     | | ___  ___  _ __ \ `--.| |_ __ _  ___| | __
2015-09-03 @ 16:15:39  | | | | | | |/ _ \    | |/ __|/ _ \| '_ \ `--. \ __/ _` |/ __| |/ /
2015-09-03 @ 16:15:39  | |/ /| |_| | (_) /\__/ /\__ \ (_) | | | /\__/ / || (_| | (__|   < 
2015-09-03 @ 16:15:39  |___/  \__,_|\___/\____/ |___/\___/|_| |_\____/ \__\__,_|\___|_|\_\
2015-09-03 @ 16:15:39  

2015-09-03 @ 16:15:39  

2015-09-03 @ 16:15:39  ETL Host : 127.0.0.1:7000
2015-09-03 @ 16:15:39  Executing Stack Transfer @ 2015-9-3  16:15:39
2015-09-03 @ 16:15:39  Abstract File Name : com.ddd.com-asdf-{D5922A61-5207-11E5-BEE8-A39BA07AD6F6}.txt
2015-09-03 @ 16:15:39  Successfully transferred one INSERT object to ETL interface!
2015-09-03 @ 16:15:39  Abstract File Name : com.ddd.com-asdf-{D5922A61-5207-11E5-BEE8-A39BA07AD6F6}.txt
2015-09-03 @ 16:15:39  Abstract File Name : JsonStack/Old/POST/com.ddd.com-asdf-{D5922A61-5207-11E5-BEE8-A39BA07AD6F6}.txt
2015-09-03 @ 16:15:39  Creating : JsonStack/Old/POST/com.ddd.com-asdf-{D5922A61-5207-11E5-BEE8-A39BA07AD6F6}.txt
2015-09-03 @ 16:15:39  Abstract File Name : com.ddd.com-asdf-{D5922A61-5207-11E5-BEE8-A39BA07AD6F6}.txt
2015-09-03 @ 16:15:39  Deleting : com.ddd.com-asdf-{D5922A61-5207-11E5-BEE8-A39BA07AD6F6}.txt
2015-09-03 @ 16:15:39  Abstract File Name : com.ddd.com-asdf-{F7552BB7-5207-11E5-B9A3-A39BA07AD6F6}.txt
2015-09-03 @ 16:15:39  Successfully transferred one INSERT object to ETL interface!
2015-09-03 @ 16:15:39  Abstract File Name : com.ddd.com-asdf-{F7552BB7-5207-11E5-B9A3-A39BA07AD6F6}.txt
2015-09-03 @ 16:15:39  Abstract File Name : JsonStack/Old/POST/com.ddd.com-asdf-{F7552BB7-5207-11E5-B9A3-A39BA07AD6F6}.txt
2015-09-03 @ 16:15:39  Creating : JsonStack/Old/POST/com.ddd.com-asdf-{F7552BB7-5207-11E5-B9A3-A39BA07AD6F6}.txt
2015-09-03 @ 16:15:39  Abstract File Name : com.ddd.com-asdf-{F7552BB7-5207-11E5-B9A3-A39BA07AD6F6}.txt
2015-09-03 @ 16:15:39  Deleting : com.ddd.com-asdf-{F7552BB7-5207-11E5-B9A3-A39BA07AD6F6}.txt
2015-09-03 @ 16:15:39  Abstract File Name : com.ddd.com-asdf-{E3F7B178-5207-11E5-8E5B-A39BA07AD6F6}.txt
2015-09-03 @ 16:15:39  Successfully transferred one UPDATE object to ETL interface!
2015-09-03 @ 16:15:39  Abstract File Name : com.ddd.com-asdf-{E3F7B178-5207-11E5-8E5B-A39BA07AD6F6}.txt
2015-09-03 @ 16:15:39  Abstract File Name : JsonStack/Old/PUT/com.ddd.com-asdf-{E3F7B178-5207-11E5-8E5B-A39BA07AD6F6}.txt
2015-09-03 @ 16:15:39  Creating : JsonStack/Old/PUT/com.ddd.com-asdf-{E3F7B178-5207-11E5-8E5B-A39BA07AD6F6}.txt
2015-09-03 @ 16:15:39  Abstract File Name : com.ddd.com-asdf-{E3F7B178-5207-11E5-8E5B-A39BA07AD6F6}.txt
2015-09-03 @ 16:15:39  Deleting : com.ddd.com-asdf-{E3F7B178-5207-11E5-8E5B-A39BA07AD6F6}.txt
2015-09-03 @ 16:15:39  Abstract File Name : com.ddd.com-asdf-{FA1ED7D9-5207-11E5-8C4B-A39BA07AD6F6}.txt
2015-09-03 @ 16:15:39  Successfully transferred one UPDATE object to ETL interface!
2015-09-03 @ 16:15:39  Abstract File Name : com.ddd.com-asdf-{FA1ED7D9-5207-11E5-8C4B-A39BA07AD6F6}.txt
2015-09-03 @ 16:15:39  Abstract File Name : JsonStack/Old/PUT/com.ddd.com-asdf-{FA1ED7D9-5207-11E5-8C4B-A39BA07AD6F6}.txt
2015-09-03 @ 16:15:39  Creating : JsonStack/Old/PUT/com.ddd.com-asdf-{FA1ED7D9-5207-11E5-8C4B-A39BA07AD6F6}.txt
2015-09-03 @ 16:15:39  Abstract File Name : com.ddd.com-asdf-{FA1ED7D9-5207-11E5-8C4B-A39BA07AD6F6}.txt
2015-09-03 @ 16:15:39  Deleting : com.ddd.com-asdf-{FA1ED7D9-5207-11E5-8C4B-A39BA07AD6F6}.txt
2015-09-03 @ 16:15:39  Abstract File Name : com.ddd.com-asdf-{E68E28C6-5207-11E5-BEE8-A39BA07AD6F6}.txt
2015-09-03 @ 16:15:39  Successfully transferred one DELETE object to ETL interface!
2015-09-03 @ 16:15:39  Abstract File Name : com.ddd.com-asdf-{E68E28C6-5207-11E5-BEE8-A39BA07AD6F6}.txt
2015-09-03 @ 16:15:39  Abstract File Name : JsonStack/Old/DELETE/com.ddd.com-asdf-{E68E28C6-5207-11E5-BEE8-A39BA07AD6F6}.txt
2015-09-03 @ 16:15:39  Creating : JsonStack/Old/DELETE/com.ddd.com-asdf-{E68E28C6-5207-11E5-BEE8-A39BA07AD6F6}.txt
2015-09-03 @ 16:15:39  Abstract File Name : com.ddd.com-asdf-{E68E28C6-5207-11E5-BEE8-A39BA07AD6F6}.txt
2015-09-03 @ 16:15:39  Deleting : com.ddd.com-asdf-{E68E28C6-5207-11E5-BEE8-A39BA07AD6F6}.txt
2015-09-03 @ 16:15:39  Abstract File Name : com.ddd.com-asdf-{FC5E6975-5207-11E5-90FB-A39BA07AD6F6}.txt
2015-09-03 @ 16:15:39  Successfully transferred one DELETE object to ETL interface!
2015-09-03 @ 16:15:39  Abstract File Name : com.ddd.com-asdf-{FC5E6975-5207-11E5-90FB-A39BA07AD6F6}.txt
2015-09-03 @ 16:15:39  Abstract File Name : JsonStack/Old/DELETE/com.ddd.com-asdf-{FC5E6975-5207-11E5-90FB-A39BA07AD6F6}.txt
2015-09-03 @ 16:15:39  Creating : JsonStack/Old/DELETE/com.ddd.com-asdf-{FC5E6975-5207-11E5-90FB-A39BA07AD6F6}.txt
2015-09-03 @ 16:15:39  Abstract File Name : com.ddd.com-asdf-{FC5E6975-5207-11E5-90FB-A39BA07AD6F6}.txt
2015-09-03 @ 16:15:39  Deleting : com.ddd.com-asdf-{FC5E6975-5207-11E5-90FB-A39BA07AD6F6}.txt
2015-09-03 @ 16:15:39  Transfer Cycle Completed!
2015-09-03 @ 16:18:39  Executing Stack Transfer @ 2015-9-3  16:18:39
2015-09-03 @ 16:18:39  No new POST Objects Found!
2015-09-03 @ 16:18:39  No new PUT Objects Found!
2015-09-03 @ 16:18:39  No new DELETE Objects Found!
2015-09-03 @ 16:18:39  Transfer Cycle Completed!
2015-09-03 @ 16:21:39  Executing Stack Transfer @ 2015-9-3  16:21:39
2015-09-03 @ 16:21:39  No new POST Objects Found!
2015-09-03 @ 16:21:39  No new PUT Objects Found!
2015-09-03 @ 16:21:39  No new DELETE Objects Found!
2015-09-03 @ 16:21:39  Transfer Cycle Completed!
2015-09-03 @ 16:24:39  Executing Stack Transfer @ 2015-9-3  16:24:39
2015-09-03 @ 16:24:39  No new POST Objects Found!
2015-09-03 @ 16:24:39  No new PUT Objects Found!
2015-09-03 @ 16:24:39  No new DELETE Objects Found!
2015-09-03 @ 16:24:39  Transfer Cycle Completed!
2015-09-03 @ 16:27:39  Executing Stack Transfer @ 2015-9-3  16:27:39
2015-09-03 @ 16:27:39  No new POST Objects Found!
2015-09-03 @ 16:27:39  No new PUT Objects Found!
2015-09-03 @ 16:27:39  No new DELETE Objects Found!
2015-09-03 @ 16:27:39  Transfer Cycle Completed!
2015-09-03 @ 16:30:39  Executing Stack Transfer @ 2015-9-3  16:30:39
2015-09-03 @ 16:30:39  No new POST Objects Found!
2015-09-03 @ 16:30:39  No new PUT Objects Found!
2015-09-03 @ 16:30:39  No new DELETE Objects Found!
2015-09-03 @ 16:30:39  Transfer Cycle Completed!
2015-09-03 @ 16:33:39  Executing Stack Transfer @ 2015-9-3  16:33:39
2015-09-03 @ 16:33:39  No new POST Objects Found!
2015-09-03 @ 16:33:39  No new PUT Objects Found!
2015-09-03 @ 16:33:39  No new DELETE Objects Found!
2015-09-03 @ 16:33:39  Transfer Cycle Completed!
2015-09-03 @ 16:36:39  Executing Stack Transfer @ 2015-9-3  16:36:39
2015-09-03 @ 16:36:39  No new POST Objects Found!
2015-09-03 @ 16:36:39  No new PUT Objects Found!
2015-09-03 @ 16:36:39  No new DELETE Objects Found!
2015-09-03 @ 16:36:39  Transfer Cycle Completed!
2015-09-04 @ 10:37:08  Starting Json Stack Server for Duo V6.....
2015-09-04 @ 10:37:08  

2015-09-04 @ 10:37:08  

2015-09-04 @ 10:37:08  ______               ___                  _____ _             _ 
2015-09-04 @ 10:37:08  |  _  \             |_  |                /  ___| |           | |   
2015-09-04 @ 10:37:08  | | | |_   _  ___     | | ___  ___  _ __ \ `--.| |_ __ _  ___| | __
2015-09-04 @ 10:37:08  | | | | | | |/ _ \    | |/ __|/ _ \| '_ \ `--. \ __/ _` |/ __| |/ /
2015-09-04 @ 10:37:08  | |/ /| |_| | (_) /\__/ /\__ \ (_) | | | /\__/ / || (_| | (__|   < 
2015-09-04 @ 10:37:08  |___/  \__,_|\___/\____/ |___/\___/|_| |_\____/ \__\__,_|\___|_|\_\
2015-09-04 @ 10:37:08  

2015-09-04 @ 10:37:08  

2015-09-04 @ 10:37:08  ETL Host : 127.0.0.1:7000
2015-09-04 @ 10:37:08  Executing Stack Transfer @ 2015-9-4  10:37:8
2015-09-04 @ 10:37:08  No new POST Objects Found!
2015-09-04 @ 10:37:08  No new PUT Objects Found!
2015-09-04 @ 10:37:08  No new DELETE Objects Found!
2015-09-04 @ 10:37:08  Transfer Cycle Completed!
2015-09-04 @ 10:37:41  Starting Json Stack Server for Duo V6.....
2015-09-04 @ 10:37:41  

2015-09-04 @ 10:37:41  

2015-09-04 @ 10:37:41  ______               ___                  _____ _             _ 
2015-09-04 @ 10:37:41  |  _  \             |_  |                /  ___| |           | |   
2015-09-04 @ 10:37:41  | | | |_   _  ___     | | ___  ___  _ __ \ `--.| |_ __ _  ___| | __
2015-09-04 @ 10:37:41  | | | | | | |/ _ \    | |/ __|/ _ \| '_ \ `--. \ __/ _` |/ __| |/ /
2015-09-04 @ 10:37:41  | |/ /| |_| | (_) /\__/ /\__ \ (_) | | | /\__/ / || (_| | (__|   < 
2015-09-04 @ 10:37:41  |___/  \__,_|\___/\____/ |___/\___/|_| |_\____/ \__\__,_|\___|_|\_\
2015-09-04 @ 10:37:41  

2015-09-04 @ 10:37:41  

2015-09-04 @ 10:37:41  ETL Host : 127.0.0.1:7000
2015-09-04 @ 10:37:41  Executing Stack Transfer @ 2015-9-4  10:37:41
2015-09-04 @ 10:37:41  Abstract File Name : com.ddd.com-asdf-{D5922A61-5207-11E5-BEE8-A39BA07AD6F6}.txt
2015-09-04 @ 10:37:42  Post http://127.0.0.1:7000/com.ddd.com/asdf: dial tcp 127.0.0.1:7000: ConnectEx tcp: No connection could be made because the target machine actively refused it.
2015-09-04 @ 11:56:37  Starting Json Stack Server for Duo V6.....
2015-09-04 @ 11:56:37  

2015-09-04 @ 11:56:37  

2015-09-04 @ 11:56:37  ______               ___                  _____ _             _ 
2015-09-04 @ 11:56:37  |  _  \             |_  |                /  ___| |           | |   
2015-09-04 @ 11:56:37  | | | |_   _  ___     | | ___  ___  _ __ \ `--.| |_ __ _  ___| | __
2015-09-04 @ 11:56:37  | | | | | | |/ _ \    | |/ __|/ _ \| '_ \ `--. \ __/ _` |/ __| |/ /
2015-09-04 @ 11:56:37  | |/ /| |_| | (_) /\__/ /\__ \ (_) | | | /\__/ / || (_| | (__|   < 
2015-09-04 @ 11:56:37  |___/  \__,_|\___/\____/ |___/\___/|_| |_\____/ \__\__,_|\___|_|\_\
2015-09-04 @ 11:56:37  

2015-09-04 @ 11:56:37  

2015-09-04 @ 11:56:37  ETL Host : 127.0.0.1:7000
2015-09-04 @ 11:56:37  Executing Stack Transfer @ 2015-9-4  11:56:37
2015-09-04 @ 11:56:37  Abstract File Name : com.ddd.com-asdf-{D5922A61-5207-11E5-BEE8-A39BA07AD6F6}.txt
2015-09-04 @ 11:56:37  Successfully transferred one INSERT object to ETL interface!
2015-09-04 @ 11:56:37  Abstract File Name : com.ddd.com-asdf-{D5922A61-5207-11E5-BEE8-A39BA07AD6F6}.txt
2015-09-04 @ 11:56:37  Abstract File Name : JsonStack/Old/POST/com.ddd.com-asdf-{D5922A61-5207-11E5-BEE8-A39BA07AD6F6}.txt
2015-09-04 @ 11:56:37  Creating : JsonStack/Old/POST/com.ddd.com-asdf-{D5922A61-5207-11E5-BEE8-A39BA07AD6F6}.txt
2015-09-04 @ 11:56:37  Abstract File Name : com.ddd.com-asdf-{D5922A61-5207-11E5-BEE8-A39BA07AD6F6}.txt
2015-09-04 @ 11:56:37  Deleting : com.ddd.com-asdf-{D5922A61-5207-11E5-BEE8-A39BA07AD6F6}.txt
2015-09-04 @ 11:56:37  Abstract File Name : com.ddd.com-asdf-{F7552BB7-5207-11E5-B9A3-A39BA07AD6F6}.txt
2015-09-04 @ 11:56:37  Successfully transferred one INSERT object to ETL interface!
2015-09-04 @ 11:56:37  Abstract File Name : com.ddd.com-asdf-{F7552BB7-5207-11E5-B9A3-A39BA07AD6F6}.txt
2015-09-04 @ 11:56:37  Abstract File Name : JsonStack/Old/POST/com.ddd.com-asdf-{F7552BB7-5207-11E5-B9A3-A39BA07AD6F6}.txt
2015-09-04 @ 11:56:37  Creating : JsonStack/Old/POST/com.ddd.com-asdf-{F7552BB7-5207-11E5-B9A3-A39BA07AD6F6}.txt
2015-09-04 @ 11:56:37  Abstract File Name : com.ddd.com-asdf-{F7552BB7-5207-11E5-B9A3-A39BA07AD6F6}.txt
2015-09-04 @ 11:56:37  Deleting : com.ddd.com-asdf-{F7552BB7-5207-11E5-B9A3-A39BA07AD6F6}.txt
2015-09-04 @ 11:56:37  Abstract File Name : com.ddd.com-asdf-{E3F7B178-5207-11E5-8E5B-A39BA07AD6F6}.txt
2015-09-04 @ 11:56:37  Successfully transferred one UPDATE object to ETL interface!
2015-09-04 @ 11:56:37  Abstract File Name : com.ddd.com-asdf-{E3F7B178-5207-11E5-8E5B-A39BA07AD6F6}.txt
2015-09-04 @ 11:56:37  Abstract File Name : JsonStack/Old/PUT/com.ddd.com-asdf-{E3F7B178-5207-11E5-8E5B-A39BA07AD6F6}.txt
2015-09-04 @ 11:56:37  Creating : JsonStack/Old/PUT/com.ddd.com-asdf-{E3F7B178-5207-11E5-8E5B-A39BA07AD6F6}.txt
2015-09-04 @ 11:56:37  Abstract File Name : com.ddd.com-asdf-{E3F7B178-5207-11E5-8E5B-A39BA07AD6F6}.txt
2015-09-04 @ 11:56:37  Deleting : com.ddd.com-asdf-{E3F7B178-5207-11E5-8E5B-A39BA07AD6F6}.txt
2015-09-04 @ 11:56:37  Abstract File Name : com.ddd.com-asdf-{FA1ED7D9-5207-11E5-8C4B-A39BA07AD6F6}.txt
2015-09-04 @ 11:56:37  Successfully transferred one UPDATE object to ETL interface!
2015-09-04 @ 11:56:37  Abstract File Name : com.ddd.com-asdf-{FA1ED7D9-5207-11E5-8C4B-A39BA07AD6F6}.txt
2015-09-04 @ 11:56:37  Abstract File Name : JsonStack/Old/PUT/com.ddd.com-asdf-{FA1ED7D9-5207-11E5-8C4B-A39BA07AD6F6}.txt
2015-09-04 @ 11:56:37  Creating : JsonStack/Old/PUT/com.ddd.com-asdf-{FA1ED7D9-5207-11E5-8C4B-A39BA07AD6F6}.txt
2015-09-04 @ 11:56:37  Abstract File Name : com.ddd.com-asdf-{FA1ED7D9-5207-11E5-8C4B-A39BA07AD6F6}.txt
2015-09-04 @ 11:56:37  Deleting : com.ddd.com-asdf-{FA1ED7D9-5207-11E5-8C4B-A39BA07AD6F6}.txt
2015-09-04 @ 11:56:37  Abstract File Name : com.ddd.com-asdf-{E68E28C6-5207-11E5-BEE8-A39BA07AD6F6}.txt
2015-09-04 @ 11:56:37  Successfully transferred one DELETE object to ETL interface!
2015-09-04 @ 11:56:37  Abstract File Name : com.ddd.com-asdf-{E68E28C6-5207-11E5-BEE8-A39BA07AD6F6}.txt
2015-09-04 @ 11:56:37  Abstract File Name : JsonStack/Old/DELETE/com.ddd.com-asdf-{E68E28C6-5207-11E5-BEE8-A39BA07AD6F6}.txt
2015-09-04 @ 11:56:37  Creating : JsonStack/Old/DELETE/com.ddd.com-asdf-{E68E28C6-5207-11E5-BEE8-A39BA07AD6F6}.txt
2015-09-04 @ 11:56:37  Abstract File Name : com.ddd.com-asdf-{E68E28C6-5207-11E5-BEE8-A39BA07AD6F6}.txt
2015-09-04 @ 11:56:37  Deleting : com.ddd.com-asdf-{E68E28C6-5207-11E5-BEE8-A39BA07AD6F6}.txt
2015-09-04 @ 11:56:37  Abstract File Name : com.ddd.com-asdf-{FC5E6975-5207-11E5-90FB-A39BA07AD6F6}.txt
2015-09-04 @ 11:56:37  Successfully transferred one DELETE object to ETL interface!
2015-09-04 @ 11:56:37  Abstract File Name : com.ddd.com-asdf-{FC5E6975-5207-11E5-90FB-A39BA07AD6F6}.txt
2015-09-04 @ 11:56:37  Abstract File Name : JsonStack/Old/DELETE/com.ddd.com-asdf-{FC5E6975-5207-11E5-90FB-A39BA07AD6F6}.txt
2015-09-04 @ 11:56:37  Creating : JsonStack/Old/DELETE/com.ddd.com-asdf-{FC5E6975-5207-11E5-90FB-A39BA07AD6F6}.txt
2015-09-04 @ 11:56:37  Abstract File Name : com.ddd.com-asdf-{FC5E6975-5207-11E5-90FB-A39BA07AD6F6}.txt
2015-09-04 @ 11:56:37  Deleting : com.ddd.com-asdf-{FC5E6975-5207-11E5-90FB-A39BA07AD6F6}.txt
2015-09-04 @ 11:56:37  Transfer Cycle Completed!
2015-09-04 @ 11:59:13  Starting Json Stack Server for Duo V6.....
2015-09-04 @ 11:59:13  

2015-09-04 @ 11:59:13  

2015-09-04 @ 11:59:13  ______               ___                  _____ _             _ 
2015-09-04 @ 11:59:13  |  _  \             |_  |                /  ___| |           | |   
2015-09-04 @ 11:59:13  | | | |_   _  ___     | | ___  ___  _ __ \ `--.| |_ __ _  ___| | __
2015-09-04 @ 11:59:13  | | | | | | |/ _ \    | |/ __|/ _ \| '_ \ `--. \ __/ _` |/ __| |/ /
2015-09-04 @ 11:59:13  | |/ /| |_| | (_) /\__/ /\__ \ (_) | | | /\__/ / || (_| | (__|   < 
2015-09-04 @ 11:59:13  |___/  \__,_|\___/\____/ |___/\___/|_| |_\____/ \__\__,_|\___|_|\_\
2015-09-04 @ 11:59:13  

2015-09-04 @ 11:59:13  

2015-09-04 @ 11:59:13  ETL Host : 127.0.0.1:7000
2015-09-04 @ 11:59:13  Executing Stack Transfer @ 2015-9-4  11:59:13
2015-09-04 @ 11:59:13  Abstract File Name : com.ddd.com-asdf-{D5922A61-5207-11E5-BEE8-A39BA07AD6F6}.txt
2015-09-04 @ 11:59:13  Successfully transferred one INSERT object to ETL interface!
2015-09-04 @ 11:59:13  Abstract File Name : com.ddd.com-asdf-{D5922A61-5207-11E5-BEE8-A39BA07AD6F6}.txt
2015-09-04 @ 11:59:13  Abstract File Name : JsonStack/Old/POST/com.ddd.com-asdf-{D5922A61-5207-11E5-BEE8-A39BA07AD6F6}.txt
2015-09-04 @ 11:59:13  Creating : JsonStack/Old/POST/com.ddd.com-asdf-{D5922A61-5207-11E5-BEE8-A39BA07AD6F6}.txt
2015-09-04 @ 11:59:13  Abstract File Name : com.ddd.com-asdf-{D5922A61-5207-11E5-BEE8-A39BA07AD6F6}.txt
2015-09-04 @ 11:59:13  Deleting : com.ddd.com-asdf-{D5922A61-5207-11E5-BEE8-A39BA07AD6F6}.txt
2015-09-04 @ 11:59:13  Abstract File Name : com.ddd.com-asdf-{F7552BB7-5207-11E5-B9A3-A39BA07AD6F6}.txt
2015-09-04 @ 11:59:13  Successfully transferred one INSERT object to ETL interface!
2015-09-04 @ 11:59:13  Abstract File Name : com.ddd.com-asdf-{F7552BB7-5207-11E5-B9A3-A39BA07AD6F6}.txt
2015-09-04 @ 11:59:13  Abstract File Name : JsonStack/Old/POST/com.ddd.com-asdf-{F7552BB7-5207-11E5-B9A3-A39BA07AD6F6}.txt
2015-09-04 @ 11:59:13  Creating : JsonStack/Old/POST/com.ddd.com-asdf-{F7552BB7-5207-11E5-B9A3-A39BA07AD6F6}.txt
2015-09-04 @ 11:59:13  Abstract File Name : com.ddd.com-asdf-{F7552BB7-5207-11E5-B9A3-A39BA07AD6F6}.txt
2015-09-04 @ 11:59:13  Deleting : com.ddd.com-asdf-{F7552BB7-5207-11E5-B9A3-A39BA07AD6F6}.txt
2015-09-04 @ 11:59:13  Abstract File Name : com.ddd.com-asdf-{E3F7B178-5207-11E5-8E5B-A39BA07AD6F6}.txt
2015-09-04 @ 11:59:13  Successfully transferred one UPDATE object to ETL interface!
2015-09-04 @ 11:59:13  Abstract File Name : com.ddd.com-asdf-{E3F7B178-5207-11E5-8E5B-A39BA07AD6F6}.txt
2015-09-04 @ 11:59:13  Abstract File Name : JsonStack/Old/PUT/com.ddd.com-asdf-{E3F7B178-5207-11E5-8E5B-A39BA07AD6F6}.txt
2015-09-04 @ 11:59:13  Creating : JsonStack/Old/PUT/com.ddd.com-asdf-{E3F7B178-5207-11E5-8E5B-A39BA07AD6F6}.txt
2015-09-04 @ 11:59:13  Abstract File Name : com.ddd.com-asdf-{E3F7B178-5207-11E5-8E5B-A39BA07AD6F6}.txt
2015-09-04 @ 11:59:13  Deleting : com.ddd.com-asdf-{E3F7B178-5207-11E5-8E5B-A39BA07AD6F6}.txt
2015-09-04 @ 11:59:13  Abstract File Name : com.ddd.com-asdf-{FA1ED7D9-5207-11E5-8C4B-A39BA07AD6F6}.txt
2015-09-04 @ 11:59:13  Successfully transferred one UPDATE object to ETL interface!
2015-09-04 @ 11:59:13  Abstract File Name : com.ddd.com-asdf-{FA1ED7D9-5207-11E5-8C4B-A39BA07AD6F6}.txt
2015-09-04 @ 11:59:13  Abstract File Name : JsonStack/Old/PUT/com.ddd.com-asdf-{FA1ED7D9-5207-11E5-8C4B-A39BA07AD6F6}.txt
2015-09-04 @ 11:59:13  Creating : JsonStack/Old/PUT/com.ddd.com-asdf-{FA1ED7D9-5207-11E5-8C4B-A39BA07AD6F6}.txt
2015-09-04 @ 11:59:13  Abstract File Name : com.ddd.com-asdf-{FA1ED7D9-5207-11E5-8C4B-A39BA07AD6F6}.txt
2015-09-04 @ 11:59:13  Deleting : com.ddd.com-asdf-{FA1ED7D9-5207-11E5-8C4B-A39BA07AD6F6}.txt
2015-09-04 @ 11:59:13  Abstract File Name : com.ddd.com-asdf-{E68E28C6-5207-11E5-BEE8-A39BA07AD6F6}.txt
2015-09-04 @ 11:59:13  Successfully transferred one DELETE object to ETL interface!
2015-09-04 @ 11:59:13  Abstract File Name : com.ddd.com-asdf-{E68E28C6-5207-11E5-BEE8-A39BA07AD6F6}.txt
2015-09-04 @ 11:59:13  Abstract File Name : JsonStack/Old/DELETE/com.ddd.com-asdf-{E68E28C6-5207-11E5-BEE8-A39BA07AD6F6}.txt
2015-09-04 @ 11:59:13  Creating : JsonStack/Old/DELETE/com.ddd.com-asdf-{E68E28C6-5207-11E5-BEE8-A39BA07AD6F6}.txt
2015-09-04 @ 11:59:13  Abstract File Name : com.ddd.com-asdf-{E68E28C6-5207-11E5-BEE8-A39BA07AD6F6}.txt
2015-09-04 @ 11:59:13  Deleting : com.ddd.com-asdf-{E68E28C6-5207-11E5-BEE8-A39BA07AD6F6}.txt
2015-09-04 @ 11:59:13  Abstract File Name : com.ddd.com-asdf-{FC5E6975-5207-11E5-90FB-A39BA07AD6F6}.txt
2015-09-04 @ 11:59:13  Successfully transferred one DELETE object to ETL interface!
2015-09-04 @ 11:59:13  Abstract File Name : com.ddd.com-asdf-{FC5E6975-5207-11E5-90FB-A39BA07AD6F6}.txt
2015-09-04 @ 11:59:13  Abstract File Name : JsonStack/Old/DELETE/com.ddd.com-asdf-{FC5E6975-5207-11E5-90FB-A39BA07AD6F6}.txt
2015-09-04 @ 11:59:13  Creating : JsonStack/Old/DELETE/com.ddd.com-asdf-{FC5E6975-5207-11E5-90FB-A39BA07AD6F6}.txt
2015-09-04 @ 11:59:13  Abstract File Name : com.ddd.com-asdf-{FC5E6975-5207-11E5-90FB-A39BA07AD6F6}.txt
2015-09-04 @ 11:59:13  Deleting : com.ddd.com-asdf-{FC5E6975-5207-11E5-90FB-A39BA07AD6F6}.txt
2015-09-04 @ 11:59:13  Transfer Cycle Completed!
2015-09-04 @ 11:59:37  Executing Stack Transfer @ 2015-9-4  11:59:37
2015-09-04 @ 11:59:37  No new POST Objects Found!
2015-09-04 @ 11:59:37  No new PUT Objects Found!
2015-09-04 @ 11:59:37  No new DELETE Objects Found!
2015-09-04 @ 11:59:37  Transfer Cycle Completed!
