2015-03-11 @ 13:41:59  Starting replicated storage engine
2015-03-11 @ 13:41:59  Getting settings for single insert
2015-03-11 @ 13:41:59  Executing repository : Elastic Search
2015-03-11 @ 13:41:59  Establishing new connection for Elastic Search 192.168.1.201:9200
2015-03-11 @ 13:41:59  Reusing existing Elastic Search connection 
2015-03-11 @ 13:41:59  Inserting single object to Elastic Search : schedule.newobject.ref1ImageConverter
2015-03-11 @ 13:42:00  Successfully inserted one to elastic search
2015-03-11 @ 13:42:00  Executing repository : Elastic Search - Success
2015-03-11 @ 13:43:23  Starting replicated storage engine
2015-03-11 @ 13:43:23  Getting settings for single insert
2015-03-11 @ 13:43:23  Executing repository : Elastic Search
2015-03-11 @ 13:43:23  Establishing new connection for Elastic Search 192.168.1.201:9200
2015-03-11 @ 13:43:23  Reusing existing Elastic Search connection 
2015-03-11 @ 13:43:23  Inserting single object to Elastic Search : schedule.newobject.ref1ImageConverter
2015-03-11 @ 13:43:23  Successfully inserted one to elastic search
2015-03-11 @ 13:43:23  Executing repository : Elastic Search - Success
2015-03-11 @ 13:47:12  Starting replicated storage engine
2015-03-11 @ 13:47:12  Getting settings for single insert
2015-03-11 @ 13:47:12  Executing repository : Elastic Search
2015-03-11 @ 13:47:12  Establishing new connection for Elastic Search 192.168.1.201:9200
2015-03-11 @ 13:47:12  Reusing existing Elastic Search connection 
2015-03-11 @ 13:47:12  Inserting single object to Elastic Search : schedule.newobject.ref1ImageConverter
2015-03-11 @ 13:47:12  Successfully inserted one to elastic search
2015-03-11 @ 13:47:12  Executing repository : Elastic Search - Success
2015-03-11 @ 13:49:14  Starting replicated storage engine
2015-03-11 @ 13:49:14  Getting settings for single insert
2015-03-11 @ 13:49:14  Executing repository : Elastic Search
2015-03-11 @ 13:49:14  Establishing new connection for Elastic Search 192.168.1.201:9200
2015-03-11 @ 13:49:14  Reusing existing Elastic Search connection 
2015-03-11 @ 13:49:14  Inserting single object to Elastic Search : schedule.newobject.ref1ImageConverter
2015-03-11 @ 13:49:14  Successfully inserted one to elastic search
2015-03-11 @ 13:49:14  Executing repository : Elastic Search - Success
2015-03-11 @ 13:54:35  Starting replicated storage engine
2015-03-11 @ 13:54:35  Getting settings for single insert
2015-03-11 @ 13:54:35  Executing repository : Elastic Search
2015-03-11 @ 13:54:35  Establishing new connection for Elastic Search 192.168.1.201:9200
2015-03-11 @ 13:54:35  Reusing existing Elastic Search connection 
2015-03-11 @ 13:54:35  Inserting single object to Elastic Search : schedule.newobject.ref1ImageConverter
2015-03-11 @ 13:54:35  Successfully inserted one to elastic search
2015-03-11 @ 13:54:35  Executing repository : Elastic Search - Success
2015-03-11 @ 13:56:58  Starting replicated storage engine
2015-03-11 @ 13:56:58  Getting settings for single insert
2015-03-11 @ 13:56:58  Executing repository : Elastic Search
2015-03-11 @ 13:56:58  Establishing new connection for Elastic Search 192.168.1.201:9200
2015-03-11 @ 13:56:58  Reusing existing Elastic Search connection 
2015-03-11 @ 13:56:58  Inserting single object to Elastic Search : schedule.newobject.ref1ImageConverter
2015-03-11 @ 13:56:58  Successfully inserted one to elastic search
2015-03-11 @ 13:56:58  Executing repository : Elastic Search - Success
2015-03-11 @ 14:02:00  Starting replicated storage engine
2015-03-11 @ 14:02:00  Getting settings for single insert
2015-03-11 @ 14:02:00  Executing repository : Elastic Search
2015-03-11 @ 14:02:00  Establishing new connection for Elastic Search 192.168.1.201:9200
2015-03-11 @ 14:02:00  Reusing existing Elastic Search connection 
2015-03-11 @ 14:02:00  Inserting single object to Elastic Search : schedule.newobject.ref1ImageConverter
2015-03-11 @ 14:02:00  Successfully inserted one to elastic search
2015-03-11 @ 14:02:00  Executing repository : Elastic Search - Success
2015-03-11 @ 14:09:44  Starting replicated storage engine
2015-03-11 @ 14:09:44  Getting settings for single insert
2015-03-11 @ 14:09:44  Executing repository : Elastic Search
2015-03-11 @ 14:09:44  Establishing new connection for Elastic Search 192.168.1.201:9200
2015-03-11 @ 14:09:44  Reusing existing Elastic Search connection 
2015-03-11 @ 14:09:44  Inserting single object to Elastic Search : schedule.newobject.ref1ImageConverter
2015-03-11 @ 14:09:44  Successfully inserted one to elastic search
2015-03-11 @ 14:09:44  Executing repository : Elastic Search - Success
2015-03-11 @ 14:10:01  Starting replicated storage engine
2015-03-11 @ 14:10:01  Getting settings for single insert
2015-03-11 @ 14:10:01  Executing repository : Elastic Search
2015-03-11 @ 14:10:01  Establishing new connection for Elastic Search 192.168.1.201:9200
2015-03-11 @ 14:10:01  Reusing existing Elastic Search connection 
2015-03-11 @ 14:10:01  Inserting single object to Elastic Search : schedule.newobject.ref1ImageConverter
2015-03-11 @ 14:10:01  Successfully inserted one to elastic search
2015-03-11 @ 14:10:01  Executing repository : Elastic Search - Success
2015-03-11 @ 14:13:28  Starting replicated storage engine
2015-03-11 @ 14:13:28  Getting settings for single insert
2015-03-11 @ 14:13:28  Executing repository : Elastic Search
2015-03-11 @ 14:13:28  Establishing new connection for Elastic Search 192.168.1.201:9200
2015-03-11 @ 14:13:28  Reusing existing Elastic Search connection 
2015-03-11 @ 14:13:28  Inserting single object to Elastic Search : schedule.newobject.ref1ImageConverter
2015-03-11 @ 14:13:28  Successfully inserted one to elastic search
2015-03-11 @ 14:13:28  Executing repository : Elastic Search - Success
2015-03-11 @ 14:14:20  Starting replicated storage engine
2015-03-11 @ 14:14:20  Getting settings for single insert
2015-03-11 @ 14:14:20  Executing repository : Elastic Search
2015-03-11 @ 14:14:20  Establishing new connection for Elastic Search 192.168.1.201:9200
2015-03-11 @ 14:14:20  Reusing existing Elastic Search connection 
2015-03-11 @ 14:14:20  Inserting single object to Elastic Search : schedule.newobject.ref1ImageConverter
2015-03-11 @ 14:14:20  Successfully inserted one to elastic search
2015-03-11 @ 14:14:20  Executing repository : Elastic Search - Success
2015-03-11 @ 14:15:32  Starting replicated storage engine
2015-03-11 @ 14:15:32  Getting settings for single insert
2015-03-11 @ 14:15:32  Executing repository : Elastic Search
2015-03-11 @ 14:15:32  Establishing new connection for Elastic Search 192.168.1.201:9200
2015-03-11 @ 14:15:32  Reusing existing Elastic Search connection 
2015-03-11 @ 14:15:32  Inserting single object to Elastic Search : schedule.newobject.ref1ImageConverter
2015-03-11 @ 14:15:32  Successfully inserted one to elastic search
2015-03-11 @ 14:15:32  Executing repository : Elastic Search - Success
2015-03-11 @ 14:17:37  Starting replicated storage engine
2015-03-11 @ 14:17:37  Getting settings for single insert
2015-03-11 @ 14:17:37  Executing repository : Elastic Search
2015-03-11 @ 14:17:37  Establishing new connection for Elastic Search 192.168.1.201:9200
2015-03-11 @ 14:17:37  Reusing existing Elastic Search connection 
2015-03-11 @ 14:17:37  Inserting single object to Elastic Search : schedule.newobject.ref1ImageConverter
2015-03-11 @ 14:17:37  Successfully inserted one to elastic search
2015-03-11 @ 14:17:37  Executing repository : Elastic Search - Success
2015-03-11 @ 14:21:25  Starting replicated storage engine
2015-03-11 @ 14:21:25  Getting settings for single insert
2015-03-11 @ 14:21:25  Executing repository : Elastic Search
2015-03-11 @ 14:21:25  Establishing new connection for Elastic Search 192.168.1.201:9200
2015-03-11 @ 14:21:25  Reusing existing Elastic Search connection 
2015-03-11 @ 14:21:25  Inserting single object to Elastic Search : schedule.newobject.ref1ImageConverter
2015-03-11 @ 14:21:25  Successfully inserted one to elastic search
2015-03-11 @ 14:21:25  Executing repository : Elastic Search - Success
2015-03-11 @ 14:24:09  Starting replicated storage engine
2015-03-11 @ 14:24:09  Getting settings for single insert
2015-03-11 @ 14:24:09  Executing repository : Elastic Search
2015-03-11 @ 14:24:09  Establishing new connection for Elastic Search 192.168.1.201:9200
2015-03-11 @ 14:24:09  Reusing existing Elastic Search connection 
2015-03-11 @ 14:24:09  Inserting single object to Elastic Search : schedule.newobject.ref1ImageConverter
2015-03-11 @ 14:24:09  Successfully inserted one to elastic search
2015-03-11 @ 14:24:09  Executing repository : Elastic Search - Success
2015-03-11 @ 14:25:24  Starting replicated storage engine
2015-03-11 @ 14:25:24  Getting settings for single insert
2015-03-11 @ 14:25:24  Executing repository : Elastic Search
2015-03-11 @ 14:25:24  Establishing new connection for Elastic Search 192.168.1.201:9200
2015-03-11 @ 14:25:24  Reusing existing Elastic Search connection 
2015-03-11 @ 14:25:24  Inserting single object to Elastic Search : schedule.newobject.ref1ImageConverter
2015-03-11 @ 14:25:24  Successfully inserted one to elastic search
2015-03-11 @ 14:25:24  Executing repository : Elastic Search - Success
2015-03-11 @ 14:25:34  Starting replicated storage engine
2015-03-11 @ 14:25:34  Getting settings for single insert
2015-03-11 @ 14:25:34  Executing repository : Elastic Search
2015-03-11 @ 14:25:34  Establishing new connection for Elastic Search 192.168.1.201:9200
2015-03-11 @ 14:25:34  Reusing existing Elastic Search connection 
2015-03-11 @ 14:25:34  Inserting single object to Elastic Search : schedule.newobject.ref1ImageConverter
2015-03-11 @ 14:25:34  Successfully inserted one to elastic search
2015-03-11 @ 14:25:34  Executing repository : Elastic Search - Success
2015-03-11 @ 14:30:56  Starting replicated storage engine
2015-03-11 @ 14:30:56  Getting settings for single insert
2015-03-11 @ 14:30:56  Executing repository : Elastic Search
2015-03-11 @ 14:30:56  Establishing new connection for Elastic Search 192.168.1.201:9200
2015-03-11 @ 14:30:56  Reusing existing Elastic Search connection 
2015-03-11 @ 14:30:56  Inserting single object to Elastic Search : schedule.newobject.ref1ImageConverter
2015-03-11 @ 14:30:56  Successfully inserted one to elastic search
2015-03-11 @ 14:30:56  Executing repository : Elastic Search - Success
2015-03-11 @ 14:31:46  Starting replicated storage engine
2015-03-11 @ 14:31:46  Getting settings for single insert
2015-03-11 @ 14:31:46  Executing repository : Elastic Search
2015-03-11 @ 14:31:46  Establishing new connection for Elastic Search 192.168.1.201:9200
2015-03-11 @ 14:31:46  Reusing existing Elastic Search connection 
2015-03-11 @ 14:31:46  Inserting single object to Elastic Search : schedule.newobject.ref1ImageConverter
2015-03-11 @ 14:31:46  Successfully inserted one to elastic search
2015-03-11 @ 14:31:46  Executing repository : Elastic Search - Success
2015-03-11 @ 14:32:23  Starting replicated storage engine
2015-03-11 @ 14:32:23  Getting settings for single insert
2015-03-11 @ 14:32:23  Executing repository : Elastic Search
2015-03-11 @ 14:32:23  Establishing new connection for Elastic Search 192.168.1.201:9200
2015-03-11 @ 14:32:23  Reusing existing Elastic Search connection 
2015-03-11 @ 14:32:23  Inserting single object to Elastic Search : schedule.newobject.ref1ImageConverter
2015-03-11 @ 14:32:23  Successfully inserted one to elastic search
2015-03-11 @ 14:32:23  Executing repository : Elastic Search - Success
2015-03-11 @ 14:32:39  Starting replicated storage engine
2015-03-11 @ 14:32:39  Getting settings for single insert
2015-03-11 @ 14:32:39  Executing repository : Elastic Search
2015-03-11 @ 14:32:39  Establishing new connection for Elastic Search 192.168.1.201:9200
2015-03-11 @ 14:32:39  Reusing existing Elastic Search connection 
2015-03-11 @ 14:32:39  Inserting single object to Elastic Search : schedule.newobject.ref1ImageConverter
2015-03-11 @ 14:32:39  Successfully inserted one to elastic search
2015-03-11 @ 14:32:39  Executing repository : Elastic Search - Success
2015-03-11 @ 14:40:30  Starting replicated storage engine
2015-03-11 @ 14:40:30  Getting settings for single insert
2015-03-11 @ 14:40:30  Executing repository : Elastic Search
2015-03-11 @ 14:40:30  Establishing new connection for Elastic Search 192.168.1.201:9200
2015-03-11 @ 14:40:30  Reusing existing Elastic Search connection 
2015-03-11 @ 14:40:30  Inserting single object to Elastic Search : schedule.newobject.ref1ImageConverter
2015-03-11 @ 14:40:30  Successfully inserted one to elastic search
2015-03-11 @ 14:40:30  Executing repository : Elastic Search - Success
2015-03-11 @ 14:40:37  Starting replicated storage engine
2015-03-11 @ 14:40:37  Getting settings for single insert
2015-03-11 @ 14:40:37  Executing repository : Elastic Search
2015-03-11 @ 14:40:37  Establishing new connection for Elastic Search 192.168.1.201:9200
2015-03-11 @ 14:40:37  Reusing existing Elastic Search connection 
2015-03-11 @ 14:40:37  Inserting single object to Elastic Search : schedule.newobject.ref1ImageConverter
2015-03-11 @ 14:40:37  Successfully inserted one to elastic search
2015-03-11 @ 14:40:37  Executing repository : Elastic Search - Success
2015-03-11 @ 14:41:11  Starting replicated storage engine
2015-03-11 @ 14:41:11  Getting settings for single insert
2015-03-11 @ 14:41:11  Executing repository : Elastic Search
2015-03-11 @ 14:41:11  Establishing new connection for Elastic Search 192.168.1.201:9200
2015-03-11 @ 14:41:11  Reusing existing Elastic Search connection 
2015-03-11 @ 14:41:11  Inserting single object to Elastic Search : schedule.newobject.ref1ImageConverter
2015-03-11 @ 14:41:11  Successfully inserted one to elastic search
2015-03-11 @ 14:41:11  Executing repository : Elastic Search - Success
2015-03-11 @ 14:42:26  Starting replicated storage engine
2015-03-11 @ 14:42:26  Getting settings for single insert
2015-03-11 @ 14:42:26  Executing repository : Elastic Search
2015-03-11 @ 14:42:26  Establishing new connection for Elastic Search 192.168.1.201:9200
2015-03-11 @ 14:42:26  Reusing existing Elastic Search connection 
2015-03-11 @ 14:42:26  Inserting single object to Elastic Search : schedule.newobject.ref1ImageConverter
2015-03-11 @ 14:42:26  Successfully inserted one to elastic search
2015-03-11 @ 14:42:26  Executing repository : Elastic Search - Success
2015-03-11 @ 14:43:50  Starting replicated storage engine
2015-03-11 @ 14:43:50  Getting settings for single insert
2015-03-11 @ 14:43:50  Executing repository : Elastic Search
2015-03-11 @ 14:43:50  Establishing new connection for Elastic Search 192.168.1.201:9200
2015-03-11 @ 14:43:50  Reusing existing Elastic Search connection 
2015-03-11 @ 14:43:50  Inserting single object to Elastic Search : schedule.newobject.ref1ImageConverter
2015-03-11 @ 14:43:50  Successfully inserted one to elastic search
2015-03-11 @ 14:43:50  Executing repository : Elastic Search - Success
2015-03-11 @ 14:46:07  Starting replicated storage engine
2015-03-11 @ 14:46:07  Getting settings for single insert
2015-03-11 @ 14:46:08  Executing repository : Elastic Search
2015-03-11 @ 14:46:08  Establishing new connection for Elastic Search 192.168.1.201:9200
2015-03-11 @ 14:46:08  Reusing existing Elastic Search connection 
2015-03-11 @ 14:46:08  Inserting single object to Elastic Search : schedule.newobject.ref1ImageConverter
2015-03-11 @ 14:46:08  Successfully inserted one to elastic search
2015-03-11 @ 14:46:08  Executing repository : Elastic Search - Success
2015-03-11 @ 14:47:42  Starting replicated storage engine
2015-03-11 @ 14:47:42  Getting settings for single insert
2015-03-11 @ 14:47:42  Executing repository : Elastic Search
2015-03-11 @ 14:47:42  Establishing new connection for Elastic Search 192.168.1.201:9200
2015-03-11 @ 14:47:42  Reusing existing Elastic Search connection 
2015-03-11 @ 14:47:42  Inserting single object to Elastic Search : schedule.newobject.ref1ImageConverter
2015-03-11 @ 14:47:43  Successfully inserted one to elastic search
2015-03-11 @ 14:47:43  Executing repository : Elastic Search - Success
2015-03-11 @ 14:48:07  Starting replicated storage engine
2015-03-11 @ 14:48:07  Getting settings for single insert
2015-03-11 @ 14:48:07  Executing repository : Elastic Search
2015-03-11 @ 14:48:07  Establishing new connection for Elastic Search 192.168.1.201:9200
2015-03-11 @ 14:48:07  Reusing existing Elastic Search connection 
2015-03-11 @ 14:48:07  Inserting single object to Elastic Search : schedule.newobject.ref1ImageConverter
2015-03-11 @ 14:48:07  Successfully inserted one to elastic search
2015-03-11 @ 14:48:07  Executing repository : Elastic Search - Success
2015-03-11 @ 14:52:07  Starting replicated storage engine
2015-03-11 @ 14:52:07  Getting settings for single insert
2015-03-11 @ 14:52:07  Executing repository : Elastic Search
2015-03-11 @ 14:52:07  Establishing new connection for Elastic Search 192.168.1.201:9200
2015-03-11 @ 14:52:07  Reusing existing Elastic Search connection 
2015-03-11 @ 14:52:07  Inserting single object to Elastic Search : schedule.newobject.ref1ImageConverter
2015-03-11 @ 14:52:07  Successfully inserted one to elastic search
2015-03-11 @ 14:52:07  Executing repository : Elastic Search - Success
2015-03-11 @ 14:52:20  Starting replicated storage engine
2015-03-11 @ 14:52:20  Getting settings for single insert
2015-03-11 @ 14:52:20  Executing repository : Elastic Search
2015-03-11 @ 14:52:20  Establishing new connection for Elastic Search 192.168.1.201:9200
2015-03-11 @ 14:52:20  Reusing existing Elastic Search connection 
2015-03-11 @ 14:52:20  Inserting single object to Elastic Search : schedule.newobject.ref1ImageConverter
2015-03-11 @ 14:52:20  Successfully inserted one to elastic search
2015-03-11 @ 14:52:20  Executing repository : Elastic Search - Success
2015-03-11 @ 14:53:32  Starting replicated storage engine
2015-03-11 @ 14:53:32  Getting settings for single insert
2015-03-11 @ 14:53:32  Executing repository : Elastic Search
2015-03-11 @ 14:53:32  Establishing new connection for Elastic Search 192.168.1.201:9200
2015-03-11 @ 14:53:32  Reusing existing Elastic Search connection 
2015-03-11 @ 14:53:32  Inserting single object to Elastic Search : schedule.newobject.ref1ImageConverter
2015-03-11 @ 14:53:32  Successfully inserted one to elastic search
2015-03-11 @ 14:53:32  Executing repository : Elastic Search - Success
2015-03-11 @ 14:53:34  Starting replicated storage engine
2015-03-11 @ 14:53:34  Getting settings for single insert
2015-03-11 @ 14:53:34  Executing repository : Elastic Search
2015-03-11 @ 14:53:34  Establishing new connection for Elastic Search 192.168.1.201:9200
2015-03-11 @ 14:53:34  Reusing existing Elastic Search connection 
2015-03-11 @ 14:53:34  Inserting single object to Elastic Search : schedule.newobject.ref1ImageConverter
2015-03-11 @ 14:53:34  Successfully inserted one to elastic search
2015-03-11 @ 14:53:34  Executing repository : Elastic Search - Success
2015-03-11 @ 15:07:39  Starting replicated storage engine
2015-03-11 @ 15:07:39  Getting settings for single insert
2015-03-11 @ 15:07:39  Executing repository : Elastic Search
2015-03-11 @ 15:07:39  Establishing new connection for Elastic Search 192.168.1.201:9200
2015-03-11 @ 15:07:39  Reusing existing Elastic Search connection 
2015-03-11 @ 15:07:39  Inserting single object to Elastic Search : schedule.newobject.ref1ImageConverter
2015-03-11 @ 15:07:39  Successfully inserted one to elastic search
2015-03-11 @ 15:07:39  Executing repository : Elastic Search - Success
2015-03-11 @ 15:09:43  Starting replicated storage engine
2015-03-11 @ 15:09:43  Getting settings for single insert
2015-03-11 @ 15:09:43  Executing repository : Elastic Search
2015-03-11 @ 15:09:43  Establishing new connection for Elastic Search 192.168.1.201:9200
2015-03-11 @ 15:09:43  Reusing existing Elastic Search connection 
2015-03-11 @ 15:09:43  Inserting single object to Elastic Search : schedule.newobject.ref1ImageConverter
2015-03-11 @ 15:09:43  Successfully inserted one to elastic search
2015-03-11 @ 15:09:43  Executing repository : Elastic Search - Success
2015-03-11 @ 15:12:45  Starting replicated storage engine
2015-03-11 @ 15:12:45  Getting settings for single insert
2015-03-11 @ 15:12:45  Executing repository : Elastic Search
2015-03-11 @ 15:12:45  Establishing new connection for Elastic Search 192.168.1.201:9200
2015-03-11 @ 15:12:45  Reusing existing Elastic Search connection 
2015-03-11 @ 15:12:45  Inserting single object to Elastic Search : schedule.newobject.ref1ImageConverter
2015-03-11 @ 15:12:45  Successfully inserted one to elastic search
2015-03-11 @ 15:12:45  Executing repository : Elastic Search - Success
2015-03-11 @ 15:12:56  Starting replicated storage engine
2015-03-11 @ 15:12:56  Getting settings for single insert
2015-03-11 @ 15:12:56  Executing repository : Elastic Search
2015-03-11 @ 15:12:56  Establishing new connection for Elastic Search 192.168.1.201:9200
2015-03-11 @ 15:12:56  Reusing existing Elastic Search connection 
2015-03-11 @ 15:12:56  Inserting single object to Elastic Search : schedule.newobject.ref1ImageConverter
2015-03-11 @ 15:12:56  Successfully inserted one to elastic search
2015-03-11 @ 15:12:56  Executing repository : Elastic Search - Success
2015-03-11 @ 15:16:58  Starting replicated storage engine
2015-03-11 @ 15:16:58  Getting settings for single insert
2015-03-11 @ 15:16:58  Executing repository : Elastic Search
2015-03-11 @ 15:16:58  Establishing new connection for Elastic Search 192.168.1.201:9200
2015-03-11 @ 15:16:58  Reusing existing Elastic Search connection 
2015-03-11 @ 15:16:58  Inserting single object to Elastic Search : schedule.newobject.ref1ImageConverter
2015-03-11 @ 15:16:58  Successfully inserted one to elastic search
2015-03-11 @ 15:16:58  Executing repository : Elastic Search - Success
2015-03-11 @ 15:27:05  Starting replicated storage engine
2015-03-11 @ 15:27:05  Getting settings for single insert
2015-03-11 @ 15:27:05  Executing repository : Elastic Search
2015-03-11 @ 15:27:05  Establishing new connection for Elastic Search 192.168.1.201:9200
2015-03-11 @ 15:27:05  Reusing existing Elastic Search connection 
2015-03-11 @ 15:27:05  Inserting single object to Elastic Search : schedule.newobject.ref1ImageConverter
2015-03-11 @ 15:27:05  Successfully inserted one to elastic search
2015-03-11 @ 15:27:05  Executing repository : Elastic Search - Success
2015-03-11 @ 15:27:22  Starting replicated storage engine
2015-03-11 @ 15:27:22  Getting settings for single insert
2015-03-11 @ 15:27:22  Executing repository : Elastic Search
2015-03-11 @ 15:27:22  Establishing new connection for Elastic Search 192.168.1.201:9200
2015-03-11 @ 15:27:22  Reusing existing Elastic Search connection 
2015-03-11 @ 15:27:22  Inserting single object to Elastic Search : schedule.newobject.ref1ImageConverter
2015-03-11 @ 15:27:22  Successfully inserted one to elastic search
2015-03-11 @ 15:27:22  Executing repository : Elastic Search - Success
2015-03-11 @ 15:29:34  Starting replicated storage engine
2015-03-11 @ 15:29:34  Getting settings for single insert
2015-03-11 @ 15:29:34  Executing repository : Elastic Search
2015-03-11 @ 15:29:34  Establishing new connection for Elastic Search 192.168.1.201:9200
2015-03-11 @ 15:29:34  Reusing existing Elastic Search connection 
2015-03-11 @ 15:29:34  Inserting single object to Elastic Search : schedule.newobject.ref1ImageConverter
2015-03-11 @ 15:29:34  Successfully inserted one to elastic search
2015-03-11 @ 15:29:34  Executing repository : Elastic Search - Success
2015-03-11 @ 15:30:02  Starting replicated storage engine
2015-03-11 @ 15:30:02  Getting settings for single insert
2015-03-11 @ 15:30:02  Executing repository : Elastic Search
2015-03-11 @ 15:30:02  Establishing new connection for Elastic Search 192.168.1.201:9200
2015-03-11 @ 15:30:02  Reusing existing Elastic Search connection 
2015-03-11 @ 15:30:02  Inserting single object to Elastic Search : schedule.newobject.ref1ImageConverter
2015-03-11 @ 15:30:02  Successfully inserted one to elastic search
2015-03-11 @ 15:30:02  Executing repository : Elastic Search - Success
2015-03-11 @ 15:31:36  Starting replicated storage engine
2015-03-11 @ 15:31:36  Getting settings for single insert
2015-03-11 @ 15:31:36  Executing repository : Elastic Search
2015-03-11 @ 15:31:36  Establishing new connection for Elastic Search 192.168.1.201:9200
2015-03-11 @ 15:31:36  Reusing existing Elastic Search connection 
2015-03-11 @ 15:31:36  Inserting single object to Elastic Search : schedule.newobject.ref1ImageConverter
2015-03-11 @ 15:31:36  Successfully inserted one to elastic search
2015-03-11 @ 15:31:36  Executing repository : Elastic Search - Success
2015-03-11 @ 15:31:37  Starting replicated storage engine
2015-03-11 @ 15:31:37  Getting settings for single insert
2015-03-11 @ 15:31:37  Executing repository : Elastic Search
2015-03-11 @ 15:31:37  Establishing new connection for Elastic Search 192.168.1.201:9200
2015-03-11 @ 15:31:37  Reusing existing Elastic Search connection 
2015-03-11 @ 15:31:37  Inserting single object to Elastic Search : schedule.newobject.ref1ImageConverter
2015-03-11 @ 15:31:37  Successfully inserted one to elastic search
2015-03-11 @ 15:31:37  Executing repository : Elastic Search - Success
2015-03-11 @ 15:35:33  Starting replicated storage engine
2015-03-11 @ 15:35:33  Getting settings for single insert
2015-03-11 @ 15:35:33  Executing repository : Elastic Search
2015-03-11 @ 15:35:33  Establishing new connection for Elastic Search 192.168.1.201:9200
2015-03-11 @ 15:35:33  Reusing existing Elastic Search connection 
2015-03-11 @ 15:35:33  Inserting single object to Elastic Search : schedule.newobject.ref1ImageConverter
2015-03-11 @ 15:35:33  Successfully inserted one to elastic search
2015-03-11 @ 15:35:33  Executing repository : Elastic Search - Success
2015-03-11 @ 15:36:42  Starting replicated storage engine
2015-03-11 @ 15:36:42  Getting settings for single insert
2015-03-11 @ 15:36:42  Executing repository : Elastic Search
2015-03-11 @ 15:36:42  Establishing new connection for Elastic Search 192.168.1.201:9200
2015-03-11 @ 15:36:42  Reusing existing Elastic Search connection 
2015-03-11 @ 15:36:42  Inserting single object to Elastic Search : schedule.newobject.ref1ImageConverter
2015-03-11 @ 15:36:42  Successfully inserted one to elastic search
2015-03-11 @ 15:36:42  Executing repository : Elastic Search - Success
2015-03-11 @ 15:37:01  Starting replicated storage engine
2015-03-11 @ 15:37:01  Getting settings for single insert
2015-03-11 @ 15:37:01  Executing repository : Elastic Search
2015-03-11 @ 15:37:01  Establishing new connection for Elastic Search 192.168.1.201:9200
2015-03-11 @ 15:37:01  Reusing existing Elastic Search connection 
2015-03-11 @ 15:37:01  Inserting single object to Elastic Search : schedule.newobject.ref1ImageConverter
2015-03-11 @ 15:37:01  Successfully inserted one to elastic search
2015-03-11 @ 15:37:01  Executing repository : Elastic Search - Success
2015-03-11 @ 15:40:54  Starting replicated storage engine
2015-03-11 @ 15:40:54  Getting settings for single insert
2015-03-11 @ 15:40:54  Executing repository : Elastic Search
2015-03-11 @ 15:40:54  Establishing new connection for Elastic Search 192.168.1.201:9200
2015-03-11 @ 15:40:54  Reusing existing Elastic Search connection 
2015-03-11 @ 15:40:54  Inserting single object to Elastic Search : schedule.newobject.ref1ImageConverter
2015-03-11 @ 15:40:54  Successfully inserted one to elastic search
2015-03-11 @ 15:40:54  Executing repository : Elastic Search - Success
2015-03-11 @ 15:41:12  Starting replicated storage engine
2015-03-11 @ 15:41:12  Getting settings for single insert
2015-03-11 @ 15:41:12  Executing repository : Elastic Search
2015-03-11 @ 15:41:12  Establishing new connection for Elastic Search 192.168.1.201:9200
2015-03-11 @ 15:41:12  Reusing existing Elastic Search connection 
2015-03-11 @ 15:41:12  Inserting single object to Elastic Search : schedule.newobject.ref1ImageConverter
2015-03-11 @ 15:41:12  Successfully inserted one to elastic search
2015-03-11 @ 15:41:12  Executing repository : Elastic Search - Success
2015-03-11 @ 15:42:26  Starting replicated storage engine
2015-03-11 @ 15:42:26  Getting settings for single insert
2015-03-11 @ 15:42:26  Executing repository : Elastic Search
2015-03-11 @ 15:42:26  Establishing new connection for Elastic Search 192.168.1.201:9200
2015-03-11 @ 15:42:26  Reusing existing Elastic Search connection 
2015-03-11 @ 15:42:26  Inserting single object to Elastic Search : schedule.newobject.ref1ImageConverter
2015-03-11 @ 15:42:26  Successfully inserted one to elastic search
2015-03-11 @ 15:42:26  Executing repository : Elastic Search - Success
2015-03-11 @ 15:42:29  Starting replicated storage engine
2015-03-11 @ 15:42:29  Getting settings for single insert
2015-03-11 @ 15:42:29  Executing repository : Elastic Search
2015-03-11 @ 15:42:29  Establishing new connection for Elastic Search 192.168.1.201:9200
2015-03-11 @ 15:42:29  Reusing existing Elastic Search connection 
2015-03-11 @ 15:42:29  Inserting single object to Elastic Search : schedule.newobject.ref1ImageConverter
2015-03-11 @ 15:42:29  Successfully inserted one to elastic search
2015-03-11 @ 15:42:29  Executing repository : Elastic Search - Success
2015-03-11 @ 15:45:57  Starting replicated storage engine
2015-03-11 @ 15:45:57  Getting settings for single insert
2015-03-11 @ 15:45:57  Executing repository : Elastic Search
2015-03-11 @ 15:45:57  Establishing new connection for Elastic Search 192.168.1.201:9200
2015-03-11 @ 15:45:57  Reusing existing Elastic Search connection 
2015-03-11 @ 15:45:57  Inserting single object to Elastic Search : schedule.newobject.ref1ImageConverter
2015-03-11 @ 15:45:57  Successfully inserted one to elastic search
2015-03-11 @ 15:45:57  Executing repository : Elastic Search - Success
2015-03-11 @ 15:48:01  Starting replicated storage engine
2015-03-11 @ 15:48:01  Getting settings for single insert
2015-03-11 @ 15:48:01  Executing repository : Elastic Search
2015-03-11 @ 15:48:01  Establishing new connection for Elastic Search 192.168.1.201:9200
2015-03-11 @ 15:48:01  Reusing existing Elastic Search connection 
2015-03-11 @ 15:48:01  Inserting single object to Elastic Search : schedule.newobject.ref1ImageConverter
2015-03-11 @ 15:48:01  Successfully inserted one to elastic search
2015-03-11 @ 15:48:01  Executing repository : Elastic Search - Success
2015-03-11 @ 15:49:01  Starting replicated storage engine
2015-03-11 @ 15:49:01  Getting settings for single insert
2015-03-11 @ 15:49:01  Executing repository : Elastic Search
2015-03-11 @ 15:49:01  Establishing new connection for Elastic Search 192.168.1.201:9200
2015-03-11 @ 15:49:01  Reusing existing Elastic Search connection 
2015-03-11 @ 15:49:01  Inserting single object to Elastic Search : schedule.newobject.ref1ImageConverter
2015-03-11 @ 15:49:01  Successfully inserted one to elastic search
2015-03-11 @ 15:49:01  Executing repository : Elastic Search - Success
2015-03-11 @ 15:50:08  Starting replicated storage engine
2015-03-11 @ 15:50:08  Getting settings for single insert
2015-03-11 @ 15:50:08  Executing repository : Elastic Search
2015-03-11 @ 15:50:08  Establishing new connection for Elastic Search 192.168.1.201:9200
2015-03-11 @ 15:50:08  Reusing existing Elastic Search connection 
2015-03-11 @ 15:50:08  Inserting single object to Elastic Search : schedule.newobject.ref1ImageConverter
2015-03-11 @ 15:50:09  Successfully inserted one to elastic search
2015-03-11 @ 15:50:09  Executing repository : Elastic Search - Success
2015-03-11 @ 15:51:58  Starting replicated storage engine
2015-03-11 @ 15:51:58  Getting settings for single insert
2015-03-11 @ 15:51:58  Executing repository : Elastic Search
2015-03-11 @ 15:51:58  Establishing new connection for Elastic Search 192.168.1.201:9200
2015-03-11 @ 15:51:58  Reusing existing Elastic Search connection 
2015-03-11 @ 15:51:58  Inserting single object to Elastic Search : schedule.newobject.ref1ImageConverter
2015-03-11 @ 15:51:58  Successfully inserted one to elastic search
2015-03-11 @ 15:51:58  Executing repository : Elastic Search - Success
2015-03-11 @ 15:52:22  Starting replicated storage engine
2015-03-11 @ 15:52:22  Getting settings for single insert
2015-03-11 @ 15:52:22  Executing repository : Elastic Search
2015-03-11 @ 15:52:22  Establishing new connection for Elastic Search 192.168.1.201:9200
2015-03-11 @ 15:52:22  Reusing existing Elastic Search connection 
2015-03-11 @ 15:52:22  Inserting single object to Elastic Search : schedule.newobject.ref1ImageConverter
2015-03-11 @ 15:52:22  Successfully inserted one to elastic search
2015-03-11 @ 15:52:22  Executing repository : Elastic Search - Success
2015-03-11 @ 15:55:02  Starting replicated storage engine
2015-03-11 @ 15:55:02  Getting settings for single insert
2015-03-11 @ 15:55:02  Executing repository : Elastic Search
2015-03-11 @ 15:55:02  Establishing new connection for Elastic Search 192.168.1.201:9200
2015-03-11 @ 15:55:02  Reusing existing Elastic Search connection 
2015-03-11 @ 15:55:02  Inserting single object to Elastic Search : schedule.newobject.ref1ImageConverter
2015-03-11 @ 15:55:02  Successfully inserted one to elastic search
2015-03-11 @ 15:55:02  Executing repository : Elastic Search - Success
2015-03-11 @ 15:56:31  Starting replicated storage engine
2015-03-11 @ 15:56:31  Getting settings for single insert
2015-03-11 @ 15:56:31  Executing repository : Elastic Search
2015-03-11 @ 15:56:31  Establishing new connection for Elastic Search 192.168.1.201:9200
2015-03-11 @ 15:56:31  Reusing existing Elastic Search connection 
2015-03-11 @ 15:56:31  Inserting single object to Elastic Search : schedule.newobject.ref1ImageConverter
2015-03-11 @ 15:56:31  Successfully inserted one to elastic search
2015-03-11 @ 15:56:31  Executing repository : Elastic Search - Success
2015-03-11 @ 16:07:05  Starting replicated storage engine
2015-03-11 @ 16:07:05  Getting settings for single insert
2015-03-11 @ 16:07:05  Executing repository : Elastic Search
2015-03-11 @ 16:07:05  Establishing new connection for Elastic Search 192.168.1.201:9200
2015-03-11 @ 16:07:05  Reusing existing Elastic Search connection 
2015-03-11 @ 16:07:05  Inserting single object to Elastic Search : schedule.newobject.ref1ImageConverter
2015-03-11 @ 16:07:05  Successfully inserted one to elastic search
2015-03-11 @ 16:07:05  Executing repository : Elastic Search - Success
2015-03-11 @ 16:08:52  Starting replicated storage engine
2015-03-11 @ 16:08:52  Getting settings for single insert
2015-03-11 @ 16:08:52  Executing repository : Elastic Search
2015-03-11 @ 16:08:52  Establishing new connection for Elastic Search 192.168.1.201:9200
2015-03-11 @ 16:08:52  Reusing existing Elastic Search connection 
2015-03-11 @ 16:08:52  Inserting single object to Elastic Search : schedule.newobject.ref1ImageConverter
2015-03-11 @ 16:08:52  Successfully inserted one to elastic search
2015-03-11 @ 16:08:52  Executing repository : Elastic Search - Success
2015-03-11 @ 16:08:54  Starting replicated storage engine
2015-03-11 @ 16:08:54  Getting settings for single insert
2015-03-11 @ 16:08:54  Executing repository : Elastic Search
2015-03-11 @ 16:08:54  Establishing new connection for Elastic Search 192.168.1.201:9200
2015-03-11 @ 16:08:54  Reusing existing Elastic Search connection 
2015-03-11 @ 16:08:54  Inserting single object to Elastic Search : schedule.newobject.ref1ImageConverter
2015-03-11 @ 16:08:54  Successfully inserted one to elastic search
2015-03-11 @ 16:08:54  Executing repository : Elastic Search - Success
2015-03-11 @ 16:12:38  Starting replicated storage engine
2015-03-11 @ 16:12:38  Getting settings for single insert
2015-03-11 @ 16:12:38  Executing repository : Elastic Search
2015-03-11 @ 16:12:38  Establishing new connection for Elastic Search 192.168.1.201:9200
2015-03-11 @ 16:12:38  Reusing existing Elastic Search connection 
2015-03-11 @ 16:12:38  Inserting single object to Elastic Search : schedule.newobject.ref1ImageConverter
2015-03-11 @ 16:12:38  Successfully inserted one to elastic search
2015-03-11 @ 16:12:38  Executing repository : Elastic Search - Success
2015-03-11 @ 16:13:54  Starting replicated storage engine
2015-03-11 @ 16:13:54  Getting settings for single insert
2015-03-11 @ 16:13:54  Executing repository : Elastic Search
2015-03-11 @ 16:13:54  Establishing new connection for Elastic Search 192.168.1.201:9200
2015-03-11 @ 16:13:54  Reusing existing Elastic Search connection 
2015-03-11 @ 16:13:54  Inserting single object to Elastic Search : schedule.newobject.ref1ImageConverter
2015-03-11 @ 16:13:54  Successfully inserted one to elastic search
2015-03-11 @ 16:13:54  Executing repository : Elastic Search - Success
2015-03-11 @ 16:14:54  Starting replicated storage engine
2015-03-11 @ 16:14:54  Getting settings for single insert
2015-03-11 @ 16:14:54  Executing repository : Elastic Search
2015-03-11 @ 16:14:54  Establishing new connection for Elastic Search 192.168.1.201:9200
2015-03-11 @ 16:14:54  Reusing existing Elastic Search connection 
2015-03-11 @ 16:14:54  Inserting single object to Elastic Search : schedule.newobject.ref1ImageConverter
2015-03-11 @ 16:14:54  Successfully inserted one to elastic search
2015-03-11 @ 16:14:54  Executing repository : Elastic Search - Success
2015-03-11 @ 16:18:47  Starting replicated storage engine
2015-03-11 @ 16:18:47  Getting settings for single insert
2015-03-11 @ 16:18:47  Executing repository : Elastic Search
2015-03-11 @ 16:18:47  Establishing new connection for Elastic Search 192.168.1.201:9200
2015-03-11 @ 16:18:47  Reusing existing Elastic Search connection 
2015-03-11 @ 16:18:47  Inserting single object to Elastic Search : schedule.newobject.ref1ImageConverter
2015-03-11 @ 16:18:47  Successfully inserted one to elastic search
2015-03-11 @ 16:18:47  Executing repository : Elastic Search - Success
2015-03-11 @ 16:26:47  Starting replicated storage engine
2015-03-11 @ 16:26:47  Getting settings for single insert
2015-03-11 @ 16:26:47  Executing repository : Elastic Search
2015-03-11 @ 16:26:47  Establishing new connection for Elastic Search 192.168.1.201:9200
2015-03-11 @ 16:26:47  Reusing existing Elastic Search connection 
2015-03-11 @ 16:26:47  Inserting single object to Elastic Search : schedule.newobject.ref1ImageConverter
2015-03-11 @ 16:26:47  Successfully inserted one to elastic search
2015-03-11 @ 16:26:47  Executing repository : Elastic Search - Success
2015-03-11 @ 16:30:08  Starting replicated storage engine
2015-03-11 @ 16:30:08  Getting settings for single insert
2015-03-11 @ 16:30:08  Executing repository : Elastic Search
2015-03-11 @ 16:30:08  Establishing new connection for Elastic Search 192.168.1.201:9200
2015-03-11 @ 16:30:08  Reusing existing Elastic Search connection 
2015-03-11 @ 16:30:08  Inserting single object to Elastic Search : schedule.newobject.ref1ImageConverter
2015-03-11 @ 16:30:08  Successfully inserted one to elastic search
2015-03-11 @ 16:30:08  Executing repository : Elastic Search - Success
2015-03-11 @ 16:31:07  Starting replicated storage engine
2015-03-11 @ 16:31:07  Getting settings for single insert
2015-03-11 @ 16:31:07  Executing repository : Elastic Search
2015-03-11 @ 16:31:07  Establishing new connection for Elastic Search 192.168.1.201:9200
2015-03-11 @ 16:31:07  Reusing existing Elastic Search connection 
2015-03-11 @ 16:31:07  Inserting single object to Elastic Search : schedule.newobject.ref1ImageConverter
2015-03-11 @ 16:31:07  Successfully inserted one to elastic search
2015-03-11 @ 16:31:07  Executing repository : Elastic Search - Success
2015-03-11 @ 16:31:08  Starting replicated storage engine
2015-03-11 @ 16:31:08  Getting settings for single insert
2015-03-11 @ 16:31:08  Executing repository : Elastic Search
2015-03-11 @ 16:31:08  Establishing new connection for Elastic Search 192.168.1.201:9200
2015-03-11 @ 16:31:08  Reusing existing Elastic Search connection 
2015-03-11 @ 16:31:08  Inserting single object to Elastic Search : schedule.newobject.ref1ImageConverter
2015-03-11 @ 16:31:08  Successfully inserted one to elastic search
2015-03-11 @ 16:31:08  Executing repository : Elastic Search - Success
2015-03-11 @ 16:32:20  Starting replicated storage engine
2015-03-11 @ 16:32:20  Getting settings for single insert
2015-03-11 @ 16:32:20  Executing repository : Elastic Search
2015-03-11 @ 16:32:20  Establishing new connection for Elastic Search 192.168.1.201:9200
2015-03-11 @ 16:32:20  Reusing existing Elastic Search connection 
2015-03-11 @ 16:32:20  Inserting single object to Elastic Search : schedule.newobject.ref1ImageConverter
2015-03-11 @ 16:32:20  Successfully inserted one to elastic search
2015-03-11 @ 16:32:20  Executing repository : Elastic Search - Success
2015-03-11 @ 16:32:43  Starting replicated storage engine
2015-03-11 @ 16:32:43  Getting settings for single insert
2015-03-11 @ 16:32:43  Executing repository : Elastic Search
2015-03-11 @ 16:32:43  Establishing new connection for Elastic Search 192.168.1.201:9200
2015-03-11 @ 16:32:43  Reusing existing Elastic Search connection 
2015-03-11 @ 16:32:43  Inserting single object to Elastic Search : schedule.newobject.ref1ImageConverter
2015-03-11 @ 16:32:43  Successfully inserted one to elastic search
2015-03-11 @ 16:32:43  Executing repository : Elastic Search - Success
2015-03-11 @ 16:33:01  Starting replicated storage engine
2015-03-11 @ 16:33:01  Getting settings for single insert
2015-03-11 @ 16:33:01  Executing repository : Elastic Search
2015-03-11 @ 16:33:01  Establishing new connection for Elastic Search 192.168.1.201:9200
2015-03-11 @ 16:33:01  Reusing existing Elastic Search connection 
2015-03-11 @ 16:33:01  Inserting single object to Elastic Search : schedule.newobject.ref1ImageConverter
2015-03-11 @ 16:33:01  Successfully inserted one to elastic search
2015-03-11 @ 16:33:01  Executing repository : Elastic Search - Success
2015-03-11 @ 16:33:23  Starting replicated storage engine
2015-03-11 @ 16:33:23  Getting settings for single insert
2015-03-11 @ 16:33:23  Executing repository : Elastic Search
2015-03-11 @ 16:33:23  Establishing new connection for Elastic Search 192.168.1.201:9200
2015-03-11 @ 16:33:23  Reusing existing Elastic Search connection 
2015-03-11 @ 16:33:23  Inserting single object to Elastic Search : schedule.newobject.ref1ImageConverter
2015-03-11 @ 16:33:23  Successfully inserted one to elastic search
2015-03-11 @ 16:33:23  Executing repository : Elastic Search - Success
2015-03-11 @ 16:33:31  Starting replicated storage engine
2015-03-11 @ 16:33:31  Getting settings for single insert
2015-03-11 @ 16:33:31  Executing repository : Elastic Search
2015-03-11 @ 16:33:31  Establishing new connection for Elastic Search 192.168.1.201:9200
2015-03-11 @ 16:33:31  Reusing existing Elastic Search connection 
2015-03-11 @ 16:33:31  Inserting single object to Elastic Search : schedule.newobject.ref1ImageConverter
2015-03-11 @ 16:33:31  Successfully inserted one to elastic search
2015-03-11 @ 16:33:31  Executing repository : Elastic Search - Success
2015-03-11 @ 16:33:44  Starting replicated storage engine
2015-03-11 @ 16:33:44  Getting settings for single insert
2015-03-11 @ 16:33:44  Executing repository : Elastic Search
2015-03-11 @ 16:33:44  Establishing new connection for Elastic Search 192.168.1.201:9200
2015-03-11 @ 16:33:44  Reusing existing Elastic Search connection 
2015-03-11 @ 16:33:44  Inserting single object to Elastic Search : schedule.newobject.ref1ImageConverter
2015-03-11 @ 16:33:44  Successfully inserted one to elastic search
2015-03-11 @ 16:33:44  Executing repository : Elastic Search - Success
2015-03-11 @ 16:33:44  Starting replicated storage engine
2015-03-11 @ 16:33:44  Getting settings for single insert
2015-03-11 @ 16:33:44  Executing repository : Elastic Search
2015-03-11 @ 16:33:44  Establishing new connection for Elastic Search 192.168.1.201:9200
2015-03-11 @ 16:33:44  Reusing existing Elastic Search connection 
2015-03-11 @ 16:33:44  Inserting single object to Elastic Search : schedule.newobject.ref1ImageConverter
2015-03-11 @ 16:33:44  Successfully inserted one to elastic search
2015-03-11 @ 16:33:44  Executing repository : Elastic Search - Success
2015-03-11 @ 16:33:45  Starting replicated storage engine
2015-03-11 @ 16:33:45  Getting settings for single insert
2015-03-11 @ 16:33:45  Executing repository : Elastic Search
2015-03-11 @ 16:33:45  Establishing new connection for Elastic Search 192.168.1.201:9200
2015-03-11 @ 16:33:45  Reusing existing Elastic Search connection 
2015-03-11 @ 16:33:45  Inserting single object to Elastic Search : schedule.newobject.ref1ImageConverter
2015-03-11 @ 16:33:45  Successfully inserted one to elastic search
2015-03-11 @ 16:33:45  Executing repository : Elastic Search - Success
2015-03-11 @ 16:33:45  Starting replicated storage engine
2015-03-11 @ 16:33:45  Getting settings for single insert
2015-03-11 @ 16:33:45  Executing repository : Elastic Search
2015-03-11 @ 16:33:45  Establishing new connection for Elastic Search 192.168.1.201:9200
2015-03-11 @ 16:33:45  Reusing existing Elastic Search connection 
2015-03-11 @ 16:33:45  Inserting single object to Elastic Search : schedule.newobject.ref1ImageConverter
2015-03-11 @ 16:33:45  Successfully inserted one to elastic search
2015-03-11 @ 16:33:45  Executing repository : Elastic Search - Success
2015-03-11 @ 16:33:45  Starting replicated storage engine
2015-03-11 @ 16:33:45  Getting settings for single insert
2015-03-11 @ 16:33:45  Executing repository : Elastic Search
2015-03-11 @ 16:33:45  Establishing new connection for Elastic Search 192.168.1.201:9200
2015-03-11 @ 16:33:45  Reusing existing Elastic Search connection 
2015-03-11 @ 16:33:45  Inserting single object to Elastic Search : schedule.newobject.ref1ImageConverter
2015-03-11 @ 16:33:45  Successfully inserted one to elastic search
2015-03-11 @ 16:33:45  Executing repository : Elastic Search - Success
2015-03-11 @ 16:33:45  Starting replicated storage engine
2015-03-11 @ 16:33:45  Getting settings for single insert
2015-03-11 @ 16:33:45  Executing repository : Elastic Search
2015-03-11 @ 16:33:45  Establishing new connection for Elastic Search 192.168.1.201:9200
2015-03-11 @ 16:33:45  Reusing existing Elastic Search connection 
2015-03-11 @ 16:33:45  Inserting single object to Elastic Search : schedule.newobject.ref1ImageConverter
2015-03-11 @ 16:33:45  Successfully inserted one to elastic search
2015-03-11 @ 16:33:45  Executing repository : Elastic Search - Success
2015-03-11 @ 16:33:45  Starting replicated storage engine
2015-03-11 @ 16:33:45  Getting settings for single insert
2015-03-11 @ 16:33:45  Executing repository : Elastic Search
2015-03-11 @ 16:33:45  Establishing new connection for Elastic Search 192.168.1.201:9200
2015-03-11 @ 16:33:45  Reusing existing Elastic Search connection 
2015-03-11 @ 16:33:45  Inserting single object to Elastic Search : schedule.newobject.ref1ImageConverter
2015-03-11 @ 16:33:45  Successfully inserted one to elastic search
2015-03-11 @ 16:33:45  Executing repository : Elastic Search - Success
2015-03-11 @ 16:33:45  Starting replicated storage engine
2015-03-11 @ 16:33:45  Getting settings for single insert
2015-03-11 @ 16:33:45  Executing repository : Elastic Search
2015-03-11 @ 16:33:45  Establishing new connection for Elastic Search 192.168.1.201:9200
2015-03-11 @ 16:33:45  Reusing existing Elastic Search connection 
2015-03-11 @ 16:33:45  Inserting single object to Elastic Search : schedule.newobject.ref1ImageConverter
2015-03-11 @ 16:33:45  Successfully inserted one to elastic search
2015-03-11 @ 16:33:45  Executing repository : Elastic Search - Success
2015-03-11 @ 16:33:46  Starting replicated storage engine
2015-03-11 @ 16:33:46  Getting settings for single insert
2015-03-11 @ 16:33:46  Executing repository : Elastic Search
2015-03-11 @ 16:33:46  Establishing new connection for Elastic Search 192.168.1.201:9200
2015-03-11 @ 16:33:46  Reusing existing Elastic Search connection 
2015-03-11 @ 16:33:46  Inserting single object to Elastic Search : schedule.newobject.ref1ImageConverter
2015-03-11 @ 16:33:46  Successfully inserted one to elastic search
2015-03-11 @ 16:33:46  Executing repository : Elastic Search - Success
2015-03-11 @ 16:33:46  Starting replicated storage engine
2015-03-11 @ 16:33:46  Getting settings for single insert
2015-03-11 @ 16:33:46  Executing repository : Elastic Search
2015-03-11 @ 16:33:46  Establishing new connection for Elastic Search 192.168.1.201:9200
2015-03-11 @ 16:33:46  Reusing existing Elastic Search connection 
2015-03-11 @ 16:33:46  Inserting single object to Elastic Search : schedule.newobject.ref1ImageConverter
2015-03-11 @ 16:33:46  Successfully inserted one to elastic search
2015-03-11 @ 16:33:46  Executing repository : Elastic Search - Success
2015-03-11 @ 16:36:06  Starting replicated storage engine
2015-03-11 @ 16:36:06  Getting settings for single insert
2015-03-11 @ 16:36:06  Executing repository : Elastic Search
2015-03-11 @ 16:36:06  Establishing new connection for Elastic Search 192.168.1.201:9200
2015-03-11 @ 16:36:06  Reusing existing Elastic Search connection 
2015-03-11 @ 16:36:06  Inserting single object to Elastic Search : schedule.newobject.ref1ImageConverter
2015-03-11 @ 16:36:06  Successfully inserted one to elastic search
2015-03-11 @ 16:36:06  Executing repository : Elastic Search - Success
2015-03-11 @ 16:36:14  Starting replicated storage engine
2015-03-11 @ 16:36:14  Getting settings for single insert
2015-03-11 @ 16:36:14  Executing repository : Elastic Search
2015-03-11 @ 16:36:14  Establishing new connection for Elastic Search 192.168.1.201:9200
2015-03-11 @ 16:36:14  Reusing existing Elastic Search connection 
2015-03-11 @ 16:36:14  Inserting single object to Elastic Search : schedule.newobject.ref1ImageConverter
2015-03-11 @ 16:36:14  Successfully inserted one to elastic search
2015-03-11 @ 16:36:14  Executing repository : Elastic Search - Success
2015-03-11 @ 16:36:14  Starting replicated storage engine
2015-03-11 @ 16:36:14  Getting settings for single insert
2015-03-11 @ 16:36:14  Executing repository : Elastic Search
2015-03-11 @ 16:36:14  Establishing new connection for Elastic Search 192.168.1.201:9200
2015-03-11 @ 16:36:14  Reusing existing Elastic Search connection 
2015-03-11 @ 16:36:14  Inserting single object to Elastic Search : schedule.newobject.ref1ImageConverter
2015-03-11 @ 16:36:14  Successfully inserted one to elastic search
2015-03-11 @ 16:36:14  Executing repository : Elastic Search - Success
2015-03-11 @ 16:36:15  Starting replicated storage engine
2015-03-11 @ 16:36:15  Getting settings for single insert
2015-03-11 @ 16:36:15  Executing repository : Elastic Search
2015-03-11 @ 16:36:15  Establishing new connection for Elastic Search 192.168.1.201:9200
2015-03-11 @ 16:36:15  Reusing existing Elastic Search connection 
2015-03-11 @ 16:36:15  Inserting single object to Elastic Search : schedule.newobject.ref1ImageConverter
2015-03-11 @ 16:36:15  Successfully inserted one to elastic search
2015-03-11 @ 16:36:15  Executing repository : Elastic Search - Success
2015-03-11 @ 16:36:15  Starting replicated storage engine
2015-03-11 @ 16:36:15  Getting settings for single insert
2015-03-11 @ 16:36:15  Executing repository : Elastic Search
2015-03-11 @ 16:36:15  Establishing new connection for Elastic Search 192.168.1.201:9200
2015-03-11 @ 16:36:15  Reusing existing Elastic Search connection 
2015-03-11 @ 16:36:15  Inserting single object to Elastic Search : schedule.newobject.ref1ImageConverter
2015-03-11 @ 16:36:15  Successfully inserted one to elastic search
2015-03-11 @ 16:36:15  Executing repository : Elastic Search - Success
2015-03-11 @ 16:36:15  Starting replicated storage engine
2015-03-11 @ 16:36:15  Getting settings for single insert
2015-03-11 @ 16:36:15  Executing repository : Elastic Search
2015-03-11 @ 16:36:15  Establishing new connection for Elastic Search 192.168.1.201:9200
2015-03-11 @ 16:36:15  Reusing existing Elastic Search connection 
2015-03-11 @ 16:36:15  Inserting single object to Elastic Search : schedule.newobject.ref1ImageConverter
2015-03-11 @ 16:36:15  Successfully inserted one to elastic search
2015-03-11 @ 16:36:15  Executing repository : Elastic Search - Success
2015-03-11 @ 16:37:23  Starting replicated storage engine
2015-03-11 @ 16:37:23  Getting settings for single insert
2015-03-11 @ 16:37:23  Executing repository : Elastic Search
2015-03-11 @ 16:37:23  Establishing new connection for Elastic Search 192.168.1.201:9200
2015-03-11 @ 16:37:23  Reusing existing Elastic Search connection 
2015-03-11 @ 16:37:23  Inserting single object to Elastic Search : schedule.newobject.ref1ImageConverter
2015-03-11 @ 16:37:23  Successfully inserted one to elastic search
2015-03-11 @ 16:37:23  Executing repository : Elastic Search - Success
2015-03-11 @ 16:39:14  Starting replicated storage engine
2015-03-11 @ 16:39:14  Getting settings for single insert
2015-03-11 @ 16:39:14  Executing repository : Elastic Search
2015-03-11 @ 16:39:14  Establishing new connection for Elastic Search 192.168.1.201:9200
2015-03-11 @ 16:39:14  Reusing existing Elastic Search connection 
2015-03-11 @ 16:39:14  Inserting single object to Elastic Search : schedule.newobject.ref1ImageConverter
2015-03-11 @ 16:39:15  Successfully inserted one to elastic search
2015-03-11 @ 16:39:15  Executing repository : Elastic Search - Success
2015-03-11 @ 16:39:18  Starting replicated storage engine
2015-03-11 @ 16:39:18  Getting settings for single insert
2015-03-11 @ 16:39:18  Executing repository : Elastic Search
2015-03-11 @ 16:39:18  Establishing new connection for Elastic Search 192.168.1.201:9200
2015-03-11 @ 16:39:18  Reusing existing Elastic Search connection 
2015-03-11 @ 16:39:18  Inserting single object to Elastic Search : schedule.newobject.ref1ImageConverter
2015-03-11 @ 16:39:18  Successfully inserted one to elastic search
2015-03-11 @ 16:39:18  Executing repository : Elastic Search - Success
2015-03-11 @ 16:39:22  Starting replicated storage engine
2015-03-11 @ 16:39:22  Getting settings for single insert
2015-03-11 @ 16:39:22  Executing repository : Elastic Search
2015-03-11 @ 16:39:22  Establishing new connection for Elastic Search 192.168.1.201:9200
2015-03-11 @ 16:39:22  Reusing existing Elastic Search connection 
2015-03-11 @ 16:39:22  Inserting single object to Elastic Search : schedule.newobject.ref1ImageConverter
2015-03-11 @ 16:39:22  Successfully inserted one to elastic search
2015-03-11 @ 16:39:22  Executing repository : Elastic Search - Success
2015-03-11 @ 16:39:22  Starting replicated storage engine
2015-03-11 @ 16:39:22  Getting settings for single insert
2015-03-11 @ 16:39:22  Executing repository : Elastic Search
2015-03-11 @ 16:39:22  Establishing new connection for Elastic Search 192.168.1.201:9200
2015-03-11 @ 16:39:22  Reusing existing Elastic Search connection 
2015-03-11 @ 16:39:22  Inserting single object to Elastic Search : schedule.newobject.ref1ImageConverter
2015-03-11 @ 16:39:22  Successfully inserted one to elastic search
2015-03-11 @ 16:39:22  Executing repository : Elastic Search - Success
2015-03-11 @ 16:39:23  Starting replicated storage engine
2015-03-11 @ 16:39:23  Getting settings for single insert
2015-03-11 @ 16:39:23  Executing repository : Elastic Search
2015-03-11 @ 16:39:23  Establishing new connection for Elastic Search 192.168.1.201:9200
2015-03-11 @ 16:39:23  Reusing existing Elastic Search connection 
2015-03-11 @ 16:39:23  Inserting single object to Elastic Search : schedule.newobject.ref1ImageConverter
2015-03-11 @ 16:39:23  Successfully inserted one to elastic search
2015-03-11 @ 16:39:23  Executing repository : Elastic Search - Success
2015-03-11 @ 16:39:23  Starting replicated storage engine
2015-03-11 @ 16:39:23  Getting settings for single insert
2015-03-11 @ 16:39:23  Executing repository : Elastic Search
2015-03-11 @ 16:39:23  Establishing new connection for Elastic Search 192.168.1.201:9200
2015-03-11 @ 16:39:23  Reusing existing Elastic Search connection 
2015-03-11 @ 16:39:23  Inserting single object to Elastic Search : schedule.newobject.ref1ImageConverter
2015-03-11 @ 16:39:23  Successfully inserted one to elastic search
2015-03-11 @ 16:39:23  Executing repository : Elastic Search - Success
2015-03-11 @ 16:39:23  Starting replicated storage engine
2015-03-11 @ 16:39:23  Getting settings for single insert
2015-03-11 @ 16:39:23  Executing repository : Elastic Search
2015-03-11 @ 16:39:23  Establishing new connection for Elastic Search 192.168.1.201:9200
2015-03-11 @ 16:39:23  Reusing existing Elastic Search connection 
2015-03-11 @ 16:39:23  Inserting single object to Elastic Search : schedule.newobject.ref1ImageConverter
2015-03-11 @ 16:39:23  Successfully inserted one to elastic search
2015-03-11 @ 16:39:23  Executing repository : Elastic Search - Success
2015-03-11 @ 16:39:23  Starting replicated storage engine
2015-03-11 @ 16:39:23  Getting settings for single insert
2015-03-11 @ 16:39:23  Executing repository : Elastic Search
2015-03-11 @ 16:39:23  Establishing new connection for Elastic Search 192.168.1.201:9200
2015-03-11 @ 16:39:23  Reusing existing Elastic Search connection 
2015-03-11 @ 16:39:23  Inserting single object to Elastic Search : schedule.newobject.ref1ImageConverter
2015-03-11 @ 16:39:23  Successfully inserted one to elastic search
2015-03-11 @ 16:39:23  Executing repository : Elastic Search - Success
2015-03-11 @ 16:39:23  Starting replicated storage engine
2015-03-11 @ 16:39:23  Getting settings for single insert
2015-03-11 @ 16:39:23  Executing repository : Elastic Search
2015-03-11 @ 16:39:23  Establishing new connection for Elastic Search 192.168.1.201:9200
2015-03-11 @ 16:39:23  Reusing existing Elastic Search connection 
2015-03-11 @ 16:39:23  Inserting single object to Elastic Search : schedule.newobject.ref1ImageConverter
2015-03-11 @ 16:39:23  Successfully inserted one to elastic search
2015-03-11 @ 16:39:23  Executing repository : Elastic Search - Success
2015-03-11 @ 16:39:23  Starting replicated storage engine
2015-03-11 @ 16:39:23  Getting settings for single insert
2015-03-11 @ 16:39:23  Executing repository : Elastic Search
2015-03-11 @ 16:39:23  Establishing new connection for Elastic Search 192.168.1.201:9200
2015-03-11 @ 16:39:23  Reusing existing Elastic Search connection 
2015-03-11 @ 16:39:23  Inserting single object to Elastic Search : schedule.newobject.ref1ImageConverter
2015-03-11 @ 16:39:23  Successfully inserted one to elastic search
2015-03-11 @ 16:39:23  Executing repository : Elastic Search - Success
2015-03-11 @ 16:41:51  Starting replicated storage engine
2015-03-11 @ 16:41:51  Getting settings for single insert
2015-03-11 @ 16:41:51  Executing repository : Elastic Search
2015-03-11 @ 16:41:51  Establishing new connection for Elastic Search 192.168.1.201:9200
2015-03-11 @ 16:41:51  Reusing existing Elastic Search connection 
2015-03-11 @ 16:41:51  Inserting single object to Elastic Search : schedule.newobject.ref1ImageConverter
2015-03-11 @ 16:41:51  Successfully inserted one to elastic search
2015-03-11 @ 16:41:51  Executing repository : Elastic Search - Success
2015-03-11 @ 16:42:28  Starting replicated storage engine
2015-03-11 @ 16:42:28  Getting settings for single insert
2015-03-11 @ 16:42:28  Executing repository : Elastic Search
2015-03-11 @ 16:42:28  Establishing new connection for Elastic Search 192.168.1.201:9200
2015-03-11 @ 16:42:28  Reusing existing Elastic Search connection 
2015-03-11 @ 16:42:28  Inserting single object to Elastic Search : schedule.newobject.ref1ImageConverter
2015-03-11 @ 16:42:28  Successfully inserted one to elastic search
2015-03-11 @ 16:42:28  Executing repository : Elastic Search - Success
2015-03-11 @ 16:44:24  Starting replicated storage engine
2015-03-11 @ 16:44:24  Getting settings for single insert
2015-03-11 @ 16:44:24  Executing repository : Elastic Search
2015-03-11 @ 16:44:24  Establishing new connection for Elastic Search 192.168.1.201:9200
2015-03-11 @ 16:44:24  Reusing existing Elastic Search connection 
2015-03-11 @ 16:44:24  Inserting single object to Elastic Search : schedule.newobject.ref1ImageConverter
2015-03-11 @ 16:44:24  Successfully inserted one to elastic search
2015-03-11 @ 16:44:24  Executing repository : Elastic Search - Success
2015-03-11 @ 16:44:24  Starting replicated storage engine
2015-03-11 @ 16:44:24  Getting settings for single insert
2015-03-11 @ 16:44:24  Executing repository : Elastic Search
2015-03-11 @ 16:44:24  Establishing new connection for Elastic Search 192.168.1.201:9200
2015-03-11 @ 16:44:24  Reusing existing Elastic Search connection 
2015-03-11 @ 16:44:24  Inserting single object to Elastic Search : schedule.newobject.ref1ImageConverter
2015-03-11 @ 16:44:24  Successfully inserted one to elastic search
2015-03-11 @ 16:44:24  Executing repository : Elastic Search - Success
2015-03-11 @ 16:44:24  Starting replicated storage engine
2015-03-11 @ 16:44:24  Getting settings for single insert
2015-03-11 @ 16:44:24  Executing repository : Elastic Search
2015-03-11 @ 16:44:24  Establishing new connection for Elastic Search 192.168.1.201:9200
2015-03-11 @ 16:44:24  Reusing existing Elastic Search connection 
2015-03-11 @ 16:44:24  Inserting single object to Elastic Search : schedule.newobject.ref1ImageConverter
2015-03-11 @ 16:44:24  Successfully inserted one to elastic search
2015-03-11 @ 16:44:24  Executing repository : Elastic Search - Success
2015-03-11 @ 16:44:24  Starting replicated storage engine
2015-03-11 @ 16:44:24  Getting settings for single insert
2015-03-11 @ 16:44:24  Executing repository : Elastic Search
2015-03-11 @ 16:44:24  Establishing new connection for Elastic Search 192.168.1.201:9200
2015-03-11 @ 16:44:24  Reusing existing Elastic Search connection 
2015-03-11 @ 16:44:24  Inserting single object to Elastic Search : schedule.newobject.ref1ImageConverter
2015-03-11 @ 16:44:24  Successfully inserted one to elastic search
2015-03-11 @ 16:44:24  Executing repository : Elastic Search - Success
2015-03-11 @ 16:44:25  Starting replicated storage engine
2015-03-11 @ 16:44:25  Getting settings for single insert
2015-03-11 @ 16:44:25  Executing repository : Elastic Search
2015-03-11 @ 16:44:25  Establishing new connection for Elastic Search 192.168.1.201:9200
2015-03-11 @ 16:44:25  Reusing existing Elastic Search connection 
2015-03-11 @ 16:44:25  Inserting single object to Elastic Search : schedule.newobject.ref1ImageConverter
2015-03-11 @ 16:44:25  Successfully inserted one to elastic search
2015-03-11 @ 16:44:25  Executing repository : Elastic Search - Success
2015-03-11 @ 16:54:32  Starting replicated storage engine
2015-03-11 @ 16:54:32  Getting settings for single insert
2015-03-11 @ 16:54:32  Executing repository : Elastic Search
2015-03-11 @ 16:54:32  Establishing new connection for Elastic Search 192.168.1.201:9200
2015-03-11 @ 16:54:32  Reusing existing Elastic Search connection 
2015-03-11 @ 16:54:32  Inserting single object to Elastic Search : schedule.newobject.ref1ImageConverter
2015-03-11 @ 16:54:32  Successfully inserted one to elastic search
2015-03-11 @ 16:54:32  Executing repository : Elastic Search - Success
2015-03-11 @ 16:54:57  Starting replicated storage engine
2015-03-11 @ 16:54:57  Getting settings for single insert
2015-03-11 @ 16:54:57  Executing repository : Elastic Search
2015-03-11 @ 16:54:57  Establishing new connection for Elastic Search 192.168.1.201:9200
2015-03-11 @ 16:54:57  Reusing existing Elastic Search connection 
2015-03-11 @ 16:54:57  Inserting single object to Elastic Search : schedule.newobject.ref1ImageConverter
2015-03-11 @ 16:54:57  Successfully inserted one to elastic search
2015-03-11 @ 16:54:57  Executing repository : Elastic Search - Success
2015-03-11 @ 16:55:00  Starting replicated storage engine
2015-03-11 @ 16:55:00  Getting settings for single insert
2015-03-11 @ 16:55:00  Executing repository : Elastic Search
2015-03-11 @ 16:55:00  Establishing new connection for Elastic Search 192.168.1.201:9200
2015-03-11 @ 16:55:00  Reusing existing Elastic Search connection 
2015-03-11 @ 16:55:00  Inserting single object to Elastic Search : schedule.newobject.ref1ImageConverter
2015-03-11 @ 16:55:00  Successfully inserted one to elastic search
2015-03-11 @ 16:55:00  Executing repository : Elastic Search - Success
2015-03-11 @ 16:55:52  Starting replicated storage engine
2015-03-11 @ 16:55:52  Getting settings for single insert
2015-03-11 @ 16:55:52  Executing repository : Elastic Search
2015-03-11 @ 16:55:52  Establishing new connection for Elastic Search 192.168.1.201:9200
2015-03-11 @ 16:55:52  Reusing existing Elastic Search connection 
2015-03-11 @ 16:55:52  Inserting single object to Elastic Search : schedule.newobject.ref1ImageConverter
2015-03-11 @ 16:55:52  Successfully inserted one to elastic search
2015-03-11 @ 16:55:52  Executing repository : Elastic Search - Success
2015-03-11 @ 16:57:21  Starting replicated storage engine
2015-03-11 @ 16:57:21  Getting settings for single insert
2015-03-11 @ 16:57:21  Executing repository : Elastic Search
2015-03-11 @ 16:57:21  Establishing new connection for Elastic Search 192.168.1.201:9200
2015-03-11 @ 16:57:21  Reusing existing Elastic Search connection 
2015-03-11 @ 16:57:21  Inserting single object to Elastic Search : schedule.newobject.ref1ImageConverter
2015-03-11 @ 16:57:21  Successfully inserted one to elastic search
2015-03-11 @ 16:57:21  Executing repository : Elastic Search - Success
2015-03-11 @ 16:57:27  Starting replicated storage engine
2015-03-11 @ 16:57:27  Getting settings for single insert
2015-03-11 @ 16:57:27  Executing repository : Elastic Search
2015-03-11 @ 16:57:27  Establishing new connection for Elastic Search 192.168.1.201:9200
2015-03-11 @ 16:57:27  Reusing existing Elastic Search connection 
2015-03-11 @ 16:57:27  Inserting single object to Elastic Search : schedule.newobject.ref1ImageConverter
2015-03-11 @ 16:57:27  Successfully inserted one to elastic search
2015-03-11 @ 16:57:27  Executing repository : Elastic Search - Success
2015-03-11 @ 17:03:03  Starting replicated storage engine
2015-03-11 @ 17:03:03  Getting settings for single insert
2015-03-11 @ 17:03:03  Executing repository : Elastic Search
2015-03-11 @ 17:03:03  Establishing new connection for Elastic Search 192.168.1.201:9200
2015-03-11 @ 17:03:03  Reusing existing Elastic Search connection 
2015-03-11 @ 17:03:03  Inserting single object to Elastic Search : schedule.newobject.ref1ImageConverter
2015-03-11 @ 17:03:03  Successfully inserted one to elastic search
2015-03-11 @ 17:03:03  Executing repository : Elastic Search - Success
2015-03-11 @ 17:03:08  Starting replicated storage engine
2015-03-11 @ 17:03:08  Getting settings for single insert
2015-03-11 @ 17:03:08  Executing repository : Elastic Search
2015-03-11 @ 17:03:08  Establishing new connection for Elastic Search 192.168.1.201:9200
2015-03-11 @ 17:03:08  Reusing existing Elastic Search connection 
2015-03-11 @ 17:03:08  Inserting single object to Elastic Search : schedule.newobject.ref1ImageConverter
2015-03-11 @ 17:03:08  Successfully inserted one to elastic search
2015-03-11 @ 17:03:08  Executing repository : Elastic Search - Success
2015-03-11 @ 17:06:15  Starting replicated storage engine
2015-03-11 @ 17:06:15  Getting settings for single insert
2015-03-11 @ 17:06:15  Executing repository : Elastic Search
2015-03-11 @ 17:06:15  Establishing new connection for Elastic Search 192.168.1.201:9200
2015-03-11 @ 17:06:15  Reusing existing Elastic Search connection 
2015-03-11 @ 17:06:15  Inserting single object to Elastic Search : schedule.newobject.ref1ImageConverter
2015-03-11 @ 17:06:15  Successfully inserted one to elastic search
2015-03-11 @ 17:06:15  Executing repository : Elastic Search - Success
2015-03-11 @ 17:06:19  Starting replicated storage engine
2015-03-11 @ 17:06:19  Getting settings for single insert
2015-03-11 @ 17:06:19  Executing repository : Elastic Search
2015-03-11 @ 17:06:19  Establishing new connection for Elastic Search 192.168.1.201:9200
2015-03-11 @ 17:06:19  Reusing existing Elastic Search connection 
2015-03-11 @ 17:06:19  Inserting single object to Elastic Search : schedule.newobject.ref1ImageConverter
2015-03-11 @ 17:06:19  Successfully inserted one to elastic search
2015-03-11 @ 17:06:19  Executing repository : Elastic Search - Success
2015-03-11 @ 17:10:18  Starting replicated storage engine
2015-03-11 @ 17:10:18  Getting settings for single insert
2015-03-11 @ 17:10:18  Executing repository : Elastic Search
2015-03-11 @ 17:10:18  Establishing new connection for Elastic Search 192.168.1.201:9200
2015-03-11 @ 17:10:18  Reusing existing Elastic Search connection 
2015-03-11 @ 17:10:18  Inserting single object to Elastic Search : schedule.newobject.ref1ImageConverter
2015-03-11 @ 17:10:18  Successfully inserted one to elastic search
2015-03-11 @ 17:10:18  Executing repository : Elastic Search - Success
2015-03-11 @ 17:10:23  Starting replicated storage engine
2015-03-11 @ 17:10:23  Getting settings for single insert
2015-03-11 @ 17:10:23  Executing repository : Elastic Search
2015-03-11 @ 17:10:23  Establishing new connection for Elastic Search 192.168.1.201:9200
2015-03-11 @ 17:10:23  Reusing existing Elastic Search connection 
2015-03-11 @ 17:10:23  Inserting single object to Elastic Search : schedule.newobject.ref1ImageConverter
2015-03-11 @ 17:10:23  Successfully inserted one to elastic search
2015-03-11 @ 17:10:23  Executing repository : Elastic Search - Success
2015-03-11 @ 17:11:53  Starting replicated storage engine
2015-03-11 @ 17:11:53  Getting settings for single insert
2015-03-11 @ 17:11:53  Executing repository : Elastic Search
2015-03-11 @ 17:11:53  Establishing new connection for Elastic Search 192.168.1.201:9200
2015-03-11 @ 17:11:53  Reusing existing Elastic Search connection 
2015-03-11 @ 17:11:53  Inserting single object to Elastic Search : schedule.newobject.ref1ImageConverter
2015-03-11 @ 17:11:53  Successfully inserted one to elastic search
2015-03-11 @ 17:11:53  Executing repository : Elastic Search - Success
2015-03-11 @ 17:11:58  Starting replicated storage engine
2015-03-11 @ 17:11:58  Getting settings for single insert
2015-03-11 @ 17:11:58  Executing repository : Elastic Search
2015-03-11 @ 17:11:58  Establishing new connection for Elastic Search 192.168.1.201:9200
2015-03-11 @ 17:11:58  Reusing existing Elastic Search connection 
2015-03-11 @ 17:11:58  Inserting single object to Elastic Search : schedule.newobject.ref1ImageConverter
2015-03-11 @ 17:11:58  Successfully inserted one to elastic search
2015-03-11 @ 17:11:58  Executing repository : Elastic Search - Success
2015-03-11 @ 17:13:18  Starting replicated storage engine
2015-03-11 @ 17:13:18  Getting settings for single insert
2015-03-11 @ 17:13:18  Executing repository : Elastic Search
2015-03-11 @ 17:13:18  Establishing new connection for Elastic Search 192.168.1.201:9200
2015-03-11 @ 17:13:18  Reusing existing Elastic Search connection 
2015-03-11 @ 17:13:18  Inserting single object to Elastic Search : schedule.newobject.ref1ImageConverter
2015-03-11 @ 17:13:18  Successfully inserted one to elastic search
2015-03-11 @ 17:13:18  Executing repository : Elastic Search - Success
2015-03-11 @ 17:13:18  Starting replicated storage engine
2015-03-11 @ 17:13:18  Getting settings for single insert
2015-03-11 @ 17:13:18  Executing repository : Elastic Search
2015-03-11 @ 17:13:18  Establishing new connection for Elastic Search 192.168.1.201:9200
2015-03-11 @ 17:13:18  Reusing existing Elastic Search connection 
2015-03-11 @ 17:13:18  Inserting single object to Elastic Search : schedule.newobject.ref1ImageConverter
2015-03-11 @ 17:13:18  Successfully inserted one to elastic search
2015-03-11 @ 17:13:18  Executing repository : Elastic Search - Success
2015-03-11 @ 17:13:57  Starting replicated storage engine
2015-03-11 @ 17:13:57  Getting settings for single insert
2015-03-11 @ 17:13:57  Executing repository : Elastic Search
2015-03-11 @ 17:13:57  Establishing new connection for Elastic Search 192.168.1.201:9200
2015-03-11 @ 17:13:57  Reusing existing Elastic Search connection 
2015-03-11 @ 17:13:57  Inserting single object to Elastic Search : schedule.newobject.ref1ImageConverter
2015-03-11 @ 17:13:57  Successfully inserted one to elastic search
2015-03-11 @ 17:13:57  Executing repository : Elastic Search - Success
2015-03-11 @ 17:13:57  Starting replicated storage engine
2015-03-11 @ 17:13:57  Getting settings for single insert
2015-03-11 @ 17:13:57  Executing repository : Elastic Search
2015-03-11 @ 17:13:57  Establishing new connection for Elastic Search 192.168.1.201:9200
2015-03-11 @ 17:13:57  Reusing existing Elastic Search connection 
2015-03-11 @ 17:13:57  Inserting single object to Elastic Search : schedule.newobject.ref1ImageConverter
2015-03-11 @ 17:13:58  Successfully inserted one to elastic search
2015-03-11 @ 17:13:58  Executing repository : Elastic Search - Success
2015-03-11 @ 17:15:11  Starting replicated storage engine
2015-03-11 @ 17:15:11  Getting settings for single insert
2015-03-11 @ 17:15:11  Executing repository : Elastic Search
2015-03-11 @ 17:15:11  Establishing new connection for Elastic Search 192.168.1.201:9200
2015-03-11 @ 17:15:11  Reusing existing Elastic Search connection 
2015-03-11 @ 17:15:11  Inserting single object to Elastic Search : schedule.newobject.ref1ImageConverter
2015-03-11 @ 17:15:11  Successfully inserted one to elastic search
2015-03-11 @ 17:15:11  Executing repository : Elastic Search - Success
2015-03-11 @ 17:15:12  Starting replicated storage engine
2015-03-11 @ 17:15:12  Getting settings for single insert
2015-03-11 @ 17:15:12  Executing repository : Elastic Search
2015-03-11 @ 17:15:12  Establishing new connection for Elastic Search 192.168.1.201:9200
2015-03-11 @ 17:15:12  Reusing existing Elastic Search connection 
2015-03-11 @ 17:15:12  Inserting single object to Elastic Search : schedule.newobject.ref1ImageConverter
2015-03-11 @ 17:15:12  Successfully inserted one to elastic search
2015-03-11 @ 17:15:12  Executing repository : Elastic Search - Success
2015-03-11 @ 17:17:55  Starting replicated storage engine
2015-03-11 @ 17:17:55  Getting settings for single insert
2015-03-11 @ 17:17:55  Executing repository : Elastic Search
2015-03-11 @ 17:17:55  Establishing new connection for Elastic Search 192.168.1.201:9200
2015-03-11 @ 17:17:55  Reusing existing Elastic Search connection 
2015-03-11 @ 17:17:55  Inserting single object to Elastic Search : schedule.newobject.ref1ImageConverter
2015-03-11 @ 17:17:55  Successfully inserted one to elastic search
2015-03-11 @ 17:17:55  Executing repository : Elastic Search - Success
2015-03-11 @ 17:17:55  Starting replicated storage engine
2015-03-11 @ 17:17:55  Getting settings for single insert
2015-03-11 @ 17:17:55  Executing repository : Elastic Search
2015-03-11 @ 17:17:55  Establishing new connection for Elastic Search 192.168.1.201:9200
2015-03-11 @ 17:17:55  Reusing existing Elastic Search connection 
2015-03-11 @ 17:17:55  Inserting single object to Elastic Search : schedule.newobject.ref1ImageConverter
2015-03-11 @ 17:17:55  Successfully inserted one to elastic search
2015-03-11 @ 17:17:55  Executing repository : Elastic Search - Success
2015-03-11 @ 17:21:12  Starting replicated storage engine
2015-03-11 @ 17:21:12  Getting settings for single insert
2015-03-11 @ 17:21:12  Executing repository : Elastic Search
2015-03-11 @ 17:21:12  Establishing new connection for Elastic Search 192.168.1.201:9200
2015-03-11 @ 17:21:12  Reusing existing Elastic Search connection 
2015-03-11 @ 17:21:12  Inserting single object to Elastic Search : schedule.newobject.ref1ImageConverter
2015-03-11 @ 17:21:12  Successfully inserted one to elastic search
2015-03-11 @ 17:21:12  Executing repository : Elastic Search - Success
2015-03-11 @ 17:21:12  Starting replicated storage engine
2015-03-11 @ 17:21:12  Getting settings for single insert
2015-03-11 @ 17:21:12  Executing repository : Elastic Search
2015-03-11 @ 17:21:12  Establishing new connection for Elastic Search 192.168.1.201:9200
2015-03-11 @ 17:21:12  Reusing existing Elastic Search connection 
2015-03-11 @ 17:21:12  Inserting single object to Elastic Search : schedule.newobject.ref1ImageConverter
2015-03-11 @ 17:21:12  Successfully inserted one to elastic search
2015-03-11 @ 17:21:12  Executing repository : Elastic Search - Success
2015-03-11 @ 17:21:29  Starting replicated storage engine
2015-03-11 @ 17:21:29  Getting settings for single insert
2015-03-11 @ 17:21:29  Executing repository : Elastic Search
2015-03-11 @ 17:21:29  Establishing new connection for Elastic Search 192.168.1.201:9200
2015-03-11 @ 17:21:29  Reusing existing Elastic Search connection 
2015-03-11 @ 17:21:29  Inserting single object to Elastic Search : schedule.newobject.ref1ImageConverter
2015-03-11 @ 17:21:29  Successfully inserted one to elastic search
2015-03-11 @ 17:21:29  Executing repository : Elastic Search - Success
2015-03-11 @ 17:21:38  Starting replicated storage engine
2015-03-11 @ 17:21:38  Getting settings for single insert
2015-03-11 @ 17:21:38  Executing repository : Elastic Search
2015-03-11 @ 17:21:38  Establishing new connection for Elastic Search 192.168.1.201:9200
2015-03-11 @ 17:21:38  Reusing existing Elastic Search connection 
2015-03-11 @ 17:21:38  Inserting single object to Elastic Search : schedule.newobject.ref1ImageConverter
2015-03-11 @ 17:21:38  Successfully inserted one to elastic search
2015-03-11 @ 17:21:38  Executing repository : Elastic Search - Success
2015-03-11 @ 17:22:43  Starting replicated storage engine
2015-03-11 @ 17:22:43  Getting settings for single insert
2015-03-11 @ 17:22:43  Executing repository : Elastic Search
2015-03-11 @ 17:22:43  Establishing new connection for Elastic Search 192.168.1.201:9200
2015-03-11 @ 17:22:43  Reusing existing Elastic Search connection 
2015-03-11 @ 17:22:43  Inserting single object to Elastic Search : schedule.newobject.ref1ImageConverter
2015-03-11 @ 17:22:43  Successfully inserted one to elastic search
2015-03-11 @ 17:22:43  Executing repository : Elastic Search - Success
2015-03-11 @ 17:23:07  Starting replicated storage engine
2015-03-11 @ 17:23:07  Getting settings for single insert
2015-03-11 @ 17:23:07  Executing repository : Elastic Search
2015-03-11 @ 17:23:07  Establishing new connection for Elastic Search 192.168.1.201:9200
2015-03-11 @ 17:23:07  Reusing existing Elastic Search connection 
2015-03-11 @ 17:23:07  Inserting single object to Elastic Search : schedule.newobject.ref1ImageConverter
2015-03-11 @ 17:23:07  Successfully inserted one to elastic search
2015-03-11 @ 17:23:07  Executing repository : Elastic Search - Success
2015-03-11 @ 17:23:25  Starting replicated storage engine
2015-03-11 @ 17:23:25  Getting settings for single insert
2015-03-11 @ 17:23:25  Executing repository : Elastic Search
2015-03-11 @ 17:23:25  Establishing new connection for Elastic Search 192.168.1.201:9200
2015-03-11 @ 17:23:25  Reusing existing Elastic Search connection 
2015-03-11 @ 17:23:25  Inserting single object to Elastic Search : schedule.newobject.ref1ImageConverter
2015-03-11 @ 17:23:25  Successfully inserted one to elastic search
2015-03-11 @ 17:23:25  Executing repository : Elastic Search - Success
2015-03-11 @ 17:24:10  Starting replicated storage engine
2015-03-11 @ 17:24:10  Getting settings for single insert
2015-03-11 @ 17:24:10  Executing repository : Elastic Search
2015-03-11 @ 17:24:10  Establishing new connection for Elastic Search 192.168.1.201:9200
2015-03-11 @ 17:24:10  Reusing existing Elastic Search connection 
2015-03-11 @ 17:24:10  Inserting single object to Elastic Search : schedule.newobject.ref1ImageConverter
2015-03-11 @ 17:24:10  Successfully inserted one to elastic search
2015-03-11 @ 17:24:10  Executing repository : Elastic Search - Success
2015-03-11 @ 17:27:54  Starting replicated storage engine
2015-03-11 @ 17:27:54  Getting settings for single insert
2015-03-11 @ 17:27:54  Executing repository : Elastic Search
2015-03-11 @ 17:27:54  Establishing new connection for Elastic Search 192.168.1.201:9200
2015-03-11 @ 17:27:54  Reusing existing Elastic Search connection 
2015-03-11 @ 17:27:54  Inserting single object to Elastic Search : schedule.newobject.ref1ImageConverter
2015-03-11 @ 17:27:54  Successfully inserted one to elastic search
2015-03-11 @ 17:27:54  Executing repository : Elastic Search - Success
2015-03-19 @ 10:37:10  Starting replicated storage engine
2015-03-19 @ 10:37:10  Getting settings for single insert
2015-03-19 @ 10:37:10  Executing repository : Elastic Search
2015-03-19 @ 10:37:10  Establishing new connection for Elastic Search 192.168.1.201:9200
2015-03-19 @ 10:37:10  Reusing existing Elastic Search connection 
2015-03-19 @ 10:37:10  Inserting single object to Elastic Search : schedule.newobject.ref1ImageConverter
2015-03-19 @ 10:37:11  Successfully inserted one to elastic search
2015-03-19 @ 10:37:11  Executing repository : Elastic Search - Success
2015-03-19 @ 10:51:37  Starting replicated storage engine
2015-03-19 @ 10:51:37  Getting settings for single insert
2015-03-19 @ 10:51:37  Executing repository : Elastic Search
2015-03-19 @ 10:51:37  Establishing new connection for Elastic Search 192.168.1.201:9200
2015-03-19 @ 10:51:37  Reusing existing Elastic Search connection 
2015-03-19 @ 10:51:37  Inserting single object to Elastic Search : schedule.newobject.ref1ImageConverter
2015-03-19 @ 10:51:37  Successfully inserted one to elastic search
2015-03-19 @ 10:51:37  Executing repository : Elastic Search - Success
2015-03-19 @ 10:51:57  Starting replicated storage engine
2015-03-19 @ 10:51:57  Getting settings for single insert
2015-03-19 @ 10:51:57  Executing repository : Elastic Search
2015-03-19 @ 10:51:57  Establishing new connection for Elastic Search 192.168.1.201:9200
2015-03-19 @ 10:51:57  Reusing existing Elastic Search connection 
2015-03-19 @ 10:51:57  Inserting single object to Elastic Search : schedule.newobject.ref1ImageConverter
2015-03-19 @ 10:51:57  Successfully inserted one to elastic search
2015-03-19 @ 10:51:57  Executing repository : Elastic Search - Success
2015-03-19 @ 10:53:59  Starting replicated storage engine
2015-03-19 @ 10:53:59  Getting settings for single insert
2015-03-19 @ 10:53:59  Executing repository : Elastic Search
2015-03-19 @ 10:53:59  Establishing new connection for Elastic Search 192.168.1.201:9200
2015-03-19 @ 10:53:59  Reusing existing Elastic Search connection 
2015-03-19 @ 10:53:59  Inserting single object to Elastic Search : schedule.newobject.ref1ImageConverter
2015-03-19 @ 10:53:59  Successfully inserted one to elastic search
2015-03-19 @ 10:53:59  Executing repository : Elastic Search - Success
2015-03-19 @ 10:58:26  Starting replicated storage engine
2015-03-19 @ 10:58:26  Getting settings for single insert
2015-03-19 @ 10:58:26  Executing repository : Elastic Search
2015-03-19 @ 10:58:26  Establishing new connection for Elastic Search 192.168.1.201:9200
2015-03-19 @ 10:58:26  Reusing existing Elastic Search connection 
2015-03-19 @ 10:58:26  Inserting single object to Elastic Search : schedule.newobject.ref1ImageConverter
2015-03-19 @ 10:58:26  Successfully inserted one to elastic search
2015-03-19 @ 10:58:26  Executing repository : Elastic Search - Success
2015-03-19 @ 11:09:36  Starting replicated storage engine
2015-03-19 @ 11:09:36  Getting settings for single insert
2015-03-19 @ 11:09:36  Executing repository : Elastic Search
2015-03-19 @ 11:09:36  Establishing new connection for Elastic Search 192.168.1.201:9200
2015-03-19 @ 11:09:36  Reusing existing Elastic Search connection 
2015-03-19 @ 11:09:36  Inserting single object to Elastic Search : schedule.newobject.ref1ImageConverter
2015-03-19 @ 11:09:36  Successfully inserted one to elastic search
2015-03-19 @ 11:09:36  Executing repository : Elastic Search - Success
2015-03-19 @ 11:09:49  Starting replicated storage engine
2015-03-19 @ 11:09:49  Getting settings for single insert
2015-03-19 @ 11:09:49  Executing repository : Elastic Search
2015-03-19 @ 11:09:49  Establishing new connection for Elastic Search 192.168.1.201:9200
2015-03-19 @ 11:09:49  Reusing existing Elastic Search connection 
2015-03-19 @ 11:09:49  Inserting single object to Elastic Search : schedule.newobject.ref1ImageConverter
2015-03-19 @ 11:09:49  Successfully inserted one to elastic search
2015-03-19 @ 11:09:49  Executing repository : Elastic Search - Success
2015-03-19 @ 11:09:52  Starting replicated storage engine
2015-03-19 @ 11:09:52  Getting settings for single insert
2015-03-19 @ 11:09:52  Executing repository : Elastic Search
2015-03-19 @ 11:09:52  Establishing new connection for Elastic Search 192.168.1.201:9200
2015-03-19 @ 11:09:52  Reusing existing Elastic Search connection 
2015-03-19 @ 11:09:52  Inserting single object to Elastic Search : schedule.newobject.ref1ImageConverter
2015-03-19 @ 11:09:52  Successfully inserted one to elastic search
2015-03-19 @ 11:09:52  Executing repository : Elastic Search - Success
2015-03-19 @ 11:09:53  Starting replicated storage engine
2015-03-19 @ 11:09:53  Getting settings for single insert
2015-03-19 @ 11:09:53  Executing repository : Elastic Search
2015-03-19 @ 11:09:53  Establishing new connection for Elastic Search 192.168.1.201:9200
2015-03-19 @ 11:09:53  Reusing existing Elastic Search connection 
2015-03-19 @ 11:09:53  Inserting single object to Elastic Search : schedule.newobject.ref1ImageConverter
2015-03-19 @ 11:09:54  Successfully inserted one to elastic search
2015-03-19 @ 11:09:54  Executing repository : Elastic Search - Success
2015-03-19 @ 11:09:58  Starting replicated storage engine
2015-03-19 @ 11:09:58  Getting settings for single insert
2015-03-19 @ 11:09:58  Executing repository : Elastic Search
2015-03-19 @ 11:09:58  Establishing new connection for Elastic Search 192.168.1.201:9200
2015-03-19 @ 11:09:58  Reusing existing Elastic Search connection 
2015-03-19 @ 11:09:58  Inserting single object to Elastic Search : schedule.newobject.ref1ImageConverter
2015-03-19 @ 11:09:58  Successfully inserted one to elastic search
2015-03-19 @ 11:09:58  Executing repository : Elastic Search - Success
2015-03-19 @ 11:09:59  Starting replicated storage engine
2015-03-19 @ 11:09:59  Getting settings for single insert
2015-03-19 @ 11:09:59  Executing repository : Elastic Search
2015-03-19 @ 11:09:59  Establishing new connection for Elastic Search 192.168.1.201:9200
2015-03-19 @ 11:09:59  Reusing existing Elastic Search connection 
2015-03-19 @ 11:09:59  Inserting single object to Elastic Search : schedule.newobject.ref1ImageConverter
2015-03-19 @ 11:09:59  Successfully inserted one to elastic search
2015-03-19 @ 11:09:59  Executing repository : Elastic Search - Success
2015-03-19 @ 11:10:00  Starting replicated storage engine
2015-03-19 @ 11:10:00  Getting settings for single insert
2015-03-19 @ 11:10:00  Executing repository : Elastic Search
2015-03-19 @ 11:10:00  Establishing new connection for Elastic Search 192.168.1.201:9200
2015-03-19 @ 11:10:00  Reusing existing Elastic Search connection 
2015-03-19 @ 11:10:00  Inserting single object to Elastic Search : schedule.newobject.ref1ImageConverter
2015-03-19 @ 11:10:00  Successfully inserted one to elastic search
2015-03-19 @ 11:10:00  Executing repository : Elastic Search - Success
2015-03-19 @ 11:10:01  Starting replicated storage engine
2015-03-19 @ 11:10:01  Getting settings for single insert
2015-03-19 @ 11:10:01  Executing repository : Elastic Search
2015-03-19 @ 11:10:01  Establishing new connection for Elastic Search 192.168.1.201:9200
2015-03-19 @ 11:10:01  Reusing existing Elastic Search connection 
2015-03-19 @ 11:10:01  Inserting single object to Elastic Search : schedule.newobject.ref1ImageConverter
2015-03-19 @ 11:10:01  Successfully inserted one to elastic search
2015-03-19 @ 11:10:01  Executing repository : Elastic Search - Success
2015-03-19 @ 11:10:02  Starting replicated storage engine
2015-03-19 @ 11:10:02  Getting settings for single insert
2015-03-19 @ 11:10:02  Executing repository : Elastic Search
2015-03-19 @ 11:10:02  Establishing new connection for Elastic Search 192.168.1.201:9200
2015-03-19 @ 11:10:02  Reusing existing Elastic Search connection 
2015-03-19 @ 11:10:02  Inserting single object to Elastic Search : schedule.newobject.ref1ImageConverter
2015-03-19 @ 11:10:02  Successfully inserted one to elastic search
2015-03-19 @ 11:10:02  Executing repository : Elastic Search - Success
