2015-02-13 @ 14:34:21  Starting new Service Console Session!
2015-02-13 @ 14:34:21  Running Exchanges :
2015-02-13 @ 14:34:21  publisher_01
2015-02-13 @ 14:34:21  Running Queues :
2015-02-13 @ 14:34:21  QueuedWorkFlow.DisconnectWorkFlow.ReconnectExcelImage
2015-02-13 @ 18:03:11  Starting new Service Console Session!
2015-02-13 @ 18:03:11  Running Exchanges :
2015-02-13 @ 18:03:11  publisher_01
2015-02-13 @ 18:03:11  Running Queues :
2015-02-13 @ 18:03:11  ExcelImageQueuedWorkFlow.DisconnectWorkFlow.Reconnect
2015-02-17 @ 11:41:13  Starting new Service Console Session!
2015-02-17 @ 11:41:13  Running Exchanges :
2015-02-17 @ 11:41:13  publisher_01
2015-02-17 @ 11:41:13  Running Queues :
2015-02-17 @ 11:41:13  ExcelImageQueuedWorkFlow.DisconnectWorkFlow.Reconnect
2015-02-17 @ 11:48:35  Starting new Service Console Session!
2015-02-17 @ 11:48:35  Running Exchanges :
2015-02-17 @ 11:48:35  publisher_01
2015-02-17 @ 11:48:35  Running Queues :
2015-02-17 @ 11:48:35  WorkFlow.ReconnectWorkFlow.DisconnectExcelImageQueued
2015-02-17 @ 11:51:57  Starting new Service Console Session!
2015-02-17 @ 11:51:57  Running Exchanges :
2015-02-17 @ 11:51:57  publisher_01
2015-02-17 @ 11:51:57  Running Queues :
2015-02-17 @ 11:51:57  ImageQueuedWorkFlow.DisconnectWorkFlow.ReconnectExcel
2015-02-17 @ 11:55:22  Starting new Service Console Session!
2015-02-17 @ 12:05:28  Starting new Service Console Session!
2015-02-17 @ 12:11:35  Starting new Service Console Session!
2015-02-17 @ 12:13:59  Starting new Service Console Session!
2015-02-17 @ 12:13:59  Running Exchanges :
2015-02-17 @ 12:13:59  publisher_01
2015-02-17 @ 12:13:59  Running Queues :
2015-02-17 @ 12:13:59  QueuedWorkFlow.DisconnectWorkFlow.ReconnectExcelImage
2015-02-17 @ 12:20:16  Starting new Service Console Session!
2015-02-17 @ 12:21:52  Starting new Service Console Session!
2015-02-17 @ 12:24:04  Starting new Service Console Session!
2015-02-17 @ 12:24:04  Running Exchanges :
2015-02-17 @ 12:24:04  publisher_01
2015-02-17 @ 12:24:04  Running Queues :
2015-02-17 @ 12:24:04  ExcelImageQueuedWorkFlow.DisconnectWorkFlow.Reconnect
2015-02-17 @ 12:33:15  Starting new Service Console Session!
2015-02-17 @ 12:33:15  Running Exchanges :
2015-02-17 @ 12:33:15  publisher_01
2015-02-17 @ 12:33:15  Running Queues :
2015-02-17 @ 12:33:15  ExcelImageQueuedWorkFlow.DisconnectWorkFlow.Reconnect
2015-02-17 @ 12:34:22  Starting new Service Console Session!
2015-02-17 @ 12:35:06  Starting new Service Console Session!
2015-02-17 @ 12:37:57  Starting new Service Console Session!
2015-02-17 @ 12:37:57  Running Exchanges :
2015-02-17 @ 12:37:57  publisher_01
2015-02-17 @ 12:37:57  Running Queues :
2015-02-17 @ 12:37:57  ExcelImageQueuedWorkFlow.DisconnectWorkFlow.Reconnect
2015-02-17 @ 12:38:30  Starting new Service Console Session!
2015-02-17 @ 12:38:30  Running Exchanges :
2015-02-17 @ 12:38:30  publisher_01
2015-02-17 @ 12:38:30  Running Queues :
2015-02-17 @ 12:38:30  WorkFlow.DisconnectWorkFlow.ReconnectExcelImageQueued
2015-02-17 @ 12:40:07  Starting new Service Console Session!
2015-02-17 @ 12:40:07  Running Exchanges :
2015-02-17 @ 12:40:07  publisher_01
2015-02-17 @ 12:40:07  Running Queues :
2015-02-17 @ 12:40:07  ExcelImageQueuedWorkFlow.DisconnectWorkFlow.Reconnect
2015-02-17 @ 13:57:20  Starting new Service Console Session!
2015-02-17 @ 13:57:20  Running Exchanges :
2015-02-17 @ 13:57:20  publisher_01
2015-02-17 @ 13:57:20  Running Queues :
2015-02-17 @ 13:57:20  ExcelImageQueuedWorkFlow.DisconnectWorkFlow.Reconnect
2015-02-19 @ 10:55:08  Starting new Service Console Session!
2015-02-19 @ 10:55:08  Running Exchanges :
2015-02-19 @ 10:55:08  publisher_01
2015-02-19 @ 10:55:08  Running Queues :
2015-02-19 @ 10:55:08  ExcelImageQueuedWorkFlow.DisconnectWorkFlow.Reconnect
2015-02-19 @ 10:55:54  Starting new Service Console Session!
2015-02-19 @ 10:55:54  Running Exchanges :
2015-02-19 @ 10:55:54  publisher_01
2015-02-19 @ 10:55:54  Running Queues :
2015-02-19 @ 10:55:54  ExcelImageQueuedWorkFlow.DisconnectWorkFlow.Reconnect
2015-02-19 @ 10:57:52  Starting new Service Console Session!
2015-02-19 @ 10:57:52  Running Exchanges :
2015-02-19 @ 10:57:52  
2015-02-19 @ 10:57:52  Running Queues :
2015-02-19 @ 10:57:52  
2015-02-19 @ 11:02:46  Starting new Service Console Session!
2015-02-19 @ 11:02:46  Running Exchanges :
2015-02-19 @ 11:02:46  
2015-02-19 @ 11:02:46  Running Queues :
2015-02-19 @ 11:02:46  
2015-02-19 @ 11:03:44  Starting new Service Console Session!
2015-02-19 @ 11:03:44  Running Exchanges :
2015-02-19 @ 11:03:44  
2015-02-19 @ 11:03:44  Running Queues :
2015-02-19 @ 11:03:44  
2015-02-19 @ 11:11:18  Starting new Service Console Session!
2015-02-19 @ 11:11:18  Running Exchanges :
2015-02-19 @ 11:11:18  
2015-02-19 @ 11:11:18  Running Queues :
2015-02-19 @ 11:11:18  
2015-02-19 @ 11:18:04  Starting new Service Console Session!
2015-02-19 @ 11:18:04  Running Exchanges :
2015-02-19 @ 11:18:04  
2015-02-19 @ 11:18:04  Running Queues :
2015-02-19 @ 11:18:04  
2015-02-19 @ 11:20:41  Starting new Service Console Session!
2015-02-19 @ 11:20:41  Running Exchanges :
2015-02-19 @ 11:20:41  
2015-02-19 @ 11:20:41  Running Queues :
2015-02-19 @ 11:20:41  
2015-02-19 @ 11:21:12  Starting new Service Console Session!
2015-02-19 @ 11:21:12  Running Exchanges :
2015-02-19 @ 11:21:12  
2015-02-19 @ 11:21:12  Running Queues :
2015-02-19 @ 11:21:12  
2015-02-19 @ 11:21:59  Starting new Service Console Session!
2015-02-19 @ 11:21:59  Running Exchanges :
2015-02-19 @ 11:21:59  
2015-02-19 @ 11:21:59  Running Queues :
2015-02-19 @ 11:21:59  
2015-02-19 @ 11:31:44  Starting new Service Console Session!
2015-02-19 @ 11:31:44  Running Exchanges :
2015-02-19 @ 11:31:44  
2015-02-19 @ 11:31:44  Running Queues :
2015-02-19 @ 11:31:44  
2015-02-19 @ 11:36:37  Starting new Service Console Session!
2015-02-19 @ 11:36:37  Running Exchanges :
2015-02-19 @ 11:36:37  
2015-02-19 @ 11:36:37  Running Queues :
2015-02-19 @ 11:36:37  
2015-02-19 @ 11:58:07  Starting new Service Console Session!
2015-02-19 @ 11:58:07  Running Exchanges :
2015-02-19 @ 11:58:07  publisher_01
2015-02-19 @ 11:58:07  Running Queues :
2015-02-19 @ 11:58:07  
2015-02-19 @ 11:59:36  Starting new Service Console Session!
2015-02-19 @ 11:59:36  Running Exchanges :
2015-02-19 @ 11:59:36  publisher_01
2015-02-19 @ 11:59:36  Running Queues :
2015-02-19 @ 11:59:36  
2015-02-19 @ 12:09:50  Starting new Service Console Session!
2015-02-19 @ 12:09:50  Running Exchanges :
2015-02-19 @ 12:09:50  publisher_01
2015-02-19 @ 12:09:50  Running Queues :
2015-02-19 @ 12:09:50  
2015-02-19 @ 12:19:13  Starting new Service Console Session!
2015-02-19 @ 12:19:13  Running Exchanges :
2015-02-19 @ 12:19:13  publisher_01
2015-02-19 @ 12:19:13  Running Queues :
2015-02-19 @ 12:19:13  QueuedExcelImage
2015-02-19 @ 12:20:29  Starting new Service Console Session!
2015-02-19 @ 12:20:29  Running Exchanges :
2015-02-19 @ 12:20:29  publisher_01
2015-02-19 @ 12:20:29  Running Queues :
2015-02-19 @ 12:20:29  ImageQueuedExcel
2015-02-19 @ 12:23:39  Starting new Service Console Session!
2015-02-19 @ 12:23:39  Running Exchanges :
2015-02-19 @ 12:23:39  publisher_01
2015-02-19 @ 12:23:39  Running Queues :
2015-02-19 @ 12:23:39  ExcelImageQueuedWorkFlow.ReconnectWorkFlow.Disconnect
2015-02-19 @ 12:24:58  Starting new Service Console Session!
2015-02-19 @ 12:24:58  Running Exchanges :
2015-02-19 @ 12:24:58  publisher_01
2015-02-19 @ 12:24:58  Running Queues :
2015-02-19 @ 12:24:58  ExcelImageQueuedWorkFlow.ReconnectWorkFlow.Disconnect
2015-02-19 @ 12:36:47  Starting new Service Console Session!
2015-02-19 @ 12:36:47  Running Exchanges :
2015-02-19 @ 12:36:47  publisher_01
2015-02-19 @ 12:36:47  Running Queues :
2015-02-19 @ 12:36:47  ExcelImageQueuedWorkFlow.DisconnectWorkFlow.Reconnect
2015-02-19 @ 12:37:04  Executing Single Worker : ExcelWorker
2015-02-19 @ 12:37:04  Executing worker : ExcelWorker - Failed
2015-02-19 @ 12:40:42  Starting new Service Console Session!
2015-02-19 @ 12:40:42  Running Exchanges :
2015-02-19 @ 12:40:42  publisher_01
2015-02-19 @ 12:40:42  Running Queues :
2015-02-19 @ 12:40:42  ExcelImageQueuedWorkFlow.DisconnectWorkFlow.Reconnect
2015-02-19 @ 12:42:03  Executing Single Worker : ImageWorker
2015-02-19 @ 12:42:03  Image Convertion successful!
2015-02-19 @ 12:42:03  Executing worker : ImageWorker - Success
2015-02-19 @ 12:44:19  Starting new Service Console Session!
2015-02-19 @ 12:44:19  Running Exchanges :
2015-02-19 @ 12:44:19  publisher_01
2015-02-19 @ 12:44:19  Running Queues :
2015-02-19 @ 12:44:19  ExcelImageQueuedWorkFlow.DisconnectWorkFlow.Reconnect
2015-02-19 @ 12:44:33  Executing Single Worker : ExcelWorker
2015-02-19 @ 12:44:33  Executing worker : ExcelWorker - Failed
2015-02-19 @ 12:45:38  Starting new Service Console Session!
2015-02-19 @ 12:45:38  Running Exchanges :
2015-02-19 @ 12:45:38  publisher_01
2015-02-19 @ 12:45:38  Running Queues :
2015-02-19 @ 12:45:38  QueuedWorkFlow.DisconnectWorkFlow.ReconnectExcelImage
2015-02-19 @ 12:46:05  Executing Single Worker : ExcelWorker
2015-02-19 @ 12:46:05  Executing worker : ExcelWorker - Failed
2015-02-19 @ 12:46:10  Executing Single Worker : ExcelWorker
2015-02-19 @ 12:46:10  Executing worker : ExcelWorker - Failed
2015-02-19 @ 12:46:14  Executing Single Worker : ExcelWorker
2015-02-19 @ 12:46:14  Executing worker : ExcelWorker - Failed
2015-02-19 @ 12:46:23  Executing Single Worker : ExcelWorker
2015-02-19 @ 12:46:23  Executing worker : ExcelWorker - Failed
2015-02-19 @ 12:48:01  Starting new Service Console Session!
2015-02-19 @ 12:48:01  Running Exchanges :
2015-02-19 @ 12:48:01  publisher_01
2015-02-19 @ 12:48:01  Running Queues :
2015-02-19 @ 12:48:01  ExcelImageQueuedWorkFlow.DisconnectWorkFlow.Reconnect
2015-02-19 @ 12:48:09  Executing Single Worker : ExcelWorker
2015-02-19 @ 12:48:09  Executing worker : ExcelWorker - Failed
2015-02-19 @ 12:55:20  Starting new Service Console Session!
2015-02-19 @ 12:55:20  Running Exchanges :
2015-02-19 @ 12:55:20  publisher_01
2015-02-19 @ 12:55:20  Running Queues :
2015-02-19 @ 12:55:20  ImageQueuedWorkFlow.DisconnectWorkFlow.ReconnectExcel
2015-02-19 @ 12:55:50  Executing Single Worker : ExcelWorker
2015-02-19 @ 12:55:50  Executing worker : ExcelWorker - Failed
2015-02-19 @ 12:59:30  Starting new Service Console Session!
2015-02-19 @ 12:59:30  Running Exchanges :
2015-02-19 @ 12:59:30  publisher_01
2015-02-19 @ 12:59:30  Running Queues :
2015-02-19 @ 12:59:30  WorkFlow.DisconnectWorkFlow.ReconnectExcelImageQueued
2015-02-19 @ 12:59:37  Executing Single Worker : ExcelWorker
2015-02-19 @ 12:59:37  Executing worker : ExcelWorker - Failed
2015-02-19 @ 13:02:01  Starting new Service Console Session!
2015-02-19 @ 13:02:01  Running Exchanges :
2015-02-19 @ 13:02:01  publisher_01
2015-02-19 @ 13:02:01  Running Queues :
2015-02-19 @ 13:02:01  ExcelImageQueuedWorkFlow.DisconnectWorkFlow.Reconnect
2015-02-19 @ 13:02:14  Executing Single Worker : ExcelWorker
2015-02-19 @ 13:02:14  Executing worker : ExcelWorker - Failed
2015-02-19 @ 13:03:00  Executing Single Worker : ImageWorker
2015-02-19 @ 13:03:00  Image Convertion successful!
2015-02-19 @ 13:03:00  Executing worker : ImageWorker - Success
2015-02-19 @ 13:06:19  Starting new Service Console Session!
2015-02-19 @ 13:06:19  Running Exchanges :
2015-02-19 @ 13:06:19  publisher_01
2015-02-19 @ 13:06:19  Running Queues :
2015-02-19 @ 13:06:19  QueuedWorkFlow.ReconnectWorkFlow.DisconnectExcelImage
2015-02-19 @ 13:06:55  Executing Single Worker : ImageWorker
2015-02-19 @ 13:06:55  Image Convertion successful!
2015-02-19 @ 13:06:55  Executing worker : ImageWorker - Success
2015-02-19 @ 13:07:12  Executing Single Worker : ExcelWorker
2015-02-19 @ 13:07:12  Executing worker : ExcelWorker - Failed
2015-02-19 @ 13:07:21  Executing Single Worker : QueuedObjectStoreWorker
2015-02-19 @ 13:07:21  Executing worker : QueuedObjectStoreWorker - Failed
2015-02-19 @ 13:12:31  Starting new Service Console Session!
2015-02-19 @ 13:12:31  Running Exchanges :
2015-02-19 @ 13:12:31  publisher_01
2015-02-19 @ 13:12:31  Running Queues :
2015-02-19 @ 13:12:31  ExcelImageQueuedWorkFlow.ReconnectWorkFlow.Disconnect
2015-02-19 @ 13:17:30  Starting new Service Console Session!
2015-02-19 @ 13:17:30  Running Exchanges :
2015-02-19 @ 13:17:30  publisher_01
2015-02-19 @ 13:17:30  Running Queues :
2015-02-19 @ 13:17:30  ExcelImageQueuedWorkFlow.DisconnectWorkFlow.Reconnect
2015-02-19 @ 13:24:40  Starting new Service Console Session!
2015-02-19 @ 13:24:40  Running Exchanges :
2015-02-19 @ 13:24:40  publisher_01
2015-02-19 @ 13:24:40  Running Queues :
2015-02-19 @ 13:24:40  ImageQueuedWorkFlow.DisconnectWorkFlow.ReconnectExcel
2015-02-19 @ 13:31:33  Starting new Service Console Session!
2015-02-19 @ 13:31:33  Running Exchanges :
2015-02-19 @ 13:31:33  publisher_01
2015-02-19 @ 13:31:33  Running Queues :
2015-02-19 @ 13:31:33  ExcelImageQueuedWorkFlow.DisconnectWorkFlow.Reconnect
2015-02-19 @ 13:32:56  Starting new Service Console Session!
2015-02-19 @ 13:32:56  Running Exchanges :
2015-02-19 @ 13:32:56  publisher_01
2015-02-19 @ 13:32:56  Running Queues :
2015-02-19 @ 13:32:56  ExcelImageQueuedWorkFlow.DisconnectWorkFlow.Reconnect
2015-02-19 @ 13:36:10  Starting new Service Console Session!
2015-02-19 @ 13:36:10  Running Exchanges :
2015-02-19 @ 13:36:10  publisher_01
2015-02-19 @ 13:36:10  Running Queues :
2015-02-19 @ 13:36:10  ExcelImageQueuedWorkFlow.DisconnectWorkFlow.Reconnect
2015-02-19 @ 13:36:47  Executing Single Worker : ExcelWorker
2015-02-19 @ 13:36:47  Executing worker : ExcelWorker - Failed
2015-02-19 @ 13:42:25  Starting new Service Console Session!
2015-02-19 @ 13:42:25  Running Exchanges :
2015-02-19 @ 13:42:25  publisher_01
2015-02-19 @ 13:42:25  Running Queues :
2015-02-19 @ 13:42:25  ExcelImageQueuedWorkFlow.DisconnectWorkFlow.Reconnect
2015-02-19 @ 13:43:31  Starting new Service Console Session!
2015-02-19 @ 13:43:31  Running Exchanges :
2015-02-19 @ 13:43:31  publisher_01
2015-02-19 @ 13:43:31  Running Queues :
2015-02-19 @ 13:43:31  WorkFlow.DisconnectWorkFlow.ReconnectExcelImageQueued
2015-02-19 @ 13:47:17  Starting new Service Console Session!
2015-02-19 @ 13:47:17  Running Exchanges :
2015-02-19 @ 13:47:17  publisher_01
2015-02-19 @ 13:47:17  Running Queues :
2015-02-19 @ 13:47:17  ExcelImageQueuedWorkFlow.DisconnectWorkFlow.Reconnect
2015-02-19 @ 13:48:49  Starting new Service Console Session!
2015-02-19 @ 13:48:49  Running Exchanges :
2015-02-19 @ 13:48:49  publisher_01
2015-02-19 @ 13:48:49  Running Queues :
2015-02-19 @ 13:48:49  ExcelImageQueuedWorkFlow.DisconnectWorkFlow.Reconnect
2015-02-19 @ 13:50:18  Starting new Service Console Session!
2015-02-19 @ 13:50:18  Running Exchanges :
2015-02-19 @ 13:50:18  publisher_01
2015-02-19 @ 13:50:18  Running Queues :
2015-02-19 @ 13:50:18  ImageQueuedWorkFlow.DisconnectWorkFlow.ReconnectExce.l
2015-02-19 @ 13:51:23  Starting new Service Console Session!
2015-02-19 @ 13:51:23  Running Exchanges :
2015-02-19 @ 13:51:23  publisher_01
2015-02-19 @ 13:51:23  Running Queues :
2015-02-19 @ 13:51:23  WorkFlow.ReconnectWorkFlow.DisconnectExcelImageQueued
2015-02-19 @ 13:51:34  Executing Single Worker : ExcelWorker
2015-02-19 @ 13:51:34  Executing worker : ExcelWorker - Failed
2015-02-19 @ 13:55:58  Starting new Service Console Session!
2015-02-19 @ 13:55:58  Running Exchanges :
2015-02-19 @ 13:55:58  publisher_01
2015-02-19 @ 13:55:58  Running Queues :
2015-02-19 @ 13:55:58  WorkFlow.DisconnectWorkFlow.ReconnectExcelImageQueued
2015-02-19 @ 13:56:16  Executing Single Worker : ExcelWorker
2015-02-19 @ 13:56:16  Executing worker : ExcelWorker - Failed
2015-02-19 @ 14:04:01  Starting new Service Console Session!
2015-02-19 @ 14:04:01  Running Exchanges :
2015-02-19 @ 14:04:01  publisher_01
2015-02-19 @ 14:04:01  Running Queues :
2015-02-19 @ 14:04:01  ExcelImageQueuedWorkFlow.DisconnectWorkFlow.Reconnect
2015-02-19 @ 14:04:32  Executing Single Worker : ExcelWorker
2015-02-19 @ 14:04:32  Executing worker : ExcelWorker - Failed
2015-02-19 @ 14:08:14  Starting new Service Console Session!
2015-02-19 @ 14:08:14  Running Exchanges :
2015-02-19 @ 14:08:14  publisher_01
2015-02-19 @ 14:08:14  Running Queues :
2015-02-19 @ 14:08:14  ExcelImageQueuedWorkFlow.DisconnectWorkFlow.Reconnect
2015-02-19 @ 14:08:19  Executing Single Worker : ExcelWorker
2015-02-19 @ 14:08:19  Executing worker : ExcelWorker - Failed
2015-02-19 @ 14:09:33  Starting new Service Console Session!
2015-02-19 @ 14:09:34  Running Exchanges :
2015-02-19 @ 14:09:34  publisher_01
2015-02-19 @ 14:09:34  Running Queues :
2015-02-19 @ 14:09:34  ExcelImageQueuedWorkFlow.DisconnectWorkFlow.Reconnect
2015-02-19 @ 14:10:22  Starting new Service Console Session!
2015-02-19 @ 14:10:22  Running Exchanges :
2015-02-19 @ 14:10:22  publisher_01
2015-02-19 @ 14:10:22  Running Queues :
2015-02-19 @ 14:10:22  WorkFlow.DisconnectWorkFlow.ReconnectExcelImageQueued
2015-02-19 @ 14:11:22  Starting new Service Console Session!
2015-02-19 @ 14:11:22  Running Exchanges :
2015-02-19 @ 14:11:22  publisher_01
2015-02-19 @ 14:11:22  Running Queues :
2015-02-19 @ 14:11:22  WorkFlow.ReconnectWorkFlow.DisconnectExcelImageQueued
2015-02-19 @ 14:13:10  Starting new Service Console Session!
2015-02-19 @ 14:13:10  Running Exchanges :
2015-02-19 @ 14:13:10  publisher_01
2015-02-19 @ 14:13:10  Running Queues :
2015-02-19 @ 14:13:10  ImageQueuedWorkFlow.DisconnectWorkFlow.ReconnectExcel
2015-02-19 @ 14:13:48  Starting new Service Console Session!
2015-02-19 @ 14:13:48  Running Exchanges :
2015-02-19 @ 14:13:48  publisher_01
2015-02-19 @ 14:13:48  Running Queues :
2015-02-19 @ 14:13:48  QueuedWorkFlow.DisconnectWorkFlow.ReconnectExcelImage
2015-02-19 @ 14:15:20  Starting new Service Console Session!
2015-02-19 @ 14:15:20  Running Exchanges :
2015-02-19 @ 14:15:20  publisher_01
2015-02-19 @ 14:15:20  Running Queues :
2015-02-19 @ 14:15:20  ImageQueuedWorkFlow.DisconnectWorkFlow.ReconnectExcel
2015-02-19 @ 14:17:59  Starting new Service Console Session!
2015-02-19 @ 14:17:59  Running Exchanges :
2015-02-19 @ 14:17:59  publisher_01
2015-02-19 @ 14:17:59  Running Queues :
2015-02-19 @ 14:17:59  QueuedWorkFlow.DisconnectWorkFlow.ReconnectExcelImage
2015-02-19 @ 14:22:48  Starting new Service Console Session!
2015-02-19 @ 14:22:48  Running Exchanges :
2015-02-19 @ 14:22:48  publisher_01
2015-02-19 @ 14:22:48  Running Queues :
2015-02-19 @ 14:22:48  ExcelImageQueuedWorkFlow.DisconnectWorkFlow.Reconnect
2015-02-19 @ 14:23:02  Executing Single Worker : ExcelWorker
2015-02-19 @ 14:23:02  Executing worker : ExcelWorker - Failed
2015-02-19 @ 14:24:20  Starting new Service Console Session!
2015-02-19 @ 14:24:20  Running Exchanges :
2015-02-19 @ 14:24:20  publisher_01
2015-02-19 @ 14:24:20  Running Queues :
2015-02-19 @ 14:24:20  ExcelImageQueuedWorkFlow.DisconnectWorkFlow.Reconnect
2015-02-19 @ 14:24:32  Executing Single Worker : ExcelWorker
2015-02-19 @ 14:24:32  Executing worker : ExcelWorker - Failed
2015-02-19 @ 14:26:16  Starting new Service Console Session!
2015-02-19 @ 14:26:16  Running Exchanges :
2015-02-19 @ 14:26:16  publisher_01
2015-02-19 @ 14:26:16  Running Queues :
2015-02-19 @ 14:26:16  ImageQueuedWorkFlow.DisconnectWorkFlow.ReconnectExcel
2015-02-19 @ 14:29:32  Starting new Service Console Session!
2015-02-19 @ 14:29:32  Running Exchanges :
2015-02-19 @ 14:29:32  publisher_01
2015-02-19 @ 14:29:32  Running Queues :
2015-02-19 @ 14:29:32  ExcelImageQueuedWorkFlow.DisconnectWorkFlow.Reconnect
2015-02-19 @ 14:30:29  Starting new Service Console Session!
2015-02-19 @ 14:30:29  Running Exchanges :
2015-02-19 @ 14:30:29  publisher_01
2015-02-19 @ 14:30:29  Running Queues :
2015-02-19 @ 14:30:29  QueuedWorkFlow.DisconnectWorkFlow.ReconnectExcelImage
2015-02-19 @ 14:31:33  Starting new Service Console Session!
2015-02-19 @ 14:31:33  Running Exchanges :
2015-02-19 @ 14:31:33  publisher_01
2015-02-19 @ 14:31:33  Running Queues :
2015-02-19 @ 14:31:33  QueuedWorkFlow.DisconnectWorkFlow.ReconnectExcelImage
2015-02-19 @ 14:31:47  Executing Single Worker : ExcelWorker
2015-02-19 @ 14:31:47  Executing worker : ExcelWorker - Failed
2015-02-19 @ 14:36:33  Starting new Service Console Session!
2015-02-19 @ 14:36:33  Running Exchanges :
2015-02-19 @ 14:36:33  publisher_01
2015-02-19 @ 14:36:33  Running Queues :
2015-02-19 @ 14:36:33  ExcelImageQueuedWorkFlow.DisconnectWorkFlow.Reconnect
2015-02-19 @ 14:36:40  Executing Single Worker : ExcelWorker
2015-02-19 @ 14:36:40  Executing worker : ExcelWorker - Failed
2015-02-19 @ 14:36:54  Executing Single Worker : WorkFlowWorker
2015-02-19 @ 14:36:54  Executing worker : WorkFlowWorker - Failed
2015-02-19 @ 14:37:56  Executing Single Worker : WorkFlowWorker2
2015-02-19 @ 14:37:56  Executing worker : WorkFlowWorker2 - Failed
2015-02-19 @ 14:38:22  Executing Single Worker : ExcelWorker
2015-02-19 @ 14:38:22  Executing worker : ExcelWorker - Failed
2015-02-19 @ 14:39:57  Starting new Service Console Session!
2015-02-19 @ 14:39:57  Running Exchanges :
2015-02-19 @ 14:39:57  publisher_01
2015-02-19 @ 14:39:57  Running Queues :
2015-02-19 @ 14:39:57  ExcelImageQueuedWorkFlow.DisconnectWorkFlow.Reconnect
2015-02-19 @ 14:40:08  Executing Single Worker : ExcelWorker
2015-02-19 @ 14:40:08  Executing worker : ExcelWorker - Failed
2015-02-19 @ 14:40:26  Executing Single Worker : WorkFlowWorker
2015-02-19 @ 14:40:26  Executing worker : WorkFlowWorker - Failed
2015-02-20 @ 11:24:25  Starting new Service Console Session!
2015-02-20 @ 11:24:25  Running Exchanges :
2015-02-20 @ 11:24:25  publisher_01
2015-02-20 @ 11:24:25  Running Queues :
2015-02-20 @ 11:24:25  ExcelImageQueuedWorkFlow.DisconnectWorkFlow.Reconnect
2015-02-20 @ 11:48:25  Starting new Service Console Session!
2015-02-20 @ 11:48:25  Running Exchanges :
2015-02-20 @ 11:48:25  publisher_01
2015-02-20 @ 11:48:25  Running Queues :
2015-02-20 @ 11:48:25  ExcelImageQueuedWorkFlow.DisconnectWorkFlow.Reconnect
2015-02-20 @ 11:48:44  Executing Single Worker : WorkFlowWorker
2015-02-20 @ 11:48:44  Executing worker : WorkFlowWorker - Failed
2015-02-20 @ 11:51:06  Starting new Service Console Session!
2015-02-20 @ 11:51:06  Running Exchanges :
2015-02-20 @ 11:51:06  publisher_01
2015-02-20 @ 11:51:06  Running Queues :
2015-02-20 @ 11:51:06  ExcelImageQueuedWorkFlow.DisconnectWorkFlow.Reconnect
2015-02-20 @ 11:51:51  Starting new Service Console Session!
2015-02-20 @ 11:51:51  Running Exchanges :
2015-02-20 @ 11:51:51  publisher_01
2015-02-20 @ 11:51:51  Running Queues :
2015-02-20 @ 11:51:51  QueuedWorkFlow.DisconnectWorkFlow.ReconnectExcelImage
2015-02-20 @ 11:52:41  Starting new Service Console Session!
2015-02-20 @ 11:56:47  Starting new Service Console Session!
2015-02-20 @ 11:56:47  Running Exchanges :
2015-02-20 @ 11:56:47  publisher_01
2015-02-20 @ 11:56:47  Running Queues :
2015-02-20 @ 11:56:47  ExcelImageQueuedWorkFlow.ReconnectWorkFlow.Disconnect
2015-02-23 @ 09:50:26  Starting new Service Console Session!
2015-02-23 @ 09:50:27  Running Exchanges :
2015-02-23 @ 09:50:27  publisher_01
2015-02-23 @ 09:50:27  Running Queues :
2015-02-23 @ 09:50:27  WorkFlow.DisconnectWorkFlow.ReconnectExcelImageQueued
2015-02-23 @ 15:59:09  Starting new Service Console Session!
2015-02-23 @ 15:59:09  Running Exchanges :
2015-02-23 @ 15:59:09  publisher_01
2015-02-23 @ 15:59:09  Running Queues :
2015-02-23 @ 15:59:09  ExcelImageQueuedWorkFlow.DisconnectWorkFlow.Reconnect
2015-03-04 @ 09:57:19  Starting new Service Console Session!
2015-03-04 @ 09:57:19  Running Exchanges :
2015-03-04 @ 09:57:19  publisher_01
2015-03-04 @ 09:57:19  Running Queues :
2015-03-04 @ 09:57:19  ExcelImageQueuedWorkFlow.DisconnectWorkFlow.Reconnect
2015-03-04 @ 09:57:44  Starting new Service Console Session!
2015-03-04 @ 09:57:44  Running Exchanges :
2015-03-04 @ 09:57:44  publisher_01
2015-03-04 @ 09:57:44  Running Queues :
2015-03-04 @ 09:57:44  WorkFlow.DisconnectWorkFlow.ReconnectExcelImageQueued
2015-03-11 @ 13:30:02  Starting new Service Console Session!
2015-03-11 @ 13:30:18  Starting new Service Console Session!
2015-03-11 @ 13:30:18  Running Exchanges :
2015-03-11 @ 13:30:18  publisher_01
2015-03-11 @ 13:30:18  Running Queues :
2015-03-11 @ 13:30:18  ExcelImageQueuedWorkFlow.DisconnectWorkFlow.Reconnect
2015-03-11 @ 13:31:02  Starting new Service Console Session!
2015-03-11 @ 13:31:02  Running Exchanges :
2015-03-11 @ 13:31:02  publisher_01
2015-03-11 @ 13:31:02  Running Queues :
2015-03-11 @ 13:31:02  ImageQueuedWorkFlow.DisconnectWorkFlow.ReconnectExcel
2015-03-11 @ 13:31:23  Starting new Service Console Session!
2015-03-11 @ 13:31:23  Running Exchanges :
2015-03-11 @ 13:31:23  publisher_01
2015-03-11 @ 13:31:23  Running Queues :
2015-03-11 @ 13:31:23  ImageQueuedWorkFlow.DisconnectWorkFlow.ReconnectExcel
2015-03-11 @ 13:40:54  Starting new Service Console Session!
2015-03-11 @ 13:40:54  Running Exchanges :
2015-03-11 @ 13:40:54  publisher_01
2015-03-11 @ 13:40:54  Running Queues :
2015-03-11 @ 13:40:54  ExcelImageQueuedWorkFlow.DisconnectWorkFlow.Reconnect
2015-03-11 @ 13:43:23  Executing Single Worker : ImageWorker
2015-03-11 @ 13:43:23  Image Convertion successful!
2015-03-11 @ 13:43:23  Executing worker : ImageWorker - Success
2015-03-11 @ 13:47:07  Starting new Service Console Session!
2015-03-11 @ 13:47:07  Running Exchanges :
2015-03-11 @ 13:47:07  publisher_01
2015-03-11 @ 13:47:07  Running Queues :
2015-03-11 @ 13:47:07  WorkFlow.DisconnectWorkFlow.ReconnectExcelImageQueued
2015-03-11 @ 13:47:12  Executing Single Worker : ImageWorker
2015-03-11 @ 13:47:12  Image Convertion successful!
2015-03-11 @ 13:47:12  Executing worker : ImageWorker - Success
2015-03-11 @ 13:49:10  Starting new Service Console Session!
2015-03-11 @ 13:49:10  Running Exchanges :
2015-03-11 @ 13:49:10  publisher_01
2015-03-11 @ 13:49:10  Running Queues :
2015-03-11 @ 13:49:10  ExcelImageQueuedWorkFlow.DisconnectWorkFlow.Reconnect
2015-03-11 @ 13:49:14  Executing Single Worker : ImageWorker
2015-03-11 @ 13:49:14  Image Convertion successful!
2015-03-11 @ 13:49:14  Executing worker : ImageWorker - Success
2015-03-11 @ 13:54:31  Starting new Service Console Session!
2015-03-11 @ 13:54:31  Running Exchanges :
2015-03-11 @ 13:54:31  publisher_01
2015-03-11 @ 13:54:31  Running Queues :
2015-03-11 @ 13:54:31  ImageQueuedWorkFlow.DisconnectWorkFlow.ReconnectExcel
2015-03-11 @ 13:54:35  Executing Single Worker : ImageWorker
2015-03-11 @ 13:54:35  Image Convertion successful!
2015-03-11 @ 13:54:35  Executing worker : ImageWorker - Success
2015-03-11 @ 13:56:55  Starting new Service Console Session!
2015-03-11 @ 13:56:55  Running Exchanges :
2015-03-11 @ 13:56:55  publisher_01
2015-03-11 @ 13:56:55  Running Queues :
2015-03-11 @ 13:56:55  ExcelImageQueuedWorkFlow.DisconnectWorkFlow.Reconnect
2015-03-11 @ 13:56:58  Executing Single Worker : ImageWorker
2015-03-11 @ 13:56:58  Image Convertion successful!
2015-03-11 @ 13:56:58  Executing worker : ImageWorker - Success
2015-03-11 @ 14:01:57  Starting new Service Console Session!
2015-03-11 @ 14:01:57  Running Exchanges :
2015-03-11 @ 14:01:57  publisher_01
2015-03-11 @ 14:01:57  Running Queues :
2015-03-11 @ 14:01:57  WorkFlow.ReconnectWorkFlow.DisconnectExcelImageQueued
2015-03-11 @ 14:02:00  Executing Single Worker : ImageWorker
2015-03-11 @ 14:02:00  Image Convertion successful!
2015-03-11 @ 14:02:00  Executing worker : ImageWorker - Success
2015-03-11 @ 14:09:41  Starting new Service Console Session!
2015-03-11 @ 14:09:41  Running Exchanges :
2015-03-11 @ 14:09:41  publisher_01
2015-03-11 @ 14:09:41  Running Queues :
2015-03-11 @ 14:09:41  ExcelImageQueuedWorkFlow.DisconnectWorkFlow.Reconnect
2015-03-11 @ 14:09:56  Starting new Service Console Session!
2015-03-11 @ 14:09:56  Running Exchanges :
2015-03-11 @ 14:09:56  publisher_01
2015-03-11 @ 14:09:56  Running Queues :
2015-03-11 @ 14:09:56  ExcelImageQueuedWorkFlow.DisconnectWorkFlow.Reconnect
2015-03-11 @ 14:13:25  Starting new Service Console Session!
2015-03-11 @ 14:13:25  Running Exchanges :
2015-03-11 @ 14:13:25  publisher_01
2015-03-11 @ 14:13:25  Running Queues :
2015-03-11 @ 14:13:25  ImageQueuedWorkFlow.DisconnectWorkFlow.ReconnectExcel
2015-03-11 @ 14:14:18  Starting new Service Console Session!
2015-03-11 @ 14:14:18  Running Exchanges :
2015-03-11 @ 14:14:18  publisher_01
2015-03-11 @ 14:14:18  Running Queues :
2015-03-11 @ 14:14:18  ExcelImageQueuedWorkFlow.DisconnectWorkFlow.Reconnect
2015-03-11 @ 14:15:27  Starting new Service Console Session!
2015-03-11 @ 14:15:27  Running Exchanges :
2015-03-11 @ 14:15:27  publisher_01
2015-03-11 @ 14:15:27  Running Queues :
2015-03-11 @ 14:15:27  ImageQueuedWorkFlow.DisconnectWorkFlow.ReconnectExcel
2015-03-11 @ 14:15:32  Executing Single Worker : ImageWorker
2015-03-11 @ 14:15:32  Image Convertion successful!
2015-03-11 @ 14:15:32  Executing worker : ImageWorker - Success
2015-03-11 @ 14:17:33  Starting new Service Console Session!
2015-03-11 @ 14:17:33  Running Exchanges :
2015-03-11 @ 14:17:33  publisher_01
2015-03-11 @ 14:17:33  Running Queues :
2015-03-11 @ 14:17:33  ExcelImageQueuedWorkFlow.DisconnectWorkFlow.Reconnect
2015-03-11 @ 14:17:37  Executing Single Worker : ImageWorker
2015-03-11 @ 14:17:37  Image Convertion successful!
2015-03-11 @ 14:17:37  Executing worker : ImageWorker - Success
2015-03-11 @ 14:21:21  Starting new Service Console Session!
2015-03-11 @ 14:21:21  Running Exchanges :
2015-03-11 @ 14:21:21  publisher_01
2015-03-11 @ 14:21:21  Running Queues :
2015-03-11 @ 14:21:21  ExcelImageQueuedWorkFlow.DisconnectWorkFlow.Reconnect
2015-03-11 @ 14:21:25  Executing Single Worker : ImageWorker
2015-03-11 @ 14:21:25  Image Convertion successful!
2015-03-11 @ 14:21:25  Executing worker : ImageWorker - Success
2015-03-11 @ 14:24:05  Starting new Service Console Session!
2015-03-11 @ 14:24:05  Running Exchanges :
2015-03-11 @ 14:24:05  publisher_01
2015-03-11 @ 14:24:05  Running Queues :
2015-03-11 @ 14:24:05  WorkFlow.ReconnectWorkFlow.DisconnectExcelImageQueued
2015-03-11 @ 14:24:09  Executing Single Worker : ImageWorker
2015-03-11 @ 14:25:30  Starting new Service Console Session!
2015-03-11 @ 14:25:30  Running Exchanges :
2015-03-11 @ 14:25:30  publisher_01
2015-03-11 @ 14:25:30  Running Queues :
2015-03-11 @ 14:25:30  QueuedWorkFlow.DisconnectWorkFlow.ReconnectExcelImage
2015-03-11 @ 14:25:34  Executing Single Worker : ImageWorker
2015-03-11 @ 14:25:35  Image Convertion successful!
2015-03-11 @ 14:25:35  Executing worker : ImageWorker - Success
2015-03-11 @ 14:30:48  Starting new Service Console Session!
2015-03-11 @ 14:30:48  Running Exchanges :
2015-03-11 @ 14:30:48  publisher_01
2015-03-11 @ 14:30:48  Running Queues :
2015-03-11 @ 14:30:48  ExcelImageQueuedWorkFlow.DisconnectWorkFlow.Reconnect
2015-03-11 @ 14:30:56  Executing Single Worker : ImageWorker
2015-03-11 @ 14:30:56  Image Convertion successful!
2015-03-11 @ 14:30:56  Executing worker : ImageWorker - Success
2015-03-11 @ 14:32:31  Starting new Service Console Session!
2015-03-11 @ 14:32:31  Running Exchanges :
2015-03-11 @ 14:32:31  publisher_01
2015-03-11 @ 14:32:31  Running Queues :
2015-03-11 @ 14:32:31  ExcelImageQueuedWorkFlow.DisconnectWorkFlow.Reconnect
2015-03-11 @ 14:32:39  Executing Single Worker : ImageWorker
2015-03-11 @ 14:32:40  Image Convertion successful!
2015-03-11 @ 14:32:40  Executing worker : ImageWorker - Success
2015-03-11 @ 14:40:35  Starting new Service Console Session!
2015-03-11 @ 14:40:35  Running Exchanges :
2015-03-11 @ 14:40:35  publisher_01
2015-03-11 @ 14:40:35  Running Queues :
2015-03-11 @ 14:40:35  ImageQueuedWorkFlow.DisconnectWorkFlow.ReconnectExcel
2015-03-11 @ 14:40:37  Executing Single Worker : ImageWorker
2015-03-11 @ 14:40:37  Image Convertion successful!
2015-03-11 @ 14:40:37  Executing worker : ImageWorker - Success
2015-03-11 @ 14:42:22  Starting new Service Console Session!
2015-03-11 @ 14:42:22  Running Exchanges :
2015-03-11 @ 14:42:22  publisher_01
2015-03-11 @ 14:42:22  Running Queues :
2015-03-11 @ 14:42:22  WorkFlow.ReconnectWorkFlow.DisconnectExcelImageQueued
2015-03-11 @ 14:42:26  Executing Single Worker : ImageWorker
2015-03-11 @ 14:42:27  Image Convertion successful!
2015-03-11 @ 14:42:27  Executing worker : ImageWorker - Success
2015-03-11 @ 14:43:47  Starting new Service Console Session!
2015-03-11 @ 14:43:47  Running Exchanges :
2015-03-11 @ 14:43:47  publisher_01
2015-03-11 @ 14:43:47  Running Queues :
2015-03-11 @ 14:43:47  ExcelImageQueuedWorkFlow.DisconnectWorkFlow.Reconnect
2015-03-11 @ 14:43:50  Executing Single Worker : ImageWorker
2015-03-11 @ 14:43:50  Image Convertion successful!
2015-03-11 @ 14:43:50  Executing worker : ImageWorker - Success
2015-03-11 @ 14:46:05  Starting new Service Console Session!
2015-03-11 @ 14:46:05  Running Exchanges :
2015-03-11 @ 14:46:05  publisher_01
2015-03-11 @ 14:46:05  Running Queues :
2015-03-11 @ 14:46:05  ExcelImageQueuedWorkFlow.DisconnectWorkFlow.Reconnect
2015-03-11 @ 14:46:07  Executing Single Worker : ImageWorker
2015-03-11 @ 14:46:08  Image Convertion successful!
2015-03-11 @ 14:46:08  Executing worker : ImageWorker - Success
2015-03-11 @ 14:47:39  Starting new Service Console Session!
2015-03-11 @ 14:47:39  Running Exchanges :
2015-03-11 @ 14:47:39  publisher_01
2015-03-11 @ 14:47:39  Running Queues :
2015-03-11 @ 14:47:39  WorkFlow.DisconnectWorkFlow.ReconnectExcelImageQueued
2015-03-11 @ 14:47:42  Executing Single Worker : ImageWorker
2015-03-11 @ 14:47:43  Image Convertion successful!
2015-03-11 @ 14:47:43  Executing worker : ImageWorker - Success
2015-03-11 @ 14:52:02  Starting new Service Console Session!
2015-03-11 @ 14:52:02  Running Exchanges :
2015-03-11 @ 14:52:02  publisher_01
2015-03-11 @ 14:52:02  Running Queues :
2015-03-11 @ 14:52:02  QueuedWorkFlow.DisconnectWorkFlow.ReconnectExcelImage
2015-03-11 @ 14:52:07  Executing Single Worker : ImageWorker
2015-03-11 @ 14:52:07  Image Convertion successful!
2015-03-11 @ 14:52:07  Executing worker : ImageWorker - Success
2015-03-11 @ 14:53:22  Starting new Service Console Session!
2015-03-11 @ 14:53:22  Running Exchanges :
2015-03-11 @ 14:53:22  publisher_01
2015-03-11 @ 14:53:22  Running Queues :
2015-03-11 @ 14:53:22  ExcelImageQueuedWorkFlow.DisconnectWorkFlow.Reconnect
2015-03-11 @ 14:53:29  Starting new Service Console Session!
2015-03-11 @ 14:53:29  Running Exchanges :
2015-03-11 @ 14:53:29  publisher_01
2015-03-11 @ 14:53:29  Running Queues :
2015-03-11 @ 14:53:29  ExcelImageQueuedWorkFlow.DisconnectWorkFlow.Reconnect
2015-03-11 @ 14:53:32  Executing Single Worker : ImageWorker
2015-03-11 @ 14:53:33  Image Convertion successful!
2015-03-11 @ 14:53:33  Executing worker : ImageWorker - Success
2015-03-11 @ 15:07:35  Starting new Service Console Session!
2015-03-11 @ 15:07:35  Running Exchanges :
2015-03-11 @ 15:07:35  publisher_01
2015-03-11 @ 15:07:35  Running Queues :
2015-03-11 @ 15:07:35  WorkFlow.DisconnectWorkFlow.ReconnectExcelImageQueued
2015-03-11 @ 15:07:39  Executing Single Worker : ImageWorker
2015-03-11 @ 15:07:39  Image Convertion successful!
2015-03-11 @ 15:07:39  Executing worker : ImageWorker - Success
2015-03-11 @ 15:09:04  Starting new Service Console Session!
2015-03-11 @ 15:09:04  Running Exchanges :
2015-03-11 @ 15:09:04  publisher_01
2015-03-11 @ 15:09:04  Running Queues :
2015-03-11 @ 15:09:04  ImageQueuedWorkFlow.DisconnectWorkFlow.ReconnectExcel
2015-03-11 @ 15:09:43  Executing Single Worker : ImageWorker
2015-03-11 @ 15:09:43  Image Convertion successful!
2015-03-11 @ 15:09:43  Executing worker : ImageWorker - Success
2015-03-11 @ 15:12:41  Starting new Service Console Session!
2015-03-11 @ 15:12:41  Running Exchanges :
2015-03-11 @ 15:12:41  publisher_01
2015-03-11 @ 15:12:41  Running Queues :
2015-03-11 @ 15:12:41  ExcelImageQueuedWorkFlow.DisconnectWorkFlow.Reconnect
2015-03-11 @ 15:12:45  Executing Single Worker : ImageWorker
2015-03-11 @ 15:12:45  Image Convertion successful!
2015-03-11 @ 15:12:45  Executing worker : ImageWorker - Success
2015-03-11 @ 15:14:29  Starting new Service Console Session!
2015-03-11 @ 15:14:29  Running Exchanges :
2015-03-11 @ 15:14:29  publisher_01
2015-03-11 @ 15:14:29  Running Queues :
2015-03-11 @ 15:14:29  ExcelImageQueuedWorkFlow.DisconnectWorkFlow.Reconnect
2015-03-11 @ 15:14:34  Executing Single Worker : ExcelWorker
2015-03-11 @ 15:14:34  Executing worker : ExcelWorker - Failed
2015-03-11 @ 15:14:43  Executing Single Worker : ExcelWorker
2015-03-11 @ 15:14:43  Executing worker : ExcelWorker - Failed
2015-03-11 @ 15:15:05  Executing Single Worker : ExcelWorker
2015-03-11 @ 15:15:05  Executing worker : ExcelWorker - Failed
2015-03-11 @ 15:16:29  Starting new Service Console Session!
2015-03-11 @ 15:16:29  Running Exchanges :
2015-03-11 @ 15:16:29  publisher_01
2015-03-11 @ 15:16:29  Running Queues :
2015-03-11 @ 15:16:29  QueuedWorkFlow.DisconnectWorkFlow.ReconnectExcelImage
2015-03-11 @ 15:16:58  Executing Single Worker : ImageWorker
2015-03-11 @ 15:16:58  Image Convertion successful!
2015-03-11 @ 15:16:58  Executing worker : ImageWorker - Success
2015-03-11 @ 15:27:00  Starting new Service Console Session!
2015-03-11 @ 15:27:00  Running Exchanges :
2015-03-11 @ 15:27:00  publisher_01
2015-03-11 @ 15:27:00  Running Queues :
2015-03-11 @ 15:27:00  ImageQueuedWorkFlow.DisconnectWorkFlow.ReconnectExcel
2015-03-11 @ 15:27:05  Executing Single Worker : ImageWorker
2015-03-11 @ 15:27:05  Image Convertion successful!
2015-03-11 @ 15:27:05  Executing worker : ImageWorker - Success
2015-03-11 @ 15:29:31  Starting new Service Console Session!
2015-03-11 @ 15:29:31  Running Exchanges :
2015-03-11 @ 15:29:31  publisher_01
2015-03-11 @ 15:29:31  Running Queues :
2015-03-11 @ 15:29:31  ExcelImageQueuedWorkFlow.DisconnectWorkFlow.Reconnect
2015-03-11 @ 15:29:34  Executing Single Worker : ImageWorker
2015-03-11 @ 15:29:35  Image Convertion successful!
2015-03-11 @ 15:29:35  Executing worker : ImageWorker - Success
2015-03-11 @ 15:31:26  Starting new Service Console Session!
2015-03-11 @ 15:31:26  Running Exchanges :
2015-03-11 @ 15:31:26  publisher_01
2015-03-11 @ 15:31:26  Running Queues :
2015-03-11 @ 15:31:26  ExcelImageQueuedWorkFlow.DisconnectWorkFlow.Reconnect
2015-03-11 @ 15:31:34  Starting new Service Console Session!
2015-03-11 @ 15:31:34  Running Exchanges :
2015-03-11 @ 15:31:34  publisher_01
2015-03-11 @ 15:31:34  Running Queues :
2015-03-11 @ 15:31:34  QueuedWorkFlow.DisconnectWorkFlow.ReconnectExcelImage
2015-03-11 @ 15:31:36  Executing Single Worker : ImageWorker
2015-03-11 @ 15:31:37  Image Convertion successful!
2015-03-11 @ 15:31:37  Executing worker : ImageWorker - Success
2015-03-11 @ 15:35:29  Starting new Service Console Session!
2015-03-11 @ 15:35:29  Running Exchanges :
2015-03-11 @ 15:35:29  publisher_01
2015-03-11 @ 15:35:29  Running Queues :
2015-03-11 @ 15:35:29  ExcelImageQueuedWorkFlow.DisconnectWorkFlow.Reconnect
2015-03-11 @ 15:35:33  Executing Single Worker : ImageWorker
2015-03-11 @ 15:35:33  Image Convertion successful!
2015-03-11 @ 15:35:33  Executing worker : ImageWorker - Success
2015-03-11 @ 15:36:20  Starting new Service Console Session!
2015-03-11 @ 15:36:20  Running Exchanges :
2015-03-11 @ 15:36:20  publisher_01
2015-03-11 @ 15:36:20  Running Queues :
2015-03-11 @ 15:36:20  ExcelImageQueuedWorkFlow.DisconnectWorkFlow.Reconnect
2015-03-11 @ 15:36:28  Starting new Service Console Session!
2015-03-11 @ 15:36:28  Running Exchanges :
2015-03-11 @ 15:36:28  publisher_01
2015-03-11 @ 15:36:28  Running Queues :
2015-03-11 @ 15:36:28  ExcelImageQueuedWorkFlow.ReconnectWorkFlow.Disconnect
2015-03-11 @ 15:36:42  Executing Single Worker : ImageWorker
2015-03-11 @ 15:36:42  Image Convertion successful!
2015-03-11 @ 15:36:42  Executing worker : ImageWorker - Success
2015-03-11 @ 15:37:01  Executing Single Worker : ImageWorker
2015-03-11 @ 15:37:01  Executing worker : ImageWorker - Failed
2015-03-11 @ 15:40:16  Starting new Service Console Session!
2015-03-11 @ 15:40:16  Running Exchanges :
2015-03-11 @ 15:40:16  publisher_01
2015-03-11 @ 15:40:16  Running Queues :
2015-03-11 @ 15:40:16  ExcelImageQueuedWorkFlow.DisconnectWorkFlow.Reconnect
2015-03-11 @ 15:40:49  Starting new Service Console Session!
2015-03-11 @ 15:40:49  Running Exchanges :
2015-03-11 @ 15:40:49  publisher_01
2015-03-11 @ 15:40:49  Running Queues :
2015-03-11 @ 15:40:49  ExcelImageQueuedWorkFlow.DisconnectWorkFlow.Reconnect
2015-03-11 @ 15:40:54  Executing Single Worker : ImageWorker
2015-03-11 @ 15:40:54  Image Convertion successful!
2015-03-11 @ 15:40:54  Executing worker : ImageWorker - Success
2015-03-11 @ 15:41:12  Executing Single Worker : ImageWorker
2015-03-11 @ 15:41:12  Executing worker : ImageWorker - Failed
2015-03-11 @ 15:42:22  Starting new Service Console Session!
2015-03-11 @ 15:42:22  Running Exchanges :
2015-03-11 @ 15:42:22  publisher_01
2015-03-11 @ 15:42:22  Running Queues :
2015-03-11 @ 15:42:22  WorkFlow.DisconnectWorkFlow.ReconnectExcelImageQueued
2015-03-11 @ 15:42:26  Executing Single Worker : ImageWorker
2015-03-11 @ 15:42:27  Image Convertion successful!
2015-03-11 @ 15:42:27  Executing worker : ImageWorker - Success
2015-03-11 @ 15:42:29  Executing Single Worker : ImageWorker
2015-03-11 @ 15:42:29  Executing worker : ImageWorker - Failed
2015-03-11 @ 15:45:54  Starting new Service Console Session!
2015-03-11 @ 15:45:54  Running Exchanges :
2015-03-11 @ 15:45:54  publisher_01
2015-03-11 @ 15:45:54  Running Queues :
2015-03-11 @ 15:45:54  ExcelImageQueuedWorkFlow.DisconnectWorkFlow.Reconnect
2015-03-11 @ 15:45:57  Executing Single Worker : ImageWorker
2015-03-11 @ 15:45:57  Image Convertion successful!
2015-03-11 @ 15:45:57  Executing worker : ImageWorker - Success
2015-03-11 @ 15:47:57  Starting new Service Console Session!
2015-03-11 @ 15:47:57  Running Exchanges :
2015-03-11 @ 15:47:57  publisher_01
2015-03-11 @ 15:47:57  Running Queues :
2015-03-11 @ 15:47:57  QueuedWorkFlow.DisconnectWorkFlow.ReconnectExcelImage
2015-03-11 @ 15:48:01  Executing Single Worker : ImageWorker
2015-03-11 @ 15:48:01  Image Convertion successful!
2015-03-11 @ 15:48:01  Executing worker : ImageWorker - Success
2015-03-11 @ 15:48:58  Starting new Service Console Session!
2015-03-11 @ 15:48:58  Running Exchanges :
2015-03-11 @ 15:48:58  publisher_01
2015-03-11 @ 15:48:58  Running Queues :
2015-03-11 @ 15:48:58  ExcelImageQueuedWorkFlow.DisconnectWorkFlow.Reconnect
2015-03-11 @ 15:49:01  Executing Single Worker : ImageWorker
2015-03-11 @ 15:49:01  Image Convertion successful!
2015-03-11 @ 15:49:01  Executing worker : ImageWorker - Success
2015-03-11 @ 15:50:08  Executing Single Worker : ImageWorker
2015-03-11 @ 15:50:08  Executing worker : ImageWorker - Failed
2015-03-11 @ 15:51:55  Starting new Service Console Session!
2015-03-11 @ 15:51:55  Running Exchanges :
2015-03-11 @ 15:51:55  publisher_01
2015-03-11 @ 15:51:55  Running Queues :
2015-03-11 @ 15:51:55  WorkFlow.DisconnectWorkFlow.ReconnectExcelImageQueued
2015-03-11 @ 15:51:58  Executing Single Worker : ImageWorker
2015-03-11 @ 15:51:58  Image Convertion successful!
2015-03-11 @ 15:51:58  Executing worker : ImageWorker - Success
2015-03-11 @ 15:52:22  Executing Single Worker : ImageWorker
2015-03-11 @ 15:52:22  Executing worker : ImageWorker - Failed
2015-03-11 @ 15:54:53  Starting new Service Console Session!
2015-03-11 @ 15:54:53  Running Exchanges :
2015-03-11 @ 15:54:53  publisher_01
2015-03-11 @ 15:54:53  Running Queues :
2015-03-11 @ 15:54:53  ExcelImageQueuedWorkFlow.DisconnectWorkFlow.Reconnect
2015-03-11 @ 15:55:02  Executing Single Worker : ImageWorker
2015-03-11 @ 15:55:02  Image Convertion successful!
2015-03-11 @ 15:55:02  Executing worker : ImageWorker - Success
2015-03-11 @ 15:56:28  Starting new Service Console Session!
2015-03-11 @ 15:56:28  Running Exchanges :
2015-03-11 @ 15:56:28  publisher_01
2015-03-11 @ 15:56:28  Running Queues :
2015-03-11 @ 15:56:28  ExcelImageQueuedWorkFlow.DisconnectWorkFlow.Reconnect
2015-03-11 @ 15:56:31  Executing Single Worker : ImageWorker
2015-03-11 @ 15:56:31  Image Convertion successful!
2015-03-11 @ 15:56:31  Executing worker : ImageWorker - Success
2015-03-11 @ 16:07:05  Executing Single Worker : ImageWorker
2015-03-11 @ 16:07:05  Executing worker : ImageWorker - Failed
2015-03-11 @ 16:08:41  Starting new Service Console Session!
2015-03-11 @ 16:08:41  Running Exchanges :
2015-03-11 @ 16:08:41  publisher_01
2015-03-11 @ 16:08:41  Running Queues :
2015-03-11 @ 16:08:41  ExcelImageQueuedWorkFlow.DisconnectWorkFlow.Reconnect
2015-03-11 @ 16:08:49  Starting new Service Console Session!
2015-03-11 @ 16:08:49  Running Exchanges :
2015-03-11 @ 16:08:49  publisher_01
2015-03-11 @ 16:08:49  Running Queues :
2015-03-11 @ 16:08:49  ImageQueuedWorkFlow.DisconnectWorkFlow.ReconnectExcel
2015-03-11 @ 16:08:52  Executing Single Worker : ImageWorker
2015-03-11 @ 16:08:53  Image Convertion successful!
2015-03-11 @ 16:08:53  Executing worker : ImageWorker - Success
2015-03-11 @ 16:08:54  Executing Single Worker : ImageWorker
2015-03-11 @ 16:08:54  Executing worker : ImageWorker - Failed
2015-03-11 @ 16:12:34  Starting new Service Console Session!
2015-03-11 @ 16:12:34  Running Exchanges :
2015-03-11 @ 16:12:34  publisher_01
2015-03-11 @ 16:12:34  Running Queues :
2015-03-11 @ 16:12:34  ExcelImageQueuedWorkFlow.DisconnectWorkFlow.Reconnect
2015-03-11 @ 16:12:38  Executing Single Worker : ImageWorker
2015-03-11 @ 16:12:39  Image Convertion successful!
2015-03-11 @ 16:12:39  Executing worker : ImageWorker - Success
2015-03-11 @ 16:13:51  Starting new Service Console Session!
2015-03-11 @ 16:13:51  Running Exchanges :
2015-03-11 @ 16:13:51  publisher_01
2015-03-11 @ 16:13:51  Running Queues :
2015-03-11 @ 16:13:51  ExcelImageQueuedWorkFlow.DisconnectWorkFlow.Reconnect
2015-03-11 @ 16:13:54  Executing Single Worker : ImageWorker
2015-03-11 @ 16:13:54  Image Convertion successful!
2015-03-11 @ 16:13:54  Executing worker : ImageWorker - Success
2015-03-11 @ 16:14:54  Executing Single Worker : ImageWorker
2015-03-11 @ 16:14:54  Executing worker : ImageWorker - Failed
2015-03-11 @ 16:18:43  Starting new Service Console Session!
2015-03-11 @ 16:18:43  Running Exchanges :
2015-03-11 @ 16:18:43  publisher_01
2015-03-11 @ 16:18:43  Running Queues :
2015-03-11 @ 16:18:43  ExcelImageQueuedWorkFlow.ReconnectWorkFlow.Disconnect
2015-03-11 @ 16:18:47  Executing Single Worker : ImageWorker
2015-03-11 @ 16:18:47  Image Convertion successful!
2015-03-11 @ 16:18:47  Executing worker : ImageWorker - Success
2015-03-11 @ 16:26:40  Starting new Service Console Session!
2015-03-11 @ 16:26:40  Running Exchanges :
2015-03-11 @ 16:26:40  publisher_01
2015-03-11 @ 16:26:40  Running Queues :
2015-03-11 @ 16:26:40  ExcelImageQueuedWorkFlow.DisconnectWorkFlow.Reconnect
2015-03-11 @ 16:26:47  Executing Single Worker : ImageWorker
2015-03-11 @ 16:26:47  Image Convertion successful!
2015-03-11 @ 16:26:47  Executing worker : ImageWorker - Success
2015-03-11 @ 16:30:08  Executing Single Worker : ImageWorker
2015-03-11 @ 16:30:08  Executing worker : ImageWorker - Failed
2015-03-11 @ 16:31:03  Starting new Service Console Session!
2015-03-11 @ 16:31:03  Running Exchanges :
2015-03-11 @ 16:31:03  publisher_01
2015-03-11 @ 16:31:03  Running Queues :
2015-03-11 @ 16:31:03  ImageQueuedWorkFlow.DisconnectWorkFlow.ReconnectExcel
2015-03-11 @ 16:31:07  Executing Single Worker : ImageWorker
2015-03-11 @ 16:31:07  Image Convertion successful!
2015-03-11 @ 16:31:07  Executing worker : ImageWorker - Success
2015-03-11 @ 16:31:08  Executing Single Worker : ImageWorker
2015-03-11 @ 16:31:08  Executing worker : ImageWorker - Failed
2015-03-11 @ 16:32:17  Starting new Service Console Session!
2015-03-11 @ 16:32:17  Running Exchanges :
2015-03-11 @ 16:32:17  publisher_01
2015-03-11 @ 16:32:17  Running Queues :
2015-03-11 @ 16:32:17  ExcelImageQueuedWorkFlow.DisconnectWorkFlow.Reconnect
2015-03-11 @ 16:32:20  Executing Single Worker : ImageWorker
2015-03-11 @ 16:32:20  Image Convertion successful!
2015-03-11 @ 16:32:20  Executing worker : ImageWorker - Success
2015-03-11 @ 16:32:43  Executing Single Worker : ImageWorker
2015-03-11 @ 16:32:43  Executing worker : ImageWorker - Failed
2015-03-11 @ 16:33:01  Executing Single Worker : ExcelWorker
2015-03-11 @ 16:33:01  Executing worker : ExcelWorker - Failed
2015-03-11 @ 16:33:20  Starting new Service Console Session!
2015-03-11 @ 16:33:21  Running Exchanges :
2015-03-11 @ 16:33:21  publisher_01
2015-03-11 @ 16:33:21  Running Queues :
2015-03-11 @ 16:33:21  ExcelImageQueuedWorkFlow.DisconnectWorkFlow.Reconnect
2015-03-11 @ 16:33:23  Executing Single Worker : ExcelWorker
2015-03-11 @ 16:33:23  Executing worker : ExcelWorker - Failed
2015-03-11 @ 16:33:31  Executing Single Worker : ExcelWorker
2015-03-11 @ 16:33:31  Executing worker : ExcelWorker - Failed
2015-03-11 @ 16:33:44  Executing Single Worker : ExcelWorker
2015-03-11 @ 16:33:44  Executing worker : ExcelWorker - Failed
2015-03-11 @ 16:33:44  Executing Single Worker : ExcelWorker
2015-03-11 @ 16:33:44  Executing worker : ExcelWorker - Failed
2015-03-11 @ 16:33:45  Executing Single Worker : ExcelWorker
2015-03-11 @ 16:33:45  Executing worker : ExcelWorker - Failed
2015-03-11 @ 16:33:45  Executing Single Worker : ExcelWorker
2015-03-11 @ 16:33:45  Executing worker : ExcelWorker - Failed
2015-03-11 @ 16:33:45  Executing Single Worker : ExcelWorker
2015-03-11 @ 16:33:45  Executing worker : ExcelWorker - Failed
2015-03-11 @ 16:33:45  Executing Single Worker : ExcelWorker
2015-03-11 @ 16:33:45  Executing worker : ExcelWorker - Failed
2015-03-11 @ 16:33:45  Executing Single Worker : ExcelWorker
2015-03-11 @ 16:33:45  Executing worker : ExcelWorker - Failed
2015-03-11 @ 16:33:45  Executing Single Worker : ExcelWorker
2015-03-11 @ 16:33:45  Executing worker : ExcelWorker - Failed
2015-03-11 @ 16:33:46  Executing Single Worker : ExcelWorker
2015-03-11 @ 16:33:46  Executing worker : ExcelWorker - Failed
2015-03-11 @ 16:33:46  Executing Single Worker : ExcelWorker
2015-03-11 @ 16:33:46  Executing worker : ExcelWorker - Failed
2015-03-11 @ 16:35:58  Starting new Service Console Session!
2015-03-11 @ 16:35:58  Running Exchanges :
2015-03-11 @ 16:35:58  publisher_01
2015-03-11 @ 16:35:58  Running Queues :
2015-03-11 @ 16:35:58  ExcelImageQueuedWorkFlow.DisconnectWorkFlow.Reconnect
2015-03-11 @ 16:36:06  Executing Single Worker : ImageWorker
2015-03-11 @ 16:36:06  Executing worker : ImageWorker - Failed
2015-03-11 @ 16:36:14  Executing Single Worker : ImageWorker
2015-03-11 @ 16:36:14  Executing worker : ImageWorker - Failed
2015-03-11 @ 16:36:14  Executing Single Worker : ImageWorker
2015-03-11 @ 16:36:14  Executing worker : ImageWorker - Failed
2015-03-11 @ 16:36:15  Executing Single Worker : ImageWorker
2015-03-11 @ 16:36:15  Executing worker : ImageWorker - Failed
2015-03-11 @ 16:36:15  Executing Single Worker : ImageWorker
2015-03-11 @ 16:36:15  Executing worker : ImageWorker - Failed
2015-03-11 @ 16:36:15  Executing Single Worker : ImageWorker
2015-03-11 @ 16:36:15  Executing worker : ImageWorker - Failed
2015-03-11 @ 16:37:20  Starting new Service Console Session!
2015-03-11 @ 16:37:20  Running Exchanges :
2015-03-11 @ 16:37:20  publisher_01
2015-03-11 @ 16:37:20  Running Queues :
2015-03-11 @ 16:37:20  ExcelImageQueuedWorkFlow.DisconnectWorkFlow.Reconnect
2015-03-11 @ 16:37:23  Executing Single Worker : ImageWorker
2015-03-11 @ 16:37:23  Executing worker : ImageWorker - Failed
2015-03-11 @ 16:38:45  Starting new Service Console Session!
2015-03-11 @ 16:38:45  Running Exchanges :
2015-03-11 @ 16:38:45  publisher_01
2015-03-11 @ 16:38:45  Running Queues :
2015-03-11 @ 16:38:45  ImageQueuedWorkFlow.DisconnectWorkFlow.ReconnectExcel
2015-03-11 @ 16:39:11  Starting new Service Console Session!
2015-03-11 @ 16:39:11  Running Exchanges :
2015-03-11 @ 16:39:11  publisher_01
2015-03-11 @ 16:39:11  Running Queues :
2015-03-11 @ 16:39:11  ImageQueuedWorkFlow.DisconnectWorkFlow.ReconnectExcel
2015-03-11 @ 16:39:14  Executing Single Worker : ImageWorker
2015-03-11 @ 16:39:14  Executing worker : ImageWorker - Success
2015-03-11 @ 16:39:18  Executing Single Worker : ImageWorker
2015-03-11 @ 16:39:18  Executing worker : ImageWorker - Success
2015-03-11 @ 16:39:22  Executing Single Worker : ImageWorker
2015-03-11 @ 16:39:22  Executing worker : ImageWorker - Success
2015-03-11 @ 16:39:22  Executing Single Worker : ImageWorker
2015-03-11 @ 16:39:22  Executing worker : ImageWorker - Success
2015-03-11 @ 16:39:23  Executing Single Worker : ImageWorker
2015-03-11 @ 16:39:23  Executing worker : ImageWorker - Success
2015-03-11 @ 16:39:23  Executing Single Worker : ImageWorker
2015-03-11 @ 16:39:23  Executing worker : ImageWorker - Success
2015-03-11 @ 16:39:23  Executing Single Worker : ImageWorker
2015-03-11 @ 16:39:23  Executing worker : ImageWorker - Success
2015-03-11 @ 16:39:23  Executing Single Worker : ImageWorker
2015-03-11 @ 16:39:23  Executing worker : ImageWorker - Success
2015-03-11 @ 16:39:23  Executing Single Worker : ImageWorker
2015-03-11 @ 16:39:23  Executing worker : ImageWorker - Success
2015-03-11 @ 16:39:23  Executing Single Worker : ImageWorker
2015-03-11 @ 16:39:23  Executing worker : ImageWorker - Success
2015-03-11 @ 16:41:47  Starting new Service Console Session!
2015-03-11 @ 16:41:47  Running Exchanges :
2015-03-11 @ 16:41:47  publisher_01
2015-03-11 @ 16:41:47  Running Queues :
2015-03-11 @ 16:41:47  QueuedWorkFlow.DisconnectWorkFlow.ReconnectExcelImage
2015-03-11 @ 16:41:51  Executing Single Worker : ImageWorker
2015-03-11 @ 16:41:51  Image Convertion successful!
2015-03-11 @ 16:41:51  Executing worker : ImageWorker - Success
2015-03-11 @ 16:42:28  Executing Single Worker : ImageWorker
2015-03-11 @ 16:42:28  Executing worker : ImageWorker - Failed
2015-03-11 @ 16:44:15  Starting new Service Console Session!
2015-03-11 @ 16:44:15  Running Exchanges :
2015-03-11 @ 16:44:15  publisher_01
2015-03-11 @ 16:44:15  Running Queues :
2015-03-11 @ 16:44:15  WorkFlow.DisconnectWorkFlow.ReconnectExcelImageQueued
2015-03-11 @ 16:44:24  Executing Single Worker : ImageWorker
2015-03-11 @ 16:44:24  Executing worker : ImageWorker - Failed
2015-03-11 @ 16:44:24  Executing Single Worker : ImageWorker
2015-03-11 @ 16:44:24  Executing worker : ImageWorker - Failed
2015-03-11 @ 16:44:24  Executing Single Worker : ImageWorker
2015-03-11 @ 16:44:24  Executing worker : ImageWorker - Failed
2015-03-11 @ 16:44:24  Executing Single Worker : ImageWorker
2015-03-11 @ 16:44:24  Executing worker : ImageWorker - Failed
2015-03-11 @ 16:44:25  Executing Single Worker : ImageWorker
2015-03-11 @ 16:44:25  Executing worker : ImageWorker - Failed
2015-03-11 @ 16:54:25  Starting new Service Console Session!
2015-03-11 @ 16:54:25  Running Exchanges :
2015-03-11 @ 16:54:25  publisher_01
2015-03-11 @ 16:54:25  Running Queues :
2015-03-11 @ 16:54:25  ExcelImageQueuedWorkFlow.DisconnectWorkFlow.Reconnect
2015-03-11 @ 16:54:32  Executing Single Worker : ImageWorker
2015-03-11 @ 16:54:55  Starting new Service Console Session!
2015-03-11 @ 16:54:55  Running Exchanges :
2015-03-11 @ 16:54:55  publisher_01
2015-03-11 @ 16:54:55  Running Queues :
2015-03-11 @ 16:54:55  ExcelImageQueuedWorkFlow.DisconnectWorkFlow.Reconnect
2015-03-11 @ 16:54:57  Executing Single Worker : ImageWorker
2015-03-11 @ 16:55:47  Starting new Service Console Session!
2015-03-11 @ 16:55:47  Running Exchanges :
2015-03-11 @ 16:55:47  publisher_01
2015-03-11 @ 16:55:47  Running Queues :
2015-03-11 @ 16:55:47  QueuedWorkFlow.DisconnectWorkFlow.ReconnectExcelImage
2015-03-11 @ 16:55:52  Executing Single Worker : ImageWorker
2015-03-11 @ 16:57:13  Starting new Service Console Session!
2015-03-11 @ 16:57:13  Running Exchanges :
2015-03-11 @ 16:57:13  publisher_01
2015-03-11 @ 16:57:13  Running Queues :
2015-03-11 @ 16:57:13  QueuedWorkFlow.DisconnectWorkFlow.ReconnectExcelImage
2015-03-11 @ 16:57:21  Executing Single Worker : ImageWorker
2015-03-11 @ 16:57:21  Image Convertion successful!
2015-03-11 @ 16:57:21  Executing worker : ImageWorker - Success
2015-03-11 @ 16:57:27  Executing Single Worker : ImageWorker
2015-03-11 @ 16:57:27  Executing worker : ImageWorker - Failed
2015-03-11 @ 17:03:00  Starting new Service Console Session!
2015-03-11 @ 17:03:00  Running Exchanges :
2015-03-11 @ 17:03:00  publisher_01
2015-03-11 @ 17:03:00  Running Queues :
2015-03-11 @ 17:03:00  ImageQueuedWorkFlow.DisconnectWorkFlow.ReconnectExcel
2015-03-11 @ 17:03:03  Executing Single Worker : ImageWorker
2015-03-11 @ 17:03:03  Image Convertion successful!
2015-03-11 @ 17:03:03  Executing worker : ImageWorker - Success
2015-03-11 @ 17:03:08  Executing Single Worker : ImageWorker
2015-03-11 @ 17:03:08  Executing worker : ImageWorker - Failed
2015-03-11 @ 17:06:13  Starting new Service Console Session!
2015-03-11 @ 17:06:13  Running Exchanges :
2015-03-11 @ 17:06:13  publisher_01
2015-03-11 @ 17:06:13  Running Queues :
2015-03-11 @ 17:06:13  ExcelImageQueuedWorkFlow.DisconnectWorkFlow.Reconnect
2015-03-11 @ 17:06:15  Executing Single Worker : ImageWorker
2015-03-11 @ 17:06:16  Image Convertion successful!
2015-03-11 @ 17:06:16  Executing worker : ImageWorker - Success
2015-03-11 @ 17:06:19  Executing Single Worker : ImageWorker
2015-03-11 @ 17:06:19  Executing worker : ImageWorker - Failed
2015-03-11 @ 17:10:14  Starting new Service Console Session!
2015-03-11 @ 17:10:14  Running Exchanges :
2015-03-11 @ 17:10:14  publisher_01
2015-03-11 @ 17:10:14  Running Queues :
2015-03-11 @ 17:10:14  ExcelImageQueuedWorkFlow.DisconnectWorkFlow.Reconnect
2015-03-11 @ 17:10:18  Executing Single Worker : ImageWorker
2015-03-11 @ 17:10:18  Image Convertion successful!
2015-03-11 @ 17:10:18  Executing worker : ImageWorker - Success
2015-03-11 @ 17:10:23  Executing Single Worker : ImageWorker
2015-03-11 @ 17:10:23  Executing worker : ImageWorker - Failed
2015-03-11 @ 17:11:51  Starting new Service Console Session!
2015-03-11 @ 17:11:51  Running Exchanges :
2015-03-11 @ 17:11:51  publisher_01
2015-03-11 @ 17:11:51  Running Queues :
2015-03-11 @ 17:11:51  ExcelImageQueuedWorkFlow.DisconnectWorkFlow.Reconnect
2015-03-11 @ 17:11:53  Executing Single Worker : ImageWorker
2015-03-11 @ 17:11:53  Image Convertion successful!
2015-03-11 @ 17:11:53  Executing worker : ImageWorker - Success
2015-03-11 @ 17:11:58  Executing Single Worker : ImageWorker
2015-03-11 @ 17:11:58  Executing worker : ImageWorker - Failed
2015-03-11 @ 17:13:15  Starting new Service Console Session!
2015-03-11 @ 17:13:15  Running Exchanges :
2015-03-11 @ 17:13:15  publisher_01
2015-03-11 @ 17:13:15  Running Queues :
2015-03-11 @ 17:13:15  ExcelImageQueuedWorkFlow.DisconnectWorkFlow.Reconnect
2015-03-11 @ 17:13:18  Executing Single Worker : ImageWorker
2015-03-11 @ 17:13:18  Image Convertion successful!
2015-03-11 @ 17:13:18  Executing worker : ImageWorker - Success
2015-03-11 @ 17:13:18  Executing Single Worker : ImageWorker
2015-03-11 @ 17:13:18  Image Convertion successful!
2015-03-11 @ 17:13:18  Executing worker : ImageWorker - Success
2015-03-11 @ 17:13:55  Starting new Service Console Session!
2015-03-11 @ 17:13:55  Running Exchanges :
2015-03-11 @ 17:13:55  publisher_01
2015-03-11 @ 17:13:55  Running Queues :
2015-03-11 @ 17:13:55  WorkFlow.ReconnectWorkFlow.DisconnectExcelImageQueued
2015-03-11 @ 17:13:57  Executing Single Worker : ImageWorker
2015-03-11 @ 17:13:57  Image Convertion successful!
2015-03-11 @ 17:13:57  Executing worker : ImageWorker - Success
2015-03-11 @ 17:13:57  Executing Single Worker : ImageWorker
2015-03-11 @ 17:13:57  Image Convertion successful!
2015-03-11 @ 17:13:57  Executing worker : ImageWorker - Success
2015-03-11 @ 17:15:05  Starting new Service Console Session!
2015-03-11 @ 17:15:05  Running Exchanges :
2015-03-11 @ 17:15:05  publisher_01
2015-03-11 @ 17:15:05  Running Queues :
2015-03-11 @ 17:15:05  ExcelImageQueuedWorkFlow.DisconnectWorkFlow.Reconnect
2015-03-11 @ 17:15:11  Executing Single Worker : ImageWorker
2015-03-11 @ 17:15:11  Image Convertion successful!
2015-03-11 @ 17:15:11  Executing worker : ImageWorker - Success
2015-03-11 @ 17:15:12  Executing Single Worker : ImageWorker
2015-03-11 @ 17:15:12  Executing worker : ImageWorker - Failed
2015-03-11 @ 17:17:51  Starting new Service Console Session!
2015-03-11 @ 17:17:51  Running Exchanges :
2015-03-11 @ 17:17:51  publisher_01
2015-03-11 @ 17:17:51  Running Queues :
2015-03-11 @ 17:17:51  ExcelImageQueuedWorkFlow.DisconnectWorkFlow.Reconnect
2015-03-11 @ 17:17:55  Executing Single Worker : ImageWorker
2015-03-11 @ 17:17:55  Image Convertion successful!
2015-03-11 @ 17:17:55  Executing worker : ImageWorker - Success
2015-03-11 @ 17:17:55  Executing Single Worker : ImageWorker
2015-03-11 @ 17:17:55  Image Convertion successful!
2015-03-11 @ 17:17:55  Executing worker : ImageWorker - Success
2015-03-11 @ 17:20:54  Starting new Service Console Session!
2015-03-11 @ 17:20:54  Running Exchanges :
2015-03-11 @ 17:20:54  publisher_01
2015-03-11 @ 17:20:54  Running Queues :
2015-03-11 @ 17:20:54  ExcelImageQueuedWorkFlow.ReconnectWorkFlow.Disconnect
2015-03-11 @ 17:21:00  Starting new Service Console Session!
2015-03-11 @ 17:21:00  Running Exchanges :
2015-03-11 @ 17:21:00  publisher_01
2015-03-11 @ 17:21:00  Running Queues :
2015-03-11 @ 17:21:00  ExcelImageQueuedWorkFlow.ReconnectWorkFlow.Disconnect
2015-03-11 @ 17:21:12  Executing Single Worker : ImageWorker
2015-03-11 @ 17:21:12  Image Convertion successful!
2015-03-11 @ 17:21:12  Executing worker : ImageWorker - Success
2015-03-11 @ 17:21:12  Executing Single Worker : ImageWorker
2015-03-11 @ 17:21:13  Image Convertion successful!
2015-03-11 @ 17:21:13  Executing worker : ImageWorker - Success
2015-03-11 @ 17:21:29  Executing Single Worker : ImageWorker
2015-03-11 @ 17:21:30  Image Convertion successful!
2015-03-11 @ 17:21:30  Executing worker : ImageWorker - Success
2015-03-11 @ 17:21:38  Executing Single Worker : ImageWorker
2015-03-11 @ 17:21:38  Image Convertion successful!
2015-03-11 @ 17:21:38  Executing worker : ImageWorker - Success
2015-03-11 @ 17:22:43  Executing Single Worker : ImageWorker
2015-03-11 @ 17:23:22  Starting new Service Console Session!
2015-03-11 @ 17:23:22  Running Exchanges :
2015-03-11 @ 17:23:22  publisher_01
2015-03-11 @ 17:23:22  Running Queues :
2015-03-11 @ 17:23:22  WorkFlow.ReconnectWorkFlow.DisconnectExcelImageQueued
2015-03-11 @ 17:23:25  Executing Single Worker : ImageWorker
2015-03-11 @ 17:23:26  Image Convertion successful!
2015-03-11 @ 17:23:26  Executing worker : ImageWorker - Success
2015-03-11 @ 17:24:06  Starting new Service Console Session!
2015-03-11 @ 17:24:06  Running Exchanges :
2015-03-11 @ 17:24:06  publisher_01
2015-03-11 @ 17:24:06  Running Queues :
2015-03-11 @ 17:24:06  ExcelImageQueuedWorkFlow.DisconnectWorkFlow.Reconnect
2015-03-11 @ 17:24:10  Executing Single Worker : ImageWorker
2015-03-11 @ 17:24:11  Image Convertion successful!
2015-03-11 @ 17:24:11  Executing worker : ImageWorker - Success
2015-03-11 @ 17:27:54  Executing Single Worker : ImageWorker
2015-03-11 @ 17:27:55  Image Convertion successful!
2015-03-11 @ 17:27:55  Executing worker : ImageWorker - Success
2015-03-19 @ 10:35:30  Starting new Service Console Session!
2015-03-19 @ 10:35:30  Running Exchanges :
2015-03-19 @ 10:35:30  publisher_01
2015-03-19 @ 10:35:30  Running Queues :
2015-03-19 @ 10:35:30  ExcelImageQueued
2015-03-19 @ 10:37:10  Executing Single Worker : ImageWorker
2015-03-19 @ 10:37:10  Image Convertion successful!
2015-03-19 @ 10:37:10  Executing worker : ImageWorker - Success
2015-03-19 @ 10:40:30  Starting new Service Console Session!
2015-03-19 @ 10:40:30  Running Exchanges :
2015-03-19 @ 10:40:30  publisher_01
2015-03-19 @ 10:40:30  Running Queues :
2015-03-19 @ 10:40:30  ExcelImageQueued
2015-03-19 @ 10:50:38  Starting new Service Console Session!
2015-03-19 @ 10:50:39  Running Exchanges :
2015-03-19 @ 10:50:39  publisher_01
2015-03-19 @ 10:50:39  Running Queues :
2015-03-19 @ 10:50:39  ImageQueuedExcel
2015-03-19 @ 10:51:37  Executing Single Worker : ImageWorker
2015-03-19 @ 10:51:37  Image Convertion successful!
2015-03-19 @ 10:51:37  Executing worker : ImageWorker - Success
2015-03-19 @ 10:51:57  Executing Single Worker : ImageWorker
2015-03-19 @ 10:51:57  Image Convertion successful!
2015-03-19 @ 10:51:57  Executing worker : ImageWorker - Success
2015-03-19 @ 10:53:56  Starting new Service Console Session!
2015-03-19 @ 10:53:56  Running Exchanges :
2015-03-19 @ 10:53:56  publisher_01
2015-03-19 @ 10:53:56  Running Queues :
2015-03-19 @ 10:53:56  ExcelImageQueued
2015-03-19 @ 10:53:59  Executing Single Worker : ImageWorker
2015-03-19 @ 10:54:00  Image Convertion successful!
2015-03-19 @ 10:54:00  Executing worker : ImageWorker - Success
2015-03-19 @ 10:58:01  Starting new Service Console Session!
2015-03-19 @ 10:58:02  Running Exchanges :
2015-03-19 @ 10:58:02  publisher_01
2015-03-19 @ 10:58:02  Running Queues :
2015-03-19 @ 10:58:02  ExcelImageQueued
2015-03-19 @ 10:58:26  Executing Single Worker : ImageWorker
2015-03-19 @ 10:58:26  Image Convertion successful!
2015-03-19 @ 10:58:26  Executing worker : ImageWorker - Success
2015-03-19 @ 11:09:28  Starting new Service Console Session!
2015-03-19 @ 11:09:28  Running Exchanges :
2015-03-19 @ 11:09:28  publisher_01
2015-03-19 @ 11:09:28  Running Queues :
2015-03-19 @ 11:09:28  ExcelImageQueued
2015-03-19 @ 11:09:36  Executing Single Worker : ImageWorker
2015-03-19 @ 11:09:36  Image Convertion successful!
2015-03-19 @ 11:09:36  Executing worker : ImageWorker - Success
2015-03-19 @ 11:09:36  Successfully Completed service run!
2015-03-19 @ 11:09:36  Image Convertion successful!
2015-03-19 @ 11:09:49  Executing Single Worker : ImageWorker
2015-03-19 @ 11:09:49  Image Convertion successful!
2015-03-19 @ 11:09:49  Executing worker : ImageWorker - Success
2015-03-19 @ 11:09:49  Successfully Completed service run!
2015-03-19 @ 11:09:49  Image Convertion successful!
2015-03-19 @ 11:09:52  Executing Single Worker : ImageWorker
2015-03-19 @ 11:09:52  Image Convertion successful!
2015-03-19 @ 11:09:52  Executing worker : ImageWorker - Success
2015-03-19 @ 11:09:52  Successfully Completed service run!
2015-03-19 @ 11:09:52  Image Convertion successful!
2015-03-19 @ 11:09:53  Executing Single Worker : ImageWorker
2015-03-19 @ 11:09:53  Image Convertion successful!
2015-03-19 @ 11:09:53  Executing worker : ImageWorker - Success
2015-03-19 @ 11:09:53  Successfully Completed service run!
2015-03-19 @ 11:09:53  Image Convertion successful!
2015-03-19 @ 11:09:58  Executing Single Worker : ImageWorker
2015-03-19 @ 11:09:58  Image Convertion successful!
2015-03-19 @ 11:09:58  Executing worker : ImageWorker - Success
2015-03-19 @ 11:09:58  Successfully Completed service run!
2015-03-19 @ 11:09:58  Image Convertion successful!
2015-03-19 @ 11:09:59  Executing Single Worker : ImageWorker
2015-03-19 @ 11:10:00  Image Convertion successful!
2015-03-19 @ 11:10:00  Executing worker : ImageWorker - Success
2015-03-19 @ 11:10:00  Successfully Completed service run!
2015-03-19 @ 11:10:00  Image Convertion successful!
2015-03-19 @ 11:10:00  Executing Single Worker : ImageWorker
2015-03-19 @ 11:10:01  Image Convertion successful!
2015-03-19 @ 11:10:01  Executing worker : ImageWorker - Success
2015-03-19 @ 11:10:01  Successfully Completed service run!
2015-03-19 @ 11:10:01  Image Convertion successful!
2015-03-19 @ 11:10:01  Executing Single Worker : ImageWorker
2015-03-19 @ 11:10:02  Image Convertion successful!
2015-03-19 @ 11:10:02  Executing worker : ImageWorker - Success
2015-03-19 @ 11:10:02  Successfully Completed service run!
2015-03-19 @ 11:10:02  Image Convertion successful!
2015-03-19 @ 11:10:02  Executing Single Worker : ImageWorker
2015-03-19 @ 11:10:03  Image Convertion successful!
2015-03-19 @ 11:10:03  Executing worker : ImageWorker - Success
2015-03-19 @ 11:10:03  Successfully Completed service run!
2015-03-19 @ 11:10:03  Image Convertion successful!
