2015-10-08 @ 03:36:25
Starting replicated storage engine
2015-10-08 @ 03:36:25
Getting settings for get all
2015-10-08 @ 03:36:25
Executing repository : MYSQL DB
2015-10-08 @ 03:36:25
Starting GET-ALL
2015-10-08 @ 03:36:25
Successfully created connection to MySql!
2015-10-08 @ 03:36:25
Checking if Database _duosoftwarecom is available.
2015-10-08 @ 03:36:25
Successfully retrieved values for all objects in MySQL
2015-10-08 @ 03:36:25
Creation of domain matched Schema Successful
2015-10-08 @ 03:36:25
Reusing existing MySQL connection
2015-10-08 @ 03:36:26
Executing repository : MYSQL DB - Success
