2016-01-13 @ 11:12:08  Starting replicated storage engine
2016-01-13 @ 11:13:05  Starting replicated storage engine
2016-01-13 @ 11:47:37  Starting replicated storage engine
2016-01-13 @ 11:47:37  Getting settings for get by keyword
2016-01-13 @ 11:47:37  Executing repository : CloudSQL
2016-01-13 @ 11:47:37  select * from _comduosoftwarecustomer.account;
2016-01-13 @ 11:47:37  Executing repository : CloudSQL - Success
2016-01-13 @ 11:47:37  Executing repository : CloudSQL
2016-01-13 @ 11:47:37  select * from _comduosoftwarecustomer.account;
2016-01-13 @ 11:47:37  Executing repository : CloudSQL - Success
2016-01-13 @ 11:49:28  Starting replicated storage engine
2016-01-13 @ 11:49:28  Getting settings for get by keyword
2016-01-13 @ 11:49:28  Executing repository : CloudSQL
2016-01-13 @ 11:49:28  select * from _comduosoftwarecustomer.account;
2016-01-13 @ 11:49:28  Executing repository : CloudSQL - Success
2016-01-13 @ 11:49:28  Executing repository : CloudSQL
2016-01-13 @ 11:49:28  select * from _comduosoftwarecustomer.account;
2016-01-13 @ 11:49:28  Executing repository : CloudSQL - Success
2016-01-13 @ 11:49:28  Starting replicated storage engine
2016-01-13 @ 11:49:28  Getting settings for single insert
2016-01-13 @ 11:49:28  Executing repository : CloudSQL
2016-01-13 @ 11:49:29  Executing repository : CloudSQL - Success
2016-01-13 @ 11:51:08  Starting replicated storage engine
2016-01-13 @ 11:51:08  Getting settings for get by keyword
2016-01-13 @ 11:51:08  Executing repository : CloudSQL
2016-01-13 @ 11:51:08  select * from _comduosoftwarecustomer.account;
2016-01-13 @ 11:51:08  Executing repository : CloudSQL - Success
2016-01-13 @ 11:51:08  Executing repository : CloudSQL
2016-01-13 @ 11:51:08  select * from _comduosoftwarecustomer.account;
2016-01-13 @ 11:51:08  Executing repository : CloudSQL - Success
2016-01-13 @ 11:52:46  Starting replicated storage engine
2016-01-13 @ 11:52:46  Getting settings for get by keyword
2016-01-13 @ 11:52:46  Executing repository : CloudSQL
2016-01-13 @ 11:52:46  select * from _comduosoftwarecustomer.account;
2016-01-13 @ 11:52:46  Executing repository : CloudSQL - Success
2016-01-13 @ 11:52:46  Executing repository : CloudSQL
2016-01-13 @ 11:52:46  select * from _comduosoftwarecustomer.account;
2016-01-13 @ 11:52:46  Executing repository : CloudSQL - Success
2016-01-13 @ 11:53:55  Starting replicated storage engine
2016-01-13 @ 11:53:55  Getting settings for get by keyword
2016-01-13 @ 11:53:55  Executing repository : CloudSQL
2016-01-13 @ 11:53:55  select * from _reportserver.asdf;
2016-01-13 @ 11:53:55  Executing repository : CloudSQL - Success
2016-01-13 @ 11:53:55  Executing repository : CloudSQL
2016-01-13 @ 11:53:55  select * from _reportserver.asdf;
2016-01-13 @ 11:53:55  Executing repository : CloudSQL - Success
2016-01-13 @ 11:54:28  Starting replicated storage engine
2016-01-13 @ 11:54:28  Getting settings for get by keyword
2016-01-13 @ 11:54:28  Executing repository : CloudSQL
2016-01-13 @ 11:54:28  select * from _reportserver.asdf;
2016-01-13 @ 11:54:28  Executing repository : CloudSQL - Success
2016-01-13 @ 11:54:28  Executing repository : CloudSQL
2016-01-13 @ 11:54:28  select * from _reportserver.asdf;
2016-01-13 @ 11:54:28  Executing repository : CloudSQL - Success
2016-01-13 @ 11:55:16  Starting replicated storage engine
2016-01-13 @ 11:55:16  Getting settings for get by key
2016-01-13 @ 11:55:16  Executing repository : CloudSQL
2016-01-13 @ 11:55:16  Executing repository : CloudSQL - Success
2016-01-13 @ 14:28:58  Starting replicated storage engine
2016-01-13 @ 14:28:58  Getting settings for get by key
2016-01-13 @ 14:28:58  Executing repository : CloudSQL
2016-01-13 @ 14:28:58  Executing repository : CloudSQL - Success
2016-01-13 @ 14:29:50  Starting replicated storage engine
2016-01-13 @ 14:29:50  Getting settings for get by key
2016-01-13 @ 14:29:50  Executing repository : CloudSQL
2016-01-13 @ 14:29:50  Executing repository : CloudSQL - Success
2016-01-13 @ 14:59:01  Starting replicated storage engine
2016-01-13 @ 14:59:01  Getting settings for get by key
2016-01-13 @ 14:59:01  Executing repository : CloudSQL
2016-01-13 @ 14:59:01  Executing repository : CloudSQL - Success
2016-01-13 @ 14:59:01  Starting replicated storage engine
2016-01-13 @ 14:59:01  Getting settings for get by key
2016-01-13 @ 14:59:01  Executing repository : CloudSQL
2016-01-13 @ 14:59:01  Executing repository : CloudSQL - Success
2016-01-13 @ 15:00:12  Starting replicated storage engine
2016-01-13 @ 15:00:12  Getting settings for get by key
2016-01-13 @ 15:00:12  Executing repository : CloudSQL
2016-01-13 @ 15:00:12  Executing repository : CloudSQL - Success
2016-01-13 @ 15:00:12  Starting replicated storage engine
2016-01-13 @ 15:00:12  Getting settings for get by key
2016-01-13 @ 15:00:12  Executing repository : CloudSQL
2016-01-13 @ 15:00:12  Executing repository : CloudSQL - Success
2016-01-13 @ 15:01:15  Starting replicated storage engine
2016-01-13 @ 15:01:15  Getting settings for get by key
2016-01-13 @ 15:01:15  Executing repository : CloudSQL
2016-01-13 @ 15:01:15  Executing repository : CloudSQL - Success
2016-01-13 @ 15:01:15  Starting replicated storage engine
2016-01-13 @ 15:01:15  Getting settings for get by key
2016-01-13 @ 15:01:15  Executing repository : CloudSQL
2016-01-13 @ 15:01:15  Executing repository : CloudSQL - Success
2016-01-13 @ 15:01:45  Starting replicated storage engine
2016-01-13 @ 15:01:45  Getting settings for get by key
2016-01-13 @ 15:01:45  Executing repository : CloudSQL
2016-01-13 @ 15:01:45  Executing repository : CloudSQL - Success
2016-01-13 @ 15:01:45  Starting replicated storage engine
2016-01-13 @ 15:01:45  Getting settings for get by key
2016-01-13 @ 15:01:45  Executing repository : CloudSQL
2016-01-13 @ 15:01:45  Executing repository : CloudSQL - Success
2016-01-13 @ 15:02:21  Starting replicated storage engine
2016-01-13 @ 15:02:21  Getting settings for get by key
2016-01-13 @ 15:02:21  Executing repository : CloudSQL
2016-01-13 @ 15:02:21  Executing repository : CloudSQL - Success
2016-01-13 @ 15:02:21  Starting replicated storage engine
2016-01-13 @ 15:02:21  Getting settings for get by key
2016-01-13 @ 15:02:21  Executing repository : CloudSQL
2016-01-13 @ 15:02:21  Executing repository : CloudSQL - Success
2016-01-13 @ 15:03:56  Starting replicated storage engine
2016-01-13 @ 15:03:56  Getting settings for get by key
2016-01-13 @ 15:03:56  Executing repository : CloudSQL
2016-01-13 @ 15:03:56  Executing repository : CloudSQL - Success
2016-01-13 @ 15:03:56  Starting replicated storage engine
2016-01-13 @ 15:03:56  Getting settings for get by key
2016-01-13 @ 15:03:56  Executing repository : CloudSQL
2016-01-13 @ 15:03:56  Executing repository : CloudSQL - Success
2016-01-13 @ 15:04:06  Starting replicated storage engine
2016-01-13 @ 15:04:06  Getting settings for get by key
2016-01-13 @ 15:04:06  Executing repository : CloudSQL
2016-01-13 @ 15:04:06  Executing repository : CloudSQL - Success
2016-01-13 @ 15:04:06  Starting replicated storage engine
2016-01-13 @ 15:04:06  Getting settings for get by key
2016-01-13 @ 15:04:06  Executing repository : CloudSQL
2016-01-13 @ 15:04:06  Executing repository : CloudSQL - Success
2016-01-13 @ 15:04:08  Starting replicated storage engine
2016-01-13 @ 15:04:08  Getting settings for get by key
2016-01-13 @ 15:04:08  Executing repository : CloudSQL
2016-01-13 @ 15:04:08  Executing repository : CloudSQL - Success
2016-01-13 @ 15:04:08  Starting replicated storage engine
2016-01-13 @ 15:04:08  Getting settings for get by key
2016-01-13 @ 15:04:08  Executing repository : CloudSQL
2016-01-13 @ 15:04:08  Executing repository : CloudSQL - Success
2016-01-13 @ 15:04:09  Starting replicated storage engine
2016-01-13 @ 15:04:09  Getting settings for get by key
2016-01-13 @ 15:04:09  Executing repository : CloudSQL
2016-01-13 @ 15:04:09  Executing repository : CloudSQL - Success
2016-01-13 @ 15:04:09  Starting replicated storage engine
2016-01-13 @ 15:04:09  Getting settings for get by key
2016-01-13 @ 15:04:09  Executing repository : CloudSQL
2016-01-13 @ 15:04:09  Executing repository : CloudSQL - Success
2016-01-13 @ 15:04:10  Starting replicated storage engine
2016-01-13 @ 15:04:10  Getting settings for get by key
2016-01-13 @ 15:04:10  Executing repository : CloudSQL
2016-01-13 @ 15:04:10  Executing repository : CloudSQL - Success
2016-01-13 @ 15:04:10  Starting replicated storage engine
2016-01-13 @ 15:04:10  Getting settings for get by key
2016-01-13 @ 15:04:10  Executing repository : CloudSQL
2016-01-13 @ 15:04:10  Executing repository : CloudSQL - Success
2016-01-13 @ 15:05:32  Starting replicated storage engine
2016-01-13 @ 15:05:32  Getting settings for get by key
2016-01-13 @ 15:05:32  Executing repository : CloudSQL
2016-01-13 @ 15:05:32  Executing repository : CloudSQL - Success
2016-01-13 @ 15:05:32  Starting replicated storage engine
2016-01-13 @ 15:05:32  Getting settings for get by key
2016-01-13 @ 15:05:32  Executing repository : CloudSQL
2016-01-13 @ 15:05:32  Executing repository : CloudSQL - Success
2016-01-13 @ 15:05:34  Starting replicated storage engine
2016-01-13 @ 15:05:34  Getting settings for get by key
2016-01-13 @ 15:05:34  Executing repository : CloudSQL
2016-01-13 @ 15:05:34  Executing repository : CloudSQL - Success
2016-01-13 @ 15:05:34  Starting replicated storage engine
2016-01-13 @ 15:05:34  Getting settings for get by key
2016-01-13 @ 15:05:34  Executing repository : CloudSQL
2016-01-13 @ 15:05:34  Executing repository : CloudSQL - Success
2016-01-13 @ 15:05:35  Starting replicated storage engine
2016-01-13 @ 15:05:35  Getting settings for get by key
2016-01-13 @ 15:05:35  Executing repository : CloudSQL
2016-01-13 @ 15:05:35  Executing repository : CloudSQL - Success
2016-01-13 @ 15:05:35  Starting replicated storage engine
2016-01-13 @ 15:05:35  Getting settings for get by key
2016-01-13 @ 15:05:35  Executing repository : CloudSQL
2016-01-13 @ 15:05:35  Executing repository : CloudSQL - Success
2016-01-13 @ 15:05:35  Starting replicated storage engine
2016-01-13 @ 15:05:35  Getting settings for get by key
2016-01-13 @ 15:05:35  Executing repository : CloudSQL
2016-01-13 @ 15:05:35  Executing repository : CloudSQL - Success
2016-01-13 @ 15:05:35  Starting replicated storage engine
2016-01-13 @ 15:05:35  Getting settings for get by key
2016-01-13 @ 15:05:35  Executing repository : CloudSQL
2016-01-13 @ 15:05:35  Executing repository : CloudSQL - Success
2016-01-13 @ 15:05:36  Starting replicated storage engine
2016-01-13 @ 15:05:36  Getting settings for get by key
2016-01-13 @ 15:05:36  Executing repository : CloudSQL
2016-01-13 @ 15:05:36  Executing repository : CloudSQL - Success
2016-01-13 @ 15:05:36  Starting replicated storage engine
2016-01-13 @ 15:05:36  Getting settings for get by key
2016-01-13 @ 15:05:36  Executing repository : CloudSQL
2016-01-13 @ 15:05:36  Executing repository : CloudSQL - Success
2016-01-13 @ 15:05:37  Starting replicated storage engine
2016-01-13 @ 15:05:37  Getting settings for get by key
2016-01-13 @ 15:05:37  Executing repository : CloudSQL
2016-01-13 @ 15:05:37  Executing repository : CloudSQL - Success
2016-01-13 @ 15:05:37  Starting replicated storage engine
2016-01-13 @ 15:05:37  Getting settings for get by key
2016-01-13 @ 15:05:37  Executing repository : CloudSQL
2016-01-13 @ 15:05:37  Executing repository : CloudSQL - Success
2016-01-13 @ 15:05:38  Starting replicated storage engine
2016-01-13 @ 15:05:38  Getting settings for get by key
2016-01-13 @ 15:05:38  Executing repository : CloudSQL
2016-01-13 @ 15:05:38  Executing repository : CloudSQL - Success
2016-01-13 @ 15:05:38  Starting replicated storage engine
2016-01-13 @ 15:05:38  Getting settings for get by key
2016-01-13 @ 15:05:38  Executing repository : CloudSQL
2016-01-13 @ 15:05:38  Executing repository : CloudSQL - Success
2016-01-13 @ 15:05:39  Starting replicated storage engine
2016-01-13 @ 15:05:39  Getting settings for get by key
2016-01-13 @ 15:05:39  Executing repository : CloudSQL
2016-01-13 @ 15:05:39  Executing repository : CloudSQL - Success
2016-01-13 @ 15:05:39  Starting replicated storage engine
2016-01-13 @ 15:05:39  Getting settings for get by key
2016-01-13 @ 15:05:39  Executing repository : CloudSQL
2016-01-13 @ 15:05:39  Executing repository : CloudSQL - Success
2016-01-13 @ 15:07:31  Starting replicated storage engine
2016-01-13 @ 15:07:31  Getting settings for get by key
2016-01-13 @ 15:07:31  Executing repository : CloudSQL
2016-01-13 @ 15:07:31  Executing repository : CloudSQL - Success
2016-01-13 @ 15:07:31  Starting replicated storage engine
2016-01-13 @ 15:07:31  Getting settings for get by key
2016-01-13 @ 15:07:31  Executing repository : CloudSQL
2016-01-13 @ 15:07:31  Executing repository : CloudSQL - Success
2016-01-13 @ 15:07:33  Starting replicated storage engine
2016-01-13 @ 15:07:33  Getting settings for get by key
2016-01-13 @ 15:07:33  Executing repository : CloudSQL
2016-01-13 @ 15:07:33  Executing repository : CloudSQL - Success
2016-01-13 @ 15:07:33  Starting replicated storage engine
2016-01-13 @ 15:07:33  Getting settings for get by key
2016-01-13 @ 15:07:33  Executing repository : CloudSQL
2016-01-13 @ 15:07:33  Executing repository : CloudSQL - Success
2016-01-13 @ 15:08:09  Starting replicated storage engine
2016-01-13 @ 15:08:09  Getting settings for get by key
2016-01-13 @ 15:08:09  Executing repository : CloudSQL
2016-01-13 @ 15:08:09  Executing repository : CloudSQL - Success
2016-01-13 @ 15:08:09  Starting replicated storage engine
2016-01-13 @ 15:08:09  Getting settings for get by key
2016-01-13 @ 15:08:09  Executing repository : CloudSQL
2016-01-13 @ 15:08:09  Executing repository : CloudSQL - Success
2016-01-13 @ 15:08:10  Starting replicated storage engine
2016-01-13 @ 15:08:10  Getting settings for get by key
2016-01-13 @ 15:08:10  Executing repository : CloudSQL
2016-01-13 @ 15:08:10  Executing repository : CloudSQL - Success
2016-01-13 @ 15:08:10  Starting replicated storage engine
2016-01-13 @ 15:08:10  Getting settings for get by key
2016-01-13 @ 15:08:10  Executing repository : CloudSQL
2016-01-13 @ 15:08:10  Executing repository : CloudSQL - Success
