2016-04-01 @ 12:33:21  Starting replicated storage engine
2016-04-01 @ 12:33:21  Getting settings for get by key
2016-04-01 @ 12:33:27  Starting replicated storage engine
2016-04-01 @ 12:33:27  Getting settings for get by key
2016-04-01 @ 12:33:32  Starting replicated storage engine
2016-04-01 @ 12:33:32  Getting settings for get by key
2016-04-01 @ 12:33:37  Starting replicated storage engine
2016-04-01 @ 12:33:37  Getting settings for get by key
2016-04-01 @ 12:36:14  Starting replicated storage engine
2016-04-01 @ 12:36:14  Getting settings for get by filtering
2016-04-01 @ 12:41:15  Starting replicated storage engine
2016-04-01 @ 12:41:15  Getting settings for get by filtering
2016-04-01 @ 12:46:15  Starting replicated storage engine
2016-04-01 @ 12:46:15  Getting settings for get by filtering
2016-04-01 @ 12:51:15  Starting replicated storage engine
2016-04-01 @ 12:51:15  Getting settings for get by filtering
2016-04-01 @ 12:52:21  Starting replicated storage engine
2016-04-01 @ 12:52:21  Getting settings for get by keyword
2016-04-01 @ 12:54:12  Starting replicated storage engine
2016-04-01 @ 12:54:12  Getting settings for get by keyword
2016-04-01 @ 12:55:04  Starting replicated storage engine
2016-04-01 @ 12:55:04  Getting settings for get by keyword
2016-04-01 @ 12:56:00  Starting replicated storage engine
2016-04-01 @ 12:56:00  Getting settings for get by keyword
2016-04-01 @ 13:01:01  Starting replicated storage engine
2016-04-01 @ 13:01:01  Getting settings for get by keyword
2016-04-01 @ 13:06:01  Starting replicated storage engine
2016-04-01 @ 13:06:01  Getting settings for get by keyword
2016-04-01 @ 13:11:01  Starting replicated storage engine
2016-04-01 @ 13:11:01  Getting settings for get by keyword
2016-04-01 @ 13:16:01  Starting replicated storage engine
2016-04-01 @ 13:16:01  Getting settings for get by keyword
2016-04-01 @ 13:21:01  Starting replicated storage engine
2016-04-01 @ 13:21:01  Getting settings for get by keyword
2016-04-01 @ 13:26:01  Starting replicated storage engine
2016-04-01 @ 13:26:01  Getting settings for get by keyword
2016-04-01 @ 13:31:01  Starting replicated storage engine
2016-04-01 @ 13:31:01  Getting settings for get by keyword
2016-04-01 @ 13:36:01  Starting replicated storage engine
2016-04-01 @ 13:36:01  Getting settings for get by keyword
2016-04-01 @ 13:41:01  Starting replicated storage engine
2016-04-01 @ 13:41:01  Getting settings for get by keyword
2016-04-01 @ 13:46:01  Starting replicated storage engine
2016-04-01 @ 13:46:01  Getting settings for get by keyword
2016-04-01 @ 13:51:01  Starting replicated storage engine
2016-04-01 @ 13:51:01  Getting settings for get by keyword
2016-04-01 @ 13:56:01  Starting replicated storage engine
2016-04-01 @ 13:56:01  Getting settings for get by keyword
2016-04-01 @ 14:01:01  Starting replicated storage engine
2016-04-01 @ 14:01:01  Getting settings for get by keyword
2016-04-01 @ 14:06:01  Starting replicated storage engine
2016-04-01 @ 14:06:01  Getting settings for get by keyword
2016-04-01 @ 14:11:01  Starting replicated storage engine
2016-04-01 @ 14:11:01  Getting settings for get by keyword
2016-04-01 @ 14:16:01  Starting replicated storage engine
2016-04-01 @ 14:16:01  Getting settings for get by keyword
2016-04-01 @ 14:21:01  Starting replicated storage engine
2016-04-01 @ 14:21:01  Getting settings for get by keyword
2016-04-01 @ 14:26:01  Starting replicated storage engine
2016-04-01 @ 14:26:01  Getting settings for get by keyword
2016-04-01 @ 14:31:01  Starting replicated storage engine
2016-04-01 @ 14:31:01  Getting settings for get by keyword
2016-04-01 @ 14:36:01  Starting replicated storage engine
2016-04-01 @ 14:36:01  Getting settings for get by keyword
2016-04-01 @ 14:41:01  Starting replicated storage engine
2016-04-01 @ 14:41:01  Getting settings for get by keyword
2016-04-01 @ 14:46:01  Starting replicated storage engine
2016-04-01 @ 14:46:01  Getting settings for get by keyword
2016-04-01 @ 14:51:01  Starting replicated storage engine
2016-04-01 @ 14:51:01  Getting settings for get by keyword
2016-04-01 @ 14:56:01  Starting replicated storage engine
2016-04-01 @ 14:56:01  Getting settings for get by keyword
2016-04-01 @ 15:01:01  Starting replicated storage engine
2016-04-01 @ 15:01:01  Getting settings for get by keyword
2016-04-01 @ 15:06:01  Starting replicated storage engine
2016-04-01 @ 15:06:01  Getting settings for get by keyword
2016-04-01 @ 15:11:01  Starting replicated storage engine
2016-04-01 @ 15:11:01  Getting settings for get by keyword
2016-04-01 @ 15:16:01  Starting replicated storage engine
2016-04-01 @ 15:16:01  Getting settings for get by keyword
2016-04-01 @ 15:21:01  Starting replicated storage engine
2016-04-01 @ 15:21:01  Getting settings for get by keyword
2016-04-01 @ 15:26:01  Starting replicated storage engine
2016-04-01 @ 15:26:01  Getting settings for get by keyword
2016-04-01 @ 15:31:01  Starting replicated storage engine
2016-04-01 @ 15:31:01  Getting settings for get by keyword
2016-04-01 @ 15:36:01  Starting replicated storage engine
2016-04-01 @ 15:36:01  Getting settings for get by keyword
2016-04-01 @ 15:41:01  Starting replicated storage engine
2016-04-01 @ 15:41:01  Getting settings for get by keyword
2016-04-01 @ 15:46:01  Starting replicated storage engine
2016-04-01 @ 15:46:01  Getting settings for get by keyword
2016-04-01 @ 15:51:01  Starting replicated storage engine
2016-04-01 @ 15:51:01  Getting settings for get by keyword
2016-04-01 @ 15:56:01  Starting replicated storage engine
2016-04-01 @ 15:56:01  Getting settings for get by keyword
2016-04-01 @ 16:01:01  Starting replicated storage engine
2016-04-01 @ 16:01:01  Getting settings for get by keyword
2016-04-01 @ 16:06:01  Starting replicated storage engine
2016-04-01 @ 16:06:01  Getting settings for get by keyword
2016-04-01 @ 16:11:01  Starting replicated storage engine
2016-04-01 @ 16:11:01  Getting settings for get by keyword
2016-04-01 @ 16:16:01  Starting replicated storage engine
2016-04-01 @ 16:16:01  Getting settings for get by keyword
2016-04-01 @ 16:21:01  Starting replicated storage engine
2016-04-01 @ 16:21:01  Getting settings for get by keyword
2016-04-01 @ 16:26:01  Starting replicated storage engine
2016-04-01 @ 16:26:01  Getting settings for get by keyword
2016-04-01 @ 16:31:01  Starting replicated storage engine
2016-04-01 @ 16:31:01  Getting settings for get by keyword
2016-04-01 @ 16:36:01  Starting replicated storage engine
2016-04-01 @ 16:36:01  Getting settings for get by keyword
2016-04-01 @ 16:41:01  Starting replicated storage engine
2016-04-01 @ 16:41:01  Getting settings for get by keyword
2016-04-05 @ 09:31:54  Starting replicated storage engine
2016-04-05 @ 09:31:54  Getting settings for get by keyword
2016-04-05 @ 09:33:36  Starting replicated storage engine
2016-04-05 @ 09:33:36  Getting settings for get by keyword
2016-04-05 @ 09:35:23  Starting replicated storage engine
2016-04-05 @ 09:35:23  Getting settings for get by keyword
2016-04-05 @ 09:35:55  Starting replicated storage engine
2016-04-05 @ 09:35:55  Getting settings for get by filtering
2016-04-05 @ 10:20:12  Starting replicated storage engine
2016-04-05 @ 10:20:12  Getting settings for get by filtering
2016-04-05 @ 10:22:56  Starting replicated storage engine
2016-04-05 @ 10:22:56  Getting settings for get by filtering
2016-04-05 @ 10:30:28  Starting replicated storage engine
2016-04-05 @ 10:30:28  Getting settings for get by filtering
2016-04-05 @ 10:50:07  Starting replicated storage engine
2016-04-05 @ 10:50:07  Getting settings for get by filtering
2016-04-05 @ 10:51:36  Starting replicated storage engine
2016-04-05 @ 10:51:36  Getting settings for get by filtering
2016-04-05 @ 10:57:33  Starting replicated storage engine
2016-04-05 @ 10:57:33  Getting settings for get by filtering
2016-04-05 @ 10:58:56  Starting replicated storage engine
2016-04-05 @ 10:58:56  Getting settings for get by filtering
2016-04-05 @ 10:58:57  Starting replicated storage engine
2016-04-05 @ 10:58:57  Getting settings for single delete
2016-04-05 @ 11:02:19  Starting replicated storage engine
2016-04-05 @ 11:02:19  Getting settings for get by filtering
2016-04-05 @ 11:04:25  Starting replicated storage engine
2016-04-05 @ 11:04:25  Getting settings for get by filtering
2016-04-05 @ 11:06:20  Starting replicated storage engine
2016-04-05 @ 11:06:20  Getting settings for get by filtering
2016-04-05 @ 11:08:28  Starting replicated storage engine
2016-04-05 @ 11:08:28  Getting settings for get by filtering
2016-04-05 @ 11:10:26  Starting replicated storage engine
2016-04-05 @ 11:10:26  Getting settings for get by filtering
2016-04-05 @ 11:15:34  Starting replicated storage engine
2016-04-05 @ 11:15:34  Getting settings for get by filtering
2016-04-05 @ 11:17:50  Starting replicated storage engine
2016-04-05 @ 11:17:50  Getting settings for get by filtering
2016-04-05 @ 11:20:03  Starting replicated storage engine
2016-04-05 @ 11:20:03  Getting settings for get by filtering
2016-04-05 @ 11:20:04  Starting replicated storage engine
2016-04-05 @ 11:20:04  Getting settings for single delete
2016-04-05 @ 11:22:53  Starting replicated storage engine
2016-04-05 @ 11:22:53  Getting settings for get by filtering
2016-04-05 @ 11:24:54  Starting replicated storage engine
2016-04-05 @ 11:24:54  Getting settings for get by filtering
2016-04-05 @ 11:30:28  Starting replicated storage engine
2016-04-05 @ 11:30:28  Getting settings for get by filtering
2016-04-05 @ 11:30:28  Starting replicated storage engine
2016-04-05 @ 11:30:28  Getting settings for single delete
2016-04-05 @ 11:37:18  Starting replicated storage engine
2016-04-05 @ 11:37:18  Getting settings for get by filtering
2016-04-05 @ 11:54:45  Starting replicated storage engine
2016-04-05 @ 11:54:45  Getting settings for get by filtering
2016-04-05 @ 11:59:12  Starting replicated storage engine
2016-04-05 @ 11:59:12  Getting settings for get by filtering
2016-04-05 @ 11:59:12  Starting replicated storage engine
2016-04-05 @ 11:59:12  Getting settings for single delete
2016-04-05 @ 12:03:37  Starting replicated storage engine
2016-04-05 @ 12:03:37  Getting settings for get by filtering
2016-04-05 @ 12:04:16  Starting replicated storage engine
2016-04-05 @ 12:04:16  Getting settings for get by filtering
2016-04-05 @ 12:04:16  Starting replicated storage engine
2016-04-05 @ 12:04:16  Getting settings for single delete
2016-04-05 @ 12:06:07  Starting replicated storage engine
2016-04-05 @ 12:06:07  Getting settings for get by filtering
2016-04-05 @ 12:06:07  Starting replicated storage engine
2016-04-05 @ 12:06:07  Getting settings for single delete
2016-04-05 @ 12:06:32  Starting replicated storage engine
2016-04-05 @ 12:06:32  Getting settings for get by filtering
2016-04-05 @ 12:06:57  Starting replicated storage engine
2016-04-05 @ 12:06:57  Getting settings for get by filtering
2016-04-05 @ 12:07:22  Starting replicated storage engine
2016-04-05 @ 12:07:22  Getting settings for get by filtering
2016-04-05 @ 12:23:57  Starting replicated storage engine
2016-04-05 @ 12:23:57  Getting settings for get by filtering
2016-04-05 @ 12:23:57  Starting replicated storage engine
2016-04-05 @ 12:23:57  Getting settings for single delete
2016-04-05 @ 12:24:22  Starting replicated storage engine
2016-04-05 @ 12:24:22  Getting settings for get by filtering
2016-04-05 @ 12:26:12  Starting replicated storage engine
2016-04-05 @ 12:26:12  Getting settings for get by filtering
2016-04-05 @ 12:27:07  Starting replicated storage engine
2016-04-05 @ 12:27:07  Getting settings for get by filtering
2016-04-05 @ 12:27:07  Starting replicated storage engine
2016-04-05 @ 12:27:07  Getting settings for single delete
2016-04-05 @ 12:30:55  Starting replicated storage engine
2016-04-05 @ 12:30:55  Getting settings for get by filtering
2016-04-05 @ 12:30:57  Starting replicated storage engine
2016-04-05 @ 12:30:57  Getting settings for single delete
2016-04-05 @ 12:31:23  Starting replicated storage engine
2016-04-05 @ 12:31:23  Getting settings for get by filtering
2016-04-05 @ 12:31:48  Starting replicated storage engine
2016-04-05 @ 12:31:48  Getting settings for get by filtering
2016-04-05 @ 12:32:13  Starting replicated storage engine
2016-04-05 @ 12:32:13  Getting settings for get by filtering
2016-04-05 @ 12:32:38  Starting replicated storage engine
2016-04-05 @ 12:32:38  Getting settings for get by filtering
2016-04-05 @ 12:33:03  Starting replicated storage engine
2016-04-05 @ 12:33:03  Getting settings for get by filtering
2016-04-05 @ 12:33:28  Starting replicated storage engine
2016-04-05 @ 12:33:28  Getting settings for get by filtering
2016-04-05 @ 12:33:53  Starting replicated storage engine
2016-04-05 @ 12:33:53  Getting settings for get by filtering
2016-04-05 @ 12:34:18  Starting replicated storage engine
2016-04-05 @ 12:34:18  Getting settings for get by filtering
2016-04-05 @ 12:35:51  Starting replicated storage engine
2016-04-05 @ 12:35:51  Getting settings for get by filtering
2016-04-05 @ 12:35:52  Starting replicated storage engine
2016-04-05 @ 12:35:52  Getting settings for single delete
2016-04-05 @ 13:46:21  Starting replicated storage engine
2016-04-05 @ 13:46:21  Getting settings for get by filtering
2016-04-05 @ 13:46:21  Starting replicated storage engine
2016-04-05 @ 13:46:21  Getting settings for single delete
2016-04-05 @ 13:46:46  Starting replicated storage engine
2016-04-05 @ 13:46:46  Getting settings for get by filtering
2016-04-05 @ 13:47:11  Starting replicated storage engine
2016-04-05 @ 13:47:11  Getting settings for get by filtering
2016-04-05 @ 14:12:57  Starting replicated storage engine
2016-04-05 @ 14:12:57  Getting settings for get by filtering
2016-04-05 @ 14:12:57  Starting replicated storage engine
2016-04-05 @ 14:12:57  Getting settings for single delete
2016-04-05 @ 14:17:57  Starting replicated storage engine
2016-04-05 @ 14:17:57  Getting settings for get by filtering
2016-04-05 @ 14:22:57  Starting replicated storage engine
2016-04-05 @ 14:22:57  Getting settings for get by filtering
2016-04-05 @ 14:27:57  Starting replicated storage engine
2016-04-05 @ 14:27:57  Getting settings for get by filtering
2016-04-05 @ 14:28:50  Starting replicated storage engine
2016-04-05 @ 14:28:50  Getting settings for get by filtering
2016-04-05 @ 14:28:51  Starting replicated storage engine
2016-04-05 @ 14:28:51  Getting settings for single delete
2016-04-05 @ 14:33:51  Starting replicated storage engine
2016-04-05 @ 14:33:51  Getting settings for get by filtering
2016-04-05 @ 14:38:51  Starting replicated storage engine
2016-04-05 @ 14:38:51  Getting settings for get by filtering
2016-04-05 @ 14:41:25  Starting replicated storage engine
2016-04-05 @ 14:41:25  Getting settings for get by filtering
2016-04-05 @ 14:41:25  Starting replicated storage engine
2016-04-05 @ 14:41:25  Getting settings for single delete
2016-04-05 @ 14:45:39  Starting replicated storage engine
2016-04-05 @ 14:45:39  Getting settings for get by filtering
2016-04-05 @ 14:45:39  Starting replicated storage engine
2016-04-05 @ 14:45:39  Getting settings for single delete
2016-04-05 @ 14:50:39  Starting replicated storage engine
2016-04-05 @ 14:50:39  Getting settings for get by filtering
2016-04-05 @ 14:55:39  Starting replicated storage engine
2016-04-05 @ 14:55:39  Getting settings for get by filtering
2016-04-05 @ 14:59:42  Starting replicated storage engine
2016-04-05 @ 14:59:42  Getting settings for get by filtering
2016-04-05 @ 14:59:43  Error! Can't connect to server!
2016-04-05 @ 14:59:46  Error! Can't connect to server!
2016-04-05 @ 14:59:46  Starting replicated storage engine
2016-04-05 @ 14:59:46  Getting settings for single delete
2016-04-05 @ 14:59:48  Error! Can't connect to server!
2016-04-05 @ 14:59:49  Error! Can't connect to server!
2016-04-05 @ 15:05:44  Starting replicated storage engine
2016-04-05 @ 15:05:44  Getting settings for get by filtering
2016-04-05 @ 15:05:45  Error! Can't connect to server!
2016-04-05 @ 15:05:49  Error! Can't connect to server!
2016-04-05 @ 15:05:49  Starting replicated storage engine
2016-04-05 @ 15:05:49  Getting settings for single delete
2016-04-05 @ 15:05:51  Error! Can't connect to server!
2016-04-05 @ 15:05:52  Error! Can't connect to server!
2016-04-05 @ 15:10:52  Starting replicated storage engine
2016-04-05 @ 15:10:52  Getting settings for get by filtering
2016-04-05 @ 15:10:53  Error! Can't connect to server!
2016-04-05 @ 15:10:56  Error! Can't connect to server!
2016-04-05 @ 15:10:56  Starting replicated storage engine
2016-04-05 @ 15:10:56  Getting settings for single delete
2016-04-05 @ 15:10:57  Error! Can't connect to server!
2016-04-05 @ 15:10:58  Error! Can't connect to server!
2016-04-05 @ 15:15:52  Starting replicated storage engine
2016-04-05 @ 15:15:52  Getting settings for get by filtering
2016-04-05 @ 15:15:53  Error! Can't connect to server!
2016-04-05 @ 15:20:52  Starting replicated storage engine
2016-04-05 @ 15:20:52  Getting settings for get by filtering
2016-04-05 @ 15:20:53  Error! Can't connect to server!
2016-04-05 @ 15:25:52  Starting replicated storage engine
2016-04-05 @ 15:25:52  Getting settings for get by filtering
2016-04-05 @ 15:25:53  Error! Can't connect to server!
2016-04-05 @ 15:30:52  Starting replicated storage engine
2016-04-05 @ 15:30:52  Getting settings for get by filtering
2016-04-05 @ 15:30:53  Error! Can't connect to server!
2016-04-05 @ 15:35:52  Starting replicated storage engine
2016-04-05 @ 15:35:52  Getting settings for get by filtering
2016-04-05 @ 15:35:53  Error! Can't connect to server!
2016-04-05 @ 15:40:52  Starting replicated storage engine
2016-04-05 @ 15:40:52  Getting settings for get by filtering
2016-04-05 @ 15:40:53  Error! Can't connect to server!
2016-04-05 @ 15:42:25  Starting replicated storage engine
2016-04-05 @ 15:42:25  Getting settings for get by filtering
2016-04-05 @ 15:42:25  Starting replicated storage engine
2016-04-05 @ 15:42:25  Getting settings for single delete
2016-04-05 @ 15:44:20  Starting replicated storage engine
2016-04-05 @ 15:44:20  Getting settings for get by filtering
2016-04-05 @ 15:44:20  Starting replicated storage engine
2016-04-05 @ 15:44:20  Getting settings for single delete
2016-04-05 @ 15:49:41  Starting replicated storage engine
2016-04-05 @ 15:49:41  Getting settings for get by filtering
2016-04-05 @ 15:49:41  Starting replicated storage engine
2016-04-05 @ 15:49:41  Getting settings for single delete
2016-04-05 @ 15:54:32  Starting replicated storage engine
2016-04-05 @ 15:54:32  Getting settings for get by filtering
2016-04-05 @ 15:54:32  Starting replicated storage engine
2016-04-05 @ 15:54:32  Getting settings for single delete
2016-04-05 @ 15:56:10  Starting replicated storage engine
2016-04-05 @ 15:56:10  Getting settings for get by filtering
2016-04-05 @ 15:56:10  Starting replicated storage engine
2016-04-05 @ 15:56:10  Getting settings for single delete
2016-04-05 @ 15:57:38  Starting replicated storage engine
2016-04-05 @ 15:57:38  Getting settings for get by filtering
2016-04-05 @ 15:57:38  Starting replicated storage engine
2016-04-05 @ 15:57:38  Getting settings for single delete
2016-04-05 @ 16:02:39  Starting replicated storage engine
2016-04-05 @ 16:02:39  Getting settings for get by filtering
2016-04-05 @ 16:07:39  Starting replicated storage engine
2016-04-05 @ 16:07:39  Getting settings for get by filtering
2016-04-05 @ 16:12:39  Starting replicated storage engine
2016-04-05 @ 16:12:39  Getting settings for get by filtering
2016-04-05 @ 16:17:39  Starting replicated storage engine
2016-04-05 @ 16:17:39  Getting settings for get by filtering
2016-04-05 @ 16:22:39  Starting replicated storage engine
2016-04-05 @ 16:22:39  Getting settings for get by filtering
2016-04-05 @ 16:27:39  Starting replicated storage engine
2016-04-05 @ 16:27:39  Getting settings for get by filtering
2016-04-05 @ 16:32:39  Starting replicated storage engine
2016-04-05 @ 16:32:39  Getting settings for get by filtering
2016-04-05 @ 16:37:39  Starting replicated storage engine
2016-04-05 @ 16:37:39  Getting settings for get by filtering
2016-04-05 @ 16:42:39  Starting replicated storage engine
2016-04-05 @ 16:42:39  Getting settings for get by filtering
2016-04-05 @ 16:47:39  Starting replicated storage engine
2016-04-05 @ 16:47:39  Getting settings for get by filtering
2016-04-05 @ 16:52:39  Starting replicated storage engine
2016-04-05 @ 16:52:39  Getting settings for get by filtering
2016-04-05 @ 16:57:39  Starting replicated storage engine
2016-04-05 @ 16:57:39  Getting settings for get by filtering
2016-04-05 @ 17:02:39  Starting replicated storage engine
2016-04-05 @ 17:02:39  Getting settings for get by filtering
2016-04-05 @ 17:07:39  Starting replicated storage engine
2016-04-05 @ 17:07:39  Getting settings for get by filtering
2016-04-05 @ 17:12:39  Starting replicated storage engine
2016-04-05 @ 17:12:39  Getting settings for get by filtering
2016-04-05 @ 17:17:39  Starting replicated storage engine
2016-04-05 @ 17:17:39  Getting settings for get by filtering
2016-04-05 @ 17:22:39  Starting replicated storage engine
2016-04-05 @ 17:22:39  Getting settings for get by filtering
2016-04-05 @ 17:27:39  Starting replicated storage engine
2016-04-05 @ 17:27:39  Getting settings for get by filtering
2016-04-05 @ 17:32:39  Starting replicated storage engine
2016-04-05 @ 17:32:39  Getting settings for get by filtering
2016-04-05 @ 17:37:39  Starting replicated storage engine
2016-04-05 @ 17:37:39  Getting settings for get by filtering
2016-04-06 @ 13:01:51  Starting replicated storage engine
2016-04-06 @ 13:01:51  Getting settings for get by filtering
2016-04-06 @ 13:01:52  Error! Can't connect to server!
2016-04-06 @ 13:01:55  Error! Can't connect to server!
2016-04-06 @ 13:01:55  Starting replicated storage engine
2016-04-06 @ 13:01:55  Getting settings for single delete
2016-04-06 @ 13:01:57  Error! Can't connect to server!
2016-04-06 @ 13:01:58  Error! Can't connect to server!
2016-04-06 @ 13:06:58  Starting replicated storage engine
2016-04-06 @ 13:06:58  Getting settings for get by filtering
2016-04-06 @ 13:06:58  Error! Can't connect to server!
2016-05-23 @ 14:11:03  Starting replicated storage engine
2016-05-23 @ 14:11:03  Getting settings for get by filtering
2016-05-23 @ 14:11:04  Error! Can't connect to server!
